{"/Users/m-galloway/dev/meeting-prep/routes/auth.js": {"path":"/Users/m-galloway/dev/meeting-prep/routes/auth.js","statementMap":{"0":{"start":{"line":1,"column":16},"end":{"line":1,"column":34}},"1":{"start":{"line":2,"column":17},"end":{"line":2,"column":36}},"2":{"start":{"line":3,"column":15},"end":{"line":3,"column":31}},"3":{"start":{"line":7,"column":0},"end":{"line":7,"column":195}},"4":{"start":{"line":11,"column":0},"end":{"line":17,"column":2}},"5":{"start":{"line":15,"column":4},"end":{"line":15,"column":31}},"6":{"start":{"line":21,"column":0},"end":{"line":26,"column":3}},"7":{"start":{"line":22,"column":2},"end":{"line":25,"column":5}},"8":{"start":{"line":23,"column":4},"end":{"line":23,"column":34}},"9":{"start":{"line":23,"column":15},"end":{"line":23,"column":32}},"10":{"start":{"line":24,"column":4},"end":{"line":24,"column":22}},"11":{"start":{"line":28,"column":0},"end":{"line":28,"column":24}}},"fnMap":{"0":{"name":"(anonymous_0)","decl":{"start":{"line":14,"column":2},"end":{"line":14,"column":3}},"loc":{"start":{"line":14,"column":16},"end":{"line":16,"column":3}},"line":14},"1":{"name":"(anonymous_1)","decl":{"start":{"line":21,"column":22},"end":{"line":21,"column":23}},"loc":{"start":{"line":21,"column":42},"end":{"line":26,"column":1}},"line":21},"2":{"name":"(anonymous_2)","decl":{"start":{"line":22,"column":13},"end":{"line":22,"column":14}},"loc":{"start":{"line":22,"column":27},"end":{"line":25,"column":3}},"line":22}},"branchMap":{"0":{"loc":{"start":{"line":23,"column":4},"end":{"line":23,"column":34}},"type":"if","locations":[{"start":{"line":23,"column":4},"end":{"line":23,"column":34}},{"start":{},"end":{}}],"line":23}},"s":{"0":0,"1":0,"2":0,"3":0,"4":0,"5":0,"6":0,"7":0,"8":0,"9":0,"10":0,"11":0},"f":{"0":0,"1":0,"2":0},"b":{"0":[0,0]}}
,"/Users/m-galloway/dev/meeting-prep/routes/dashboard.js": {"path":"/Users/m-galloway/dev/meeting-prep/routes/dashboard.js","statementMap":{"0":{"start":{"line":1,"column":16},"end":{"line":1,"column":34}},"1":{"start":{"line":2,"column":15},"end":{"line":2,"column":31}},"2":{"start":{"line":3,"column":23},"end":{"line":3,"column":52}},"3":{"start":{"line":4,"column":26},"end":{"line":4,"column":64}},"4":{"start":{"line":5,"column":81},"end":{"line":5,"column":110}},"5":{"start":{"line":9,"column":0},"end":{"line":77,"column":3}},"6":{"start":{"line":10,"column":2},"end":{"line":76,"column":3}},"7":{"start":{"line":12,"column":23},"end":{"line":12,"column":60}},"8":{"start":{"line":15,"column":21},"end":{"line":15,"column":44}},"9":{"start":{"line":18,"column":26},"end":{"line":18,"column":58}},"10":{"start":{"line":21,"column":4},"end":{"line":23,"column":7}},"11":{"start":{"line":22,"column":6},"end":{"line":22,"column":24}},"12":{"start":{"line":26,"column":19},"end":{"line":32,"column":5}},"13":{"start":{"line":35,"column":4},"end":{"line":35,"column":32}},"14":{"start":{"line":38,"column":26},"end":{"line":38,"column":50}},"15":{"start":{"line":41,"column":4},"end":{"line":60,"column":7}},"16":{"start":{"line":42,"column":6},"end":{"line":59,"column":7}},"17":{"start":{"line":44,"column":8},"end":{"line":58,"column":12}},"18":{"start":{"line":44,"column":73},"end":{"line":58,"column":9}},"19":{"start":{"line":52,"column":22},"end":{"line":52,"column":39}},"20":{"start":{"line":54,"column":32},"end":{"line":54,"column":78}},"21":{"start":{"line":62,"column":4},"end":{"line":69,"column":7}},"22":{"start":{"line":71,"column":4},"end":{"line":71,"column":60}},"23":{"start":{"line":72,"column":4},"end":{"line":75,"column":7}},"24":{"start":{"line":79,"column":0},"end":{"line":79,"column":24}}},"fnMap":{"0":{"name":"(anonymous_0)","decl":{"start":{"line":9,"column":28},"end":{"line":9,"column":29}},"loc":{"start":{"line":9,"column":48},"end":{"line":77,"column":1}},"line":9},"1":{"name":"(anonymous_1)","decl":{"start":{"line":21,"column":21},"end":{"line":21,"column":22}},"loc":{"start":{"line":21,"column":28},"end":{"line":23,"column":5}},"line":21},"2":{"name":"(anonymous_2)","decl":{"start":{"line":41,"column":21},"end":{"line":41,"column":22}},"loc":{"start":{"line":41,"column":28},"end":{"line":60,"column":5}},"line":41},"3":{"name":"(anonymous_3)","decl":{"start":{"line":44,"column":63},"end":{"line":44,"column":64}},"loc":{"start":{"line":44,"column":73},"end":{"line":58,"column":9}},"line":44},"4":{"name":"(anonymous_4)","decl":{"start":{"line":52,"column":17},"end":{"line":52,"column":18}},"loc":{"start":{"line":52,"column":22},"end":{"line":52,"column":39}},"line":52},"5":{"name":"(anonymous_5)","decl":{"start":{"line":54,"column":20},"end":{"line":54,"column":21}},"loc":{"start":{"line":54,"column":32},"end":{"line":54,"column":78}},"line":54}},"branchMap":{"0":{"loc":{"start":{"line":12,"column":32},"end":{"line":12,"column":59}},"type":"binary-expr","locations":[{"start":{"line":12,"column":32},"end":{"line":12,"column":52}},{"start":{"line":12,"column":56},"end":{"line":12,"column":59}}],"line":12},"1":{"loc":{"start":{"line":42,"column":6},"end":{"line":59,"column":7}},"type":"if","locations":[{"start":{"line":42,"column":6},"end":{"line":59,"column":7}},{"start":{},"end":{}}],"line":42},"2":{"loc":{"start":{"line":52,"column":22},"end":{"line":52,"column":39}},"type":"binary-expr","locations":[{"start":{"line":52,"column":22},"end":{"line":52,"column":28}},{"start":{"line":52,"column":32},"end":{"line":52,"column":39}}],"line":52},"3":{"loc":{"start":{"line":54,"column":32},"end":{"line":54,"column":78}},"type":"binary-expr","locations":[{"start":{"line":54,"column":32},"end":{"line":54,"column":47}},{"start":{"line":54,"column":51},"end":{"line":54,"column":78}}],"line":54},"4":{"loc":{"start":{"line":74,"column":13},"end":{"line":74,"column":64}},"type":"cond-expr","locations":[{"start":{"line":74,"column":54},"end":{"line":74,"column":59}},{"start":{"line":74,"column":62},"end":{"line":74,"column":64}}],"line":74}},"s":{"0":0,"1":0,"2":0,"3":0,"4":0,"5":0,"6":0,"7":0,"8":0,"9":0,"10":0,"11":0,"12":0,"13":0,"14":0,"15":0,"16":0,"17":0,"18":0,"19":0,"20":0,"21":0,"22":0,"23":0,"24":0},"f":{"0":0,"1":0,"2":0,"3":0,"4":0,"5":0},"b":{"0":[0,0],"1":[0,0],"2":[0,0],"3":[0,0],"4":[0,0]}}
,"/Users/m-galloway/dev/meeting-prep/routes/documents.js": {"path":"/Users/m-galloway/dev/meeting-prep/routes/documents.js","statementMap":{"0":{"start":{"line":6,"column":16},"end":{"line":6,"column":34}},"1":{"start":{"line":7,"column":15},"end":{"line":7,"column":31}},"2":{"start":{"line":8,"column":23},"end":{"line":8,"column":52}},"3":{"start":{"line":9,"column":24},"end":{"line":9,"column":62}},"4":{"start":{"line":16,"column":0},"end":{"line":46,"column":3}},"5":{"start":{"line":17,"column":2},"end":{"line":45,"column":3}},"6":{"start":{"line":18,"column":24},"end":{"line":18,"column":34}},"7":{"start":{"line":21,"column":19},"end":{"line":21,"column":43}},"8":{"start":{"line":22,"column":18},"end":{"line":22,"column":52}},"9":{"start":{"line":22,"column":35},"end":{"line":22,"column":51}},"10":{"start":{"line":24,"column":4},"end":{"line":29,"column":5}},"11":{"start":{"line":25,"column":6},"end":{"line":28,"column":9}},"12":{"start":{"line":32,"column":22},"end":{"line":32,"column":81}},"13":{"start":{"line":34,"column":4},"end":{"line":37,"column":7}},"14":{"start":{"line":39,"column":4},"end":{"line":39,"column":64}},"15":{"start":{"line":40,"column":4},"end":{"line":44,"column":7}},"16":{"start":{"line":53,"column":0},"end":{"line":75,"column":3}},"17":{"start":{"line":54,"column":2},"end":{"line":74,"column":3}},"18":{"start":{"line":55,"column":27},"end":{"line":55,"column":37}},"19":{"start":{"line":58,"column":21},"end":{"line":58,"column":80}},"20":{"start":{"line":61,"column":30},"end":{"line":61,"column":78}},"21":{"start":{"line":63,"column":4},"end":{"line":66,"column":7}},"22":{"start":{"line":68,"column":4},"end":{"line":68,"column":53}},"23":{"start":{"line":69,"column":4},"end":{"line":73,"column":7}},"24":{"start":{"line":77,"column":0},"end":{"line":77,"column":24}}},"fnMap":{"0":{"name":"(anonymous_0)","decl":{"start":{"line":16,"column":53},"end":{"line":16,"column":54}},"loc":{"start":{"line":16,"column":73},"end":{"line":46,"column":1}},"line":16},"1":{"name":"(anonymous_1)","decl":{"start":{"line":22,"column":30},"end":{"line":22,"column":31}},"loc":{"start":{"line":22,"column":35},"end":{"line":22,"column":51}},"line":22},"2":{"name":"(anonymous_2)","decl":{"start":{"line":53,"column":49},"end":{"line":53,"column":50}},"loc":{"start":{"line":53,"column":69},"end":{"line":75,"column":1}},"line":53}},"branchMap":{"0":{"loc":{"start":{"line":21,"column":19},"end":{"line":21,"column":43}},"type":"binary-expr","locations":[{"start":{"line":21,"column":19},"end":{"line":21,"column":37}},{"start":{"line":21,"column":41},"end":{"line":21,"column":43}}],"line":21},"1":{"loc":{"start":{"line":24,"column":4},"end":{"line":29,"column":5}},"type":"if","locations":[{"start":{"line":24,"column":4},"end":{"line":29,"column":5}},{"start":{},"end":{}}],"line":24},"2":{"loc":{"start":{"line":43,"column":13},"end":{"line":43,"column":79}},"type":"cond-expr","locations":[{"start":{"line":43,"column":54},"end":{"line":43,"column":67}},{"start":{"line":43,"column":70},"end":{"line":43,"column":79}}],"line":43},"3":{"loc":{"start":{"line":72,"column":13},"end":{"line":72,"column":79}},"type":"cond-expr","locations":[{"start":{"line":72,"column":54},"end":{"line":72,"column":67}},{"start":{"line":72,"column":70},"end":{"line":72,"column":79}}],"line":72}},"s":{"0":0,"1":0,"2":0,"3":0,"4":0,"5":0,"6":0,"7":0,"8":0,"9":0,"10":0,"11":0,"12":0,"13":0,"14":0,"15":0,"16":0,"17":0,"18":0,"19":0,"20":0,"21":0,"22":0,"23":0,"24":0},"f":{"0":0,"1":0,"2":0},"b":{"0":[0,0],"1":[0,0],"2":[0,0],"3":[0,0]}}
,"/Users/m-galloway/dev/meeting-prep/routes/history.js": {"path":"/Users/m-galloway/dev/meeting-prep/routes/history.js","statementMap":{"0":{"start":{"line":5,"column":16},"end":{"line":5,"column":34}},"1":{"start":{"line":6,"column":15},"end":{"line":6,"column":31}},"2":{"start":{"line":7,"column":23},"end":{"line":7,"column":52}},"3":{"start":{"line":8,"column":56},"end":{"line":8,"column":82}},"4":{"start":{"line":9,"column":27},"end":{"line":9,"column":68}},"5":{"start":{"line":16,"column":0},"end":{"line":46,"column":3}},"6":{"start":{"line":17,"column":2},"end":{"line":45,"column":3}},"7":{"start":{"line":18,"column":4},"end":{"line":18,"column":99}},"8":{"start":{"line":21,"column":21},"end":{"line":24,"column":6}},"9":{"start":{"line":26,"column":4},"end":{"line":26,"column":100}},"10":{"start":{"line":29,"column":20},"end":{"line":39,"column":7}},"11":{"start":{"line":29,"column":45},"end":{"line":39,"column":5}},"12":{"start":{"line":41,"column":4},"end":{"line":41,"column":26}},"13":{"start":{"line":43,"column":4},"end":{"line":43,"column":59}},"14":{"start":{"line":44,"column":4},"end":{"line":44,"column":69}},"15":{"start":{"line":53,"column":0},"end":{"line":107,"column":3}},"16":{"start":{"line":54,"column":2},"end":{"line":106,"column":3}},"17":{"start":{"line":55,"column":26},"end":{"line":55,"column":36}},"18":{"start":{"line":56,"column":4},"end":{"line":56,"column":82}},"19":{"start":{"line":59,"column":20},"end":{"line":59,"column":70}},"20":{"start":{"line":61,"column":4},"end":{"line":63,"column":5}},"21":{"start":{"line":62,"column":6},"end":{"line":62,"column":66}},"22":{"start":{"line":66,"column":4},"end":{"line":68,"column":5}},"23":{"start":{"line":67,"column":6},"end":{"line":67,"column":62}},"24":{"start":{"line":71,"column":20},"end":{"line":71,"column":83}},"25":{"start":{"line":74,"column":18},"end":{"line":74,"column":104}},"26":{"start":{"line":77,"column":27},"end":{"line":100,"column":5}},"27":{"start":{"line":94,"column":32},"end":{"line":99,"column":7}},"28":{"start":{"line":102,"column":4},"end":{"line":102,"column":29}},"29":{"start":{"line":104,"column":4},"end":{"line":104,"column":59}},"30":{"start":{"line":105,"column":4},"end":{"line":105,"column":69}},"31":{"start":{"line":109,"column":0},"end":{"line":109,"column":24}}},"fnMap":{"0":{"name":"(anonymous_0)","decl":{"start":{"line":16,"column":28},"end":{"line":16,"column":29}},"loc":{"start":{"line":16,"column":48},"end":{"line":46,"column":1}},"line":16},"1":{"name":"(anonymous_1)","decl":{"start":{"line":29,"column":33},"end":{"line":29,"column":34}},"loc":{"start":{"line":29,"column":45},"end":{"line":39,"column":5}},"line":29},"2":{"name":"(anonymous_2)","decl":{"start":{"line":53,"column":38},"end":{"line":53,"column":39}},"loc":{"start":{"line":53,"column":58},"end":{"line":107,"column":1}},"line":53},"3":{"name":"(anonymous_3)","decl":{"start":{"line":94,"column":23},"end":{"line":94,"column":24}},"loc":{"start":{"line":94,"column":32},"end":{"line":99,"column":7}},"line":94}},"branchMap":{"0":{"loc":{"start":{"line":37,"column":17},"end":{"line":37,"column":47}},"type":"binary-expr","locations":[{"start":{"line":37,"column":17},"end":{"line":37,"column":42}},{"start":{"line":37,"column":46},"end":{"line":37,"column":47}}],"line":37},"1":{"loc":{"start":{"line":38,"column":19},"end":{"line":38,"column":51}},"type":"binary-expr","locations":[{"start":{"line":38,"column":19},"end":{"line":38,"column":46}},{"start":{"line":38,"column":50},"end":{"line":38,"column":51}}],"line":38},"2":{"loc":{"start":{"line":61,"column":4},"end":{"line":63,"column":5}},"type":"if","locations":[{"start":{"line":61,"column":4},"end":{"line":63,"column":5}},{"start":{},"end":{}}],"line":61},"3":{"loc":{"start":{"line":66,"column":4},"end":{"line":68,"column":5}},"type":"if","locations":[{"start":{"line":66,"column":4},"end":{"line":68,"column":5}},{"start":{},"end":{}}],"line":66},"4":{"loc":{"start":{"line":85,"column":17},"end":{"line":85,"column":40}},"type":"binary-expr","locations":[{"start":{"line":85,"column":17},"end":{"line":85,"column":34}},{"start":{"line":85,"column":38},"end":{"line":85,"column":40}}],"line":85},"5":{"loc":{"start":{"line":86,"column":19},"end":{"line":86,"column":44}},"type":"binary-expr","locations":[{"start":{"line":86,"column":19},"end":{"line":86,"column":38}},{"start":{"line":86,"column":42},"end":{"line":86,"column":44}}],"line":86},"6":{"loc":{"start":{"line":87,"column":15},"end":{"line":93,"column":14}},"type":"cond-expr","locations":[{"start":{"line":87,"column":25},"end":{"line":93,"column":7}},{"start":{"line":93,"column":10},"end":{"line":93,"column":14}}],"line":87},"7":{"loc":{"start":{"line":92,"column":21},"end":{"line":92,"column":46}},"type":"binary-expr","locations":[{"start":{"line":92,"column":21},"end":{"line":92,"column":40}},{"start":{"line":92,"column":44},"end":{"line":92,"column":46}}],"line":92}},"s":{"0":0,"1":0,"2":0,"3":0,"4":0,"5":0,"6":0,"7":0,"8":0,"9":0,"10":0,"11":0,"12":0,"13":0,"14":0,"15":0,"16":0,"17":0,"18":0,"19":0,"20":0,"21":0,"22":0,"23":0,"24":0,"25":0,"26":0,"27":0,"28":0,"29":0,"30":0,"31":0},"f":{"0":0,"1":0,"2":0,"3":0},"b":{"0":[0,0],"1":[0,0],"2":[0,0],"3":[0,0],"4":[0,0],"5":[0,0],"6":[0,0],"7":[0,0]}}
,"/Users/m-galloway/dev/meeting-prep/routes/index.js": {"path":"/Users/m-galloway/dev/meeting-prep/routes/index.js","statementMap":{"0":{"start":{"line":1,"column":16},"end":{"line":1,"column":34}},"1":{"start":{"line":2,"column":15},"end":{"line":2,"column":31}},"2":{"start":{"line":3,"column":24},"end":{"line":3,"column":53}},"3":{"start":{"line":7,"column":0},"end":{"line":9,"column":3}},"4":{"start":{"line":8,"column":2},"end":{"line":8,"column":22}},"5":{"start":{"line":11,"column":0},"end":{"line":11,"column":24}}},"fnMap":{"0":{"name":"(anonymous_0)","decl":{"start":{"line":7,"column":29},"end":{"line":7,"column":30}},"loc":{"start":{"line":7,"column":43},"end":{"line":9,"column":1}},"line":7}},"branchMap":{},"s":{"0":0,"1":0,"2":0,"3":0,"4":0,"5":0},"f":{"0":0},"b":{}}
,"/Users/m-galloway/dev/meeting-prep/routes/preparation.js": {"path":"/Users/m-galloway/dev/meeting-prep/routes/preparation.js","statementMap":{"0":{"start":{"line":1,"column":16},"end":{"line":1,"column":34}},"1":{"start":{"line":2,"column":15},"end":{"line":2,"column":31}},"2":{"start":{"line":3,"column":23},"end":{"line":3,"column":52}},"3":{"start":{"line":4,"column":27},"end":{"line":4,"column":68}},"4":{"start":{"line":11,"column":0},"end":{"line":47,"column":3}},"5":{"start":{"line":12,"column":2},"end":{"line":46,"column":3}},"6":{"start":{"line":13,"column":22},"end":{"line":13,"column":42}},"7":{"start":{"line":14,"column":4},"end":{"line":14,"column":92}},"8":{"start":{"line":17,"column":19},"end":{"line":23,"column":5}},"9":{"start":{"line":26,"column":4},"end":{"line":26,"column":101}},"10":{"start":{"line":27,"column":26},"end":{"line":27,"column":93}},"11":{"start":{"line":29,"column":4},"end":{"line":29,"column":95}},"12":{"start":{"line":32,"column":22},"end":{"line":32,"column":89}},"13":{"start":{"line":35,"column":21},"end":{"line":38,"column":5}},"14":{"start":{"line":40,"column":4},"end":{"line":40,"column":98}},"15":{"start":{"line":41,"column":4},"end":{"line":41,"column":23}},"16":{"start":{"line":43,"column":4},"end":{"line":43,"column":63}},"17":{"start":{"line":44,"column":4},"end":{"line":44,"column":94}},"18":{"start":{"line":45,"column":4},"end":{"line":45,"column":83}},"19":{"start":{"line":54,"column":0},"end":{"line":118,"column":3}},"20":{"start":{"line":55,"column":2},"end":{"line":117,"column":3}},"21":{"start":{"line":56,"column":22},"end":{"line":56,"column":42}},"22":{"start":{"line":57,"column":4},"end":{"line":57,"column":99}},"23":{"start":{"line":60,"column":19},"end":{"line":66,"column":5}},"24":{"start":{"line":70,"column":4},"end":{"line":70,"column":55}},"25":{"start":{"line":73,"column":4},"end":{"line":73,"column":73}},"26":{"start":{"line":74,"column":28},"end":{"line":74,"column":66}},"27":{"start":{"line":75,"column":28},"end":{"line":75,"column":66}},"28":{"start":{"line":78,"column":18},"end":{"line":78,"column":71}},"29":{"start":{"line":79,"column":4},"end":{"line":81,"column":5}},"30":{"start":{"line":80,"column":6},"end":{"line":80,"column":49}},"31":{"start":{"line":84,"column":4},"end":{"line":84,"column":66}},"32":{"start":{"line":85,"column":4},"end":{"line":85,"column":50}},"33":{"start":{"line":88,"column":22},"end":{"line":88,"column":79}},"34":{"start":{"line":89,"column":4},"end":{"line":89,"column":102}},"35":{"start":{"line":91,"column":4},"end":{"line":98,"column":5}},"36":{"start":{"line":92,"column":6},"end":{"line":92,"column":86}},"37":{"start":{"line":93,"column":6},"end":{"line":97,"column":9}},"38":{"start":{"line":94,"column":8},"end":{"line":96,"column":103}},"39":{"start":{"line":95,"column":27},"end":{"line":95,"column":103}},"40":{"start":{"line":96,"column":24},"end":{"line":96,"column":102}},"41":{"start":{"line":101,"column":4},"end":{"line":101,"column":68}},"42":{"start":{"line":102,"column":26},"end":{"line":102,"column":93}},"43":{"start":{"line":105,"column":22},"end":{"line":105,"column":89}},"44":{"start":{"line":108,"column":21},"end":{"line":111,"column":5}},"45":{"start":{"line":113,"column":4},"end":{"line":113,"column":23}},"46":{"start":{"line":115,"column":4},"end":{"line":115,"column":53}},"47":{"start":{"line":116,"column":4},"end":{"line":116,"column":65}},"48":{"start":{"line":125,"column":0},"end":{"line":139,"column":3}},"49":{"start":{"line":126,"column":2},"end":{"line":138,"column":3}},"50":{"start":{"line":127,"column":22},"end":{"line":127,"column":42}},"51":{"start":{"line":128,"column":4},"end":{"line":128,"column":96}},"52":{"start":{"line":131,"column":19},"end":{"line":131,"column":70}},"53":{"start":{"line":133,"column":4},"end":{"line":133,"column":77}},"54":{"start":{"line":134,"column":4},"end":{"line":134,"column":25}},"55":{"start":{"line":136,"column":4},"end":{"line":136,"column":63}},"56":{"start":{"line":137,"column":4},"end":{"line":137,"column":74}},"57":{"start":{"line":146,"column":0},"end":{"line":167,"column":3}},"58":{"start":{"line":147,"column":2},"end":{"line":166,"column":3}},"59":{"start":{"line":148,"column":22},"end":{"line":148,"column":42}},"60":{"start":{"line":149,"column":22},"end":{"line":149,"column":30}},"61":{"start":{"line":151,"column":4},"end":{"line":153,"column":5}},"62":{"start":{"line":152,"column":6},"end":{"line":152,"column":67}},"63":{"start":{"line":156,"column":20},"end":{"line":156,"column":95}},"64":{"start":{"line":158,"column":4},"end":{"line":162,"column":5}},"65":{"start":{"line":159,"column":6},"end":{"line":159,"column":71}},"66":{"start":{"line":161,"column":6},"end":{"line":161,"column":62}},"67":{"start":{"line":164,"column":4},"end":{"line":164,"column":48}},"68":{"start":{"line":165,"column":4},"end":{"line":165,"column":60}},"69":{"start":{"line":169,"column":0},"end":{"line":169,"column":24}}},"fnMap":{"0":{"name":"(anonymous_0)","decl":{"start":{"line":11,"column":38},"end":{"line":11,"column":39}},"loc":{"start":{"line":11,"column":58},"end":{"line":47,"column":1}},"line":11},"1":{"name":"(anonymous_1)","decl":{"start":{"line":54,"column":47},"end":{"line":54,"column":48}},"loc":{"start":{"line":54,"column":67},"end":{"line":118,"column":1}},"line":54},"2":{"name":"(anonymous_2)","decl":{"start":{"line":93,"column":38},"end":{"line":93,"column":39}},"loc":{"start":{"line":94,"column":8},"end":{"line":96,"column":103}},"line":94},"3":{"name":"(anonymous_3)","decl":{"start":{"line":95,"column":16},"end":{"line":95,"column":17}},"loc":{"start":{"line":95,"column":27},"end":{"line":95,"column":103}},"line":95},"4":{"name":"(anonymous_4)","decl":{"start":{"line":96,"column":17},"end":{"line":96,"column":18}},"loc":{"start":{"line":96,"column":24},"end":{"line":96,"column":102}},"line":96},"5":{"name":"(anonymous_5)","decl":{"start":{"line":125,"column":45},"end":{"line":125,"column":46}},"loc":{"start":{"line":125,"column":65},"end":{"line":139,"column":1}},"line":125},"6":{"name":"(anonymous_6)","decl":{"start":{"line":146,"column":45},"end":{"line":146,"column":46}},"loc":{"start":{"line":146,"column":65},"end":{"line":167,"column":1}},"line":146}},"branchMap":{"0":{"loc":{"start":{"line":79,"column":4},"end":{"line":81,"column":5}},"type":"if","locations":[{"start":{"line":79,"column":4},"end":{"line":81,"column":5}},{"start":{},"end":{}}],"line":79},"1":{"loc":{"start":{"line":89,"column":31},"end":{"line":89,"column":63}},"type":"cond-expr","locations":[{"start":{"line":89,"column":43},"end":{"line":89,"column":59}},{"start":{"line":89,"column":62},"end":{"line":89,"column":63}}],"line":89},"2":{"loc":{"start":{"line":91,"column":4},"end":{"line":98,"column":5}},"type":"if","locations":[{"start":{"line":91,"column":4},"end":{"line":98,"column":5}},{"start":{},"end":{}}],"line":91},"3":{"loc":{"start":{"line":91,"column":8},"end":{"line":91,"column":41}},"type":"binary-expr","locations":[{"start":{"line":91,"column":8},"end":{"line":91,"column":17}},{"start":{"line":91,"column":21},"end":{"line":91,"column":41}}],"line":91},"4":{"loc":{"start":{"line":151,"column":4},"end":{"line":153,"column":5}},"type":"if","locations":[{"start":{"line":151,"column":4},"end":{"line":153,"column":5}},{"start":{},"end":{}}],"line":151},"5":{"loc":{"start":{"line":158,"column":4},"end":{"line":162,"column":5}},"type":"if","locations":[{"start":{"line":158,"column":4},"end":{"line":162,"column":5}},{"start":{"line":160,"column":11},"end":{"line":162,"column":5}}],"line":158}},"s":{"0":0,"1":0,"2":0,"3":0,"4":0,"5":0,"6":0,"7":0,"8":0,"9":0,"10":0,"11":0,"12":0,"13":0,"14":0,"15":0,"16":0,"17":0,"18":0,"19":0,"20":0,"21":0,"22":0,"23":0,"24":0,"25":0,"26":0,"27":0,"28":0,"29":0,"30":0,"31":0,"32":0,"33":0,"34":0,"35":0,"36":0,"37":0,"38":0,"39":0,"40":0,"41":0,"42":0,"43":0,"44":0,"45":0,"46":0,"47":0,"48":0,"49":0,"50":0,"51":0,"52":0,"53":0,"54":0,"55":0,"56":0,"57":0,"58":0,"59":0,"60":0,"61":0,"62":0,"63":0,"64":0,"65":0,"66":0,"67":0,"68":0,"69":0},"f":{"0":0,"1":0,"2":0,"3":0,"4":0,"5":0,"6":0},"b":{"0":[0,0],"1":[0,0],"2":[0,0],"3":[0,0],"4":[0,0],"5":[0,0]}}
,"/Users/m-galloway/dev/meeting-prep/services/calendarService.js": {"path":"/Users/m-galloway/dev/meeting-prep/services/calendarService.js","statementMap":{"0":{"start":{"line":5,"column":19},"end":{"line":5,"column":40}},"1":{"start":{"line":13,"column":23},"end":{"line":17,"column":3}},"2":{"start":{"line":19,"column":2},"end":{"line":22,"column":5}},"3":{"start":{"line":24,"column":2},"end":{"line":24,"column":64}},"4":{"start":{"line":33,"column":14},"end":{"line":33,"column":24}},"5":{"start":{"line":34,"column":21},"end":{"line":34,"column":33}},"6":{"start":{"line":37,"column":23},"end":{"line":37,"column":86}},"7":{"start":{"line":40,"column":20},"end":{"line":40,"column":33}},"8":{"start":{"line":41,"column":2},"end":{"line":41,"column":69}},"9":{"start":{"line":42,"column":2},"end":{"line":42,"column":33}},"10":{"start":{"line":45,"column":18},"end":{"line":45,"column":37}},"11":{"start":{"line":46,"column":2},"end":{"line":46,"column":43}},"12":{"start":{"line":47,"column":2},"end":{"line":47,"column":36}},"13":{"start":{"line":49,"column":2},"end":{"line":54,"column":4}},"14":{"start":{"line":64,"column":2},"end":{"line":80,"column":3}},"15":{"start":{"line":65,"column":21},"end":{"line":65,"column":49}},"16":{"start":{"line":66,"column":22},"end":{"line":66,"column":50}},"17":{"start":{"line":68,"column":21},"end":{"line":74,"column":6}},"18":{"start":{"line":76,"column":4},"end":{"line":76,"column":46}},"19":{"start":{"line":78,"column":4},"end":{"line":78,"column":60}},"20":{"start":{"line":79,"column":4},"end":{"line":79,"column":16}},"21":{"start":{"line":89,"column":2},"end":{"line":91,"column":3}},"22":{"start":{"line":90,"column":4},"end":{"line":90,"column":14}},"23":{"start":{"line":93,"column":2},"end":{"line":123,"column":5}},"24":{"start":{"line":95,"column":18},"end":{"line":95,"column":58}},"25":{"start":{"line":96,"column":16},"end":{"line":96,"column":52}},"26":{"start":{"line":99,"column":22},"end":{"line":107,"column":10}},"27":{"start":{"line":101,"column":30},"end":{"line":101,"column":44}},"28":{"start":{"line":102,"column":28},"end":{"line":106,"column":11}},"29":{"start":{"line":110,"column":4},"end":{"line":122,"column":6}},"30":{"start":{"line":133,"column":2},"end":{"line":153,"column":3}},"31":{"start":{"line":134,"column":4},"end":{"line":134,"column":70}},"32":{"start":{"line":135,"column":21},"end":{"line":135,"column":49}},"33":{"start":{"line":137,"column":21},"end":{"line":140,"column":6}},"34":{"start":{"line":142,"column":4},"end":{"line":145,"column":5}},"35":{"start":{"line":143,"column":6},"end":{"line":143,"column":74}},"36":{"start":{"line":144,"column":6},"end":{"line":144,"column":18}},"37":{"start":{"line":148,"column":28},"end":{"line":148,"column":58}},"38":{"start":{"line":149,"column":4},"end":{"line":149,"column":30}},"39":{"start":{"line":151,"column":4},"end":{"line":151,"column":79}},"40":{"start":{"line":152,"column":4},"end":{"line":152,"column":16}},"41":{"start":{"line":164,"column":2},"end":{"line":196,"column":3}},"42":{"start":{"line":165,"column":4},"end":{"line":165,"column":71}},"43":{"start":{"line":167,"column":4},"end":{"line":170,"column":5}},"44":{"start":{"line":168,"column":6},"end":{"line":168,"column":80}},"45":{"start":{"line":169,"column":6},"end":{"line":169,"column":16}},"46":{"start":{"line":172,"column":21},"end":{"line":172,"column":49}},"47":{"start":{"line":175,"column":23},"end":{"line":175,"column":56}},"48":{"start":{"line":176,"column":21},"end":{"line":176,"column":54}},"49":{"start":{"line":178,"column":4},"end":{"line":178,"column":106}},"50":{"start":{"line":180,"column":21},"end":{"line":187,"column":6}},"51":{"start":{"line":189,"column":19},"end":{"line":189,"column":44}},"52":{"start":{"line":190,"column":4},"end":{"line":190,"column":79}},"53":{"start":{"line":192,"column":4},"end":{"line":192,"column":33}},"54":{"start":{"line":194,"column":4},"end":{"line":194,"column":86}},"55":{"start":{"line":195,"column":4},"end":{"line":195,"column":14}},"56":{"start":{"line":199,"column":0},"end":{"line":204,"column":2}}},"fnMap":{"0":{"name":"createCalendarClient","decl":{"start":{"line":12,"column":9},"end":{"line":12,"column":29}},"loc":{"start":{"line":12,"column":38},"end":{"line":25,"column":1}},"line":12},"1":{"name":"getWeekDateRange","decl":{"start":{"line":32,"column":9},"end":{"line":32,"column":25}},"loc":{"start":{"line":32,"column":42},"end":{"line":55,"column":1}},"line":32},"2":{"name":"getWeekEvents","decl":{"start":{"line":63,"column":15},"end":{"line":63,"column":28}},"loc":{"start":{"line":63,"column":53},"end":{"line":81,"column":1}},"line":63},"3":{"name":"processEvents","decl":{"start":{"line":88,"column":9},"end":{"line":88,"column":22}},"loc":{"start":{"line":88,"column":31},"end":{"line":124,"column":1}},"line":88},"4":{"name":"(anonymous_4)","decl":{"start":{"line":93,"column":20},"end":{"line":93,"column":21}},"loc":{"start":{"line":93,"column":29},"end":{"line":123,"column":3}},"line":93},"5":{"name":"(anonymous_5)","decl":{"start":{"line":101,"column":18},"end":{"line":101,"column":19}},"loc":{"start":{"line":101,"column":30},"end":{"line":101,"column":44}},"line":101},"6":{"name":"(anonymous_6)","decl":{"start":{"line":102,"column":15},"end":{"line":102,"column":16}},"loc":{"start":{"line":102,"column":28},"end":{"line":106,"column":11}},"line":102},"7":{"name":"getEventById","decl":{"start":{"line":132,"column":15},"end":{"line":132,"column":27}},"loc":{"start":{"line":132,"column":45},"end":{"line":154,"column":1}},"line":132},"8":{"name":"getEventsByDate","decl":{"start":{"line":163,"column":15},"end":{"line":163,"column":30}},"loc":{"start":{"line":163,"column":53},"end":{"line":197,"column":1}},"line":163}},"branchMap":{"0":{"loc":{"start":{"line":32,"column":26},"end":{"line":32,"column":40}},"type":"default-arg","locations":[{"start":{"line":32,"column":39},"end":{"line":32,"column":40}}],"line":32},"1":{"loc":{"start":{"line":37,"column":23},"end":{"line":37,"column":86}},"type":"cond-expr","locations":[{"start":{"line":37,"column":42},"end":{"line":37,"column":43}},{"start":{"line":37,"column":46},"end":{"line":37,"column":86}}],"line":37},"2":{"loc":{"start":{"line":37,"column":46},"end":{"line":37,"column":86}},"type":"cond-expr","locations":[{"start":{"line":37,"column":65},"end":{"line":37,"column":66}},{"start":{"line":37,"column":69},"end":{"line":37,"column":86}}],"line":37},"3":{"loc":{"start":{"line":63,"column":37},"end":{"line":63,"column":51}},"type":"default-arg","locations":[{"start":{"line":63,"column":50},"end":{"line":63,"column":51}}],"line":63},"4":{"loc":{"start":{"line":89,"column":2},"end":{"line":91,"column":3}},"type":"if","locations":[{"start":{"line":89,"column":2},"end":{"line":91,"column":3}},{"start":{},"end":{}}],"line":89},"5":{"loc":{"start":{"line":89,"column":6},"end":{"line":89,"column":36}},"type":"binary-expr","locations":[{"start":{"line":89,"column":6},"end":{"line":89,"column":13}},{"start":{"line":89,"column":17},"end":{"line":89,"column":36}}],"line":89},"6":{"loc":{"start":{"line":95,"column":18},"end":{"line":95,"column":58}},"type":"binary-expr","locations":[{"start":{"line":95,"column":18},"end":{"line":95,"column":38}},{"start":{"line":95,"column":42},"end":{"line":95,"column":58}}],"line":95},"7":{"loc":{"start":{"line":96,"column":16},"end":{"line":96,"column":52}},"type":"binary-expr","locations":[{"start":{"line":96,"column":16},"end":{"line":96,"column":34}},{"start":{"line":96,"column":38},"end":{"line":96,"column":52}}],"line":96},"8":{"loc":{"start":{"line":99,"column":22},"end":{"line":107,"column":10}},"type":"cond-expr","locations":[{"start":{"line":100,"column":8},"end":{"line":106,"column":13}},{"start":{"line":107,"column":8},"end":{"line":107,"column":10}}],"line":99},"9":{"loc":{"start":{"line":104,"column":18},"end":{"line":104,"column":70}},"type":"binary-expr","locations":[{"start":{"line":104,"column":18},"end":{"line":104,"column":38}},{"start":{"line":104,"column":42},"end":{"line":104,"column":70}}],"line":104},"10":{"loc":{"start":{"line":112,"column":13},"end":{"line":112,"column":46}},"type":"binary-expr","locations":[{"start":{"line":112,"column":13},"end":{"line":112,"column":26}},{"start":{"line":112,"column":30},"end":{"line":112,"column":46}}],"line":112},"11":{"loc":{"start":{"line":113,"column":19},"end":{"line":113,"column":42}},"type":"binary-expr","locations":[{"start":{"line":113,"column":19},"end":{"line":113,"column":36}},{"start":{"line":113,"column":40},"end":{"line":113,"column":42}}],"line":113},"12":{"loc":{"start":{"line":114,"column":16},"end":{"line":114,"column":36}},"type":"binary-expr","locations":[{"start":{"line":114,"column":16},"end":{"line":114,"column":30}},{"start":{"line":114,"column":34},"end":{"line":114,"column":36}}],"line":114},"13":{"loc":{"start":{"line":118,"column":19},"end":{"line":118,"column":42}},"type":"binary-expr","locations":[{"start":{"line":118,"column":19},"end":{"line":118,"column":36}},{"start":{"line":118,"column":40},"end":{"line":118,"column":42}}],"line":118},"14":{"loc":{"start":{"line":119,"column":16},"end":{"line":119,"column":36}},"type":"binary-expr","locations":[{"start":{"line":119,"column":16},"end":{"line":119,"column":30}},{"start":{"line":119,"column":34},"end":{"line":119,"column":36}}],"line":119},"15":{"loc":{"start":{"line":120,"column":19},"end":{"line":120,"column":42}},"type":"binary-expr","locations":[{"start":{"line":120,"column":19},"end":{"line":120,"column":36}},{"start":{"line":120,"column":40},"end":{"line":120,"column":42}}],"line":120},"16":{"loc":{"start":{"line":142,"column":4},"end":{"line":145,"column":5}},"type":"if","locations":[{"start":{"line":142,"column":4},"end":{"line":145,"column":5}},{"start":{},"end":{}}],"line":142},"17":{"loc":{"start":{"line":142,"column":8},"end":{"line":142,"column":35}},"type":"binary-expr","locations":[{"start":{"line":142,"column":8},"end":{"line":142,"column":17}},{"start":{"line":142,"column":21},"end":{"line":142,"column":35}}],"line":142},"18":{"loc":{"start":{"line":167,"column":4},"end":{"line":170,"column":5}},"type":"if","locations":[{"start":{"line":167,"column":4},"end":{"line":170,"column":5}},{"start":{},"end":{}}],"line":167},"19":{"loc":{"start":{"line":189,"column":19},"end":{"line":189,"column":44}},"type":"binary-expr","locations":[{"start":{"line":189,"column":19},"end":{"line":189,"column":38}},{"start":{"line":189,"column":42},"end":{"line":189,"column":44}}],"line":189}},"s":{"0":0,"1":0,"2":0,"3":0,"4":0,"5":0,"6":0,"7":0,"8":0,"9":0,"10":0,"11":0,"12":0,"13":0,"14":0,"15":0,"16":0,"17":0,"18":0,"19":0,"20":0,"21":0,"22":0,"23":0,"24":0,"25":0,"26":0,"27":0,"28":0,"29":0,"30":0,"31":0,"32":0,"33":0,"34":0,"35":0,"36":0,"37":0,"38":0,"39":0,"40":0,"41":0,"42":0,"43":0,"44":0,"45":0,"46":0,"47":0,"48":0,"49":0,"50":0,"51":0,"52":0,"53":0,"54":0,"55":0,"56":0},"f":{"0":0,"1":0,"2":0,"3":0,"4":0,"5":0,"6":0,"7":0,"8":0},"b":{"0":[0],"1":[0,0],"2":[0,0],"3":[0],"4":[0,0],"5":[0,0],"6":[0,0],"7":[0,0],"8":[0,0],"9":[0,0],"10":[0,0],"11":[0,0],"12":[0,0],"13":[0,0],"14":[0,0],"15":[0,0],"16":[0,0],"17":[0,0],"18":[0,0],"19":[0,0]}}
,"/Users/m-galloway/dev/meeting-prep/services/dailyBriefingService.js": {"path":"/Users/m-galloway/dev/meeting-prep/services/dailyBriefingService.js","statementMap":{"0":{"start":{"line":1,"column":32},"end":{"line":1,"column":82}},"1":{"start":{"line":2,"column":24},"end":{"line":2,"column":52}},"2":{"start":{"line":3,"column":24},"end":{"line":3,"column":52}},"3":{"start":{"line":4,"column":22},"end":{"line":4,"column":48}},"4":{"start":{"line":5,"column":27},"end":{"line":5,"column":47}},"5":{"start":{"line":6,"column":32},"end":{"line":6,"column":61}},"6":{"start":{"line":7,"column":19},"end":{"line":7,"column":36}},"7":{"start":{"line":11,"column":4},"end":{"line":11,"column":52}},"8":{"start":{"line":23,"column":4},"end":{"line":125,"column":5}},"9":{"start":{"line":24,"column":6},"end":{"line":24,"column":117}},"10":{"start":{"line":27,"column":31},"end":{"line":27,"column":94}},"11":{"start":{"line":28,"column":6},"end":{"line":31,"column":7}},"12":{"start":{"line":29,"column":8},"end":{"line":29,"column":80}},"13":{"start":{"line":30,"column":8},"end":{"line":30,"column":32}},"14":{"start":{"line":34,"column":6},"end":{"line":34,"column":90}},"15":{"start":{"line":34,"column":28},"end":{"line":34,"column":90}},"16":{"start":{"line":37,"column":23},"end":{"line":37,"column":94}},"17":{"start":{"line":38,"column":6},"end":{"line":38,"column":98}},"18":{"start":{"line":40,"column":6},"end":{"line":43,"column":7}},"19":{"start":{"line":41,"column":8},"end":{"line":41,"column":84}},"20":{"start":{"line":42,"column":8},"end":{"line":42,"column":20}},"21":{"start":{"line":47,"column":6},"end":{"line":56,"column":7}},"22":{"start":{"line":48,"column":8},"end":{"line":48,"column":89}},"23":{"start":{"line":50,"column":8},"end":{"line":55,"column":11}},"24":{"start":{"line":58,"column":6},"end":{"line":58,"column":92}},"25":{"start":{"line":60,"column":6},"end":{"line":120,"column":7}},"26":{"start":{"line":62,"column":8},"end":{"line":62,"column":94}},"27":{"start":{"line":62,"column":30},"end":{"line":62,"column":94}},"28":{"start":{"line":64,"column":33},"end":{"line":64,"column":35}},"29":{"start":{"line":65,"column":30},"end":{"line":65,"column":45}},"30":{"start":{"line":67,"column":8},"end":{"line":90,"column":9}},"31":{"start":{"line":67,"column":21},"end":{"line":67,"column":22}},"32":{"start":{"line":68,"column":26},"end":{"line":68,"column":37}},"33":{"start":{"line":69,"column":34},"end":{"line":69,"column":65}},"34":{"start":{"line":71,"column":10},"end":{"line":79,"column":11}},"35":{"start":{"line":72,"column":12},"end":{"line":78,"column":15}},"36":{"start":{"line":81,"column":10},"end":{"line":89,"column":11}},"37":{"start":{"line":82,"column":28},"end":{"line":82,"column":70}},"38":{"start":{"line":83,"column":12},"end":{"line":85,"column":13}},"39":{"start":{"line":84,"column":14},"end":{"line":84,"column":45}},"40":{"start":{"line":87,"column":12},"end":{"line":87,"column":99}},"41":{"start":{"line":93,"column":8},"end":{"line":93,"column":94}},"42":{"start":{"line":93,"column":30},"end":{"line":93,"column":94}},"43":{"start":{"line":95,"column":32},"end":{"line":99,"column":9}},"44":{"start":{"line":102,"column":8},"end":{"line":102,"column":85}},"45":{"start":{"line":102,"column":30},"end":{"line":102,"column":85}},"46":{"start":{"line":104,"column":34},"end":{"line":109,"column":10}},"47":{"start":{"line":111,"column":8},"end":{"line":111,"column":85}},"48":{"start":{"line":111,"column":30},"end":{"line":111,"column":85}},"49":{"start":{"line":113,"column":8},"end":{"line":113,"column":102}},"50":{"start":{"line":114,"column":8},"end":{"line":114,"column":33}},"51":{"start":{"line":118,"column":8},"end":{"line":118,"column":66}},"52":{"start":{"line":119,"column":8},"end":{"line":119,"column":20}},"53":{"start":{"line":123,"column":6},"end":{"line":123,"column":86}},"54":{"start":{"line":124,"column":6},"end":{"line":124,"column":77}},"55":{"start":{"line":135,"column":4},"end":{"line":202,"column":5}},"56":{"start":{"line":136,"column":6},"end":{"line":136,"column":83}},"57":{"start":{"line":139,"column":30},"end":{"line":144,"column":8}},"58":{"start":{"line":146,"column":6},"end":{"line":155,"column":7}},"59":{"start":{"line":147,"column":8},"end":{"line":147,"column":95}},"60":{"start":{"line":148,"column":8},"end":{"line":154,"column":10}},"61":{"start":{"line":158,"column":24},"end":{"line":158,"column":90}},"62":{"start":{"line":160,"column":6},"end":{"line":163,"column":7}},"63":{"start":{"line":161,"column":8},"end":{"line":161,"column":91}},"64":{"start":{"line":162,"column":8},"end":{"line":162,"column":20}},"65":{"start":{"line":166,"column":31},"end":{"line":169,"column":9}},"66":{"start":{"line":166,"column":53},"end":{"line":169,"column":7}},"67":{"start":{"line":171,"column":25},"end":{"line":174,"column":7}},"68":{"start":{"line":177,"column":29},"end":{"line":186,"column":8}},"69":{"start":{"line":188,"column":6},"end":{"line":188,"column":99}},"70":{"start":{"line":190,"column":6},"end":{"line":197,"column":8}},"71":{"start":{"line":200,"column":6},"end":{"line":200,"column":93}},"72":{"start":{"line":201,"column":6},"end":{"line":201,"column":18}},"73":{"start":{"line":213,"column":4},"end":{"line":272,"column":5}},"74":{"start":{"line":214,"column":6},"end":{"line":214,"column":118}},"75":{"start":{"line":217,"column":30},"end":{"line":230,"column":7}},"76":{"start":{"line":222,"column":43},"end":{"line":228,"column":9}},"77":{"start":{"line":227,"column":49},"end":{"line":227,"column":56}},"78":{"start":{"line":233,"column":36},"end":{"line":233,"column":94}},"79":{"start":{"line":236,"column":27},"end":{"line":236,"column":36}},"80":{"start":{"line":237,"column":6},"end":{"line":245,"column":9}},"81":{"start":{"line":238,"column":8},"end":{"line":244,"column":9}},"82":{"start":{"line":239,"column":10},"end":{"line":243,"column":13}},"83":{"start":{"line":240,"column":12},"end":{"line":242,"column":13}},"84":{"start":{"line":241,"column":14},"end":{"line":241,"column":71}},"85":{"start":{"line":247,"column":29},"end":{"line":247,"column":77}},"86":{"start":{"line":250,"column":30},"end":{"line":250,"column":32}},"87":{"start":{"line":251,"column":6},"end":{"line":255,"column":9}},"88":{"start":{"line":252,"column":8},"end":{"line":254,"column":9}},"89":{"start":{"line":253,"column":10},"end":{"line":253,"column":66}},"90":{"start":{"line":257,"column":35},"end":{"line":260,"column":19}},"91":{"start":{"line":259,"column":30},"end":{"line":259,"column":53}},"92":{"start":{"line":262,"column":6},"end":{"line":267,"column":8}},"93":{"start":{"line":270,"column":6},"end":{"line":270,"column":94}},"94":{"start":{"line":271,"column":6},"end":{"line":271,"column":18}},"95":{"start":{"line":282,"column":4},"end":{"line":287,"column":5}},"96":{"start":{"line":283,"column":6},"end":{"line":283,"column":77}},"97":{"start":{"line":285,"column":6},"end":{"line":285,"column":83}},"98":{"start":{"line":286,"column":6},"end":{"line":286,"column":18}},"99":{"start":{"line":298,"column":4},"end":{"line":303,"column":5}},"100":{"start":{"line":299,"column":6},"end":{"line":299,"column":88}},"101":{"start":{"line":301,"column":6},"end":{"line":301,"column":93}},"102":{"start":{"line":302,"column":6},"end":{"line":302,"column":18}},"103":{"start":{"line":312,"column":4},"end":{"line":317,"column":5}},"104":{"start":{"line":313,"column":6},"end":{"line":313,"column":62}},"105":{"start":{"line":315,"column":6},"end":{"line":315,"column":84}},"106":{"start":{"line":316,"column":6},"end":{"line":316,"column":18}},"107":{"start":{"line":326,"column":4},"end":{"line":331,"column":5}},"108":{"start":{"line":327,"column":6},"end":{"line":327,"column":56}},"109":{"start":{"line":329,"column":6},"end":{"line":329,"column":88}},"110":{"start":{"line":330,"column":6},"end":{"line":330,"column":18}},"111":{"start":{"line":335,"column":0},"end":{"line":335,"column":44}}},"fnMap":{"0":{"name":"(anonymous_0)","decl":{"start":{"line":10,"column":2},"end":{"line":10,"column":3}},"loc":{"start":{"line":10,"column":16},"end":{"line":12,"column":3}},"line":10},"1":{"name":"(anonymous_1)","decl":{"start":{"line":22,"column":2},"end":{"line":22,"column":3}},"loc":{"start":{"line":22,"column":89},"end":{"line":126,"column":3}},"line":22},"2":{"name":"(anonymous_2)","decl":{"start":{"line":134,"column":2},"end":{"line":134,"column":3}},"loc":{"start":{"line":134,"column":40},"end":{"line":203,"column":3}},"line":134},"3":{"name":"(anonymous_3)","decl":{"start":{"line":166,"column":45},"end":{"line":166,"column":46}},"loc":{"start":{"line":166,"column":53},"end":{"line":169,"column":7}},"line":166},"4":{"name":"(anonymous_4)","decl":{"start":{"line":212,"column":2},"end":{"line":212,"column":3}},"loc":{"start":{"line":212,"column":80},"end":{"line":273,"column":3}},"line":212},"5":{"name":"(anonymous_5)","decl":{"start":{"line":222,"column":31},"end":{"line":222,"column":32}},"loc":{"start":{"line":222,"column":43},"end":{"line":228,"column":9}},"line":222},"6":{"name":"(anonymous_6)","decl":{"start":{"line":227,"column":44},"end":{"line":227,"column":45}},"loc":{"start":{"line":227,"column":49},"end":{"line":227,"column":56}},"line":227},"7":{"name":"(anonymous_7)","decl":{"start":{"line":237,"column":23},"end":{"line":237,"column":24}},"loc":{"start":{"line":237,"column":34},"end":{"line":245,"column":7}},"line":237},"8":{"name":"(anonymous_8)","decl":{"start":{"line":239,"column":36},"end":{"line":239,"column":37}},"loc":{"start":{"line":239,"column":48},"end":{"line":243,"column":11}},"line":239},"9":{"name":"(anonymous_9)","decl":{"start":{"line":251,"column":31},"end":{"line":251,"column":32}},"loc":{"start":{"line":251,"column":42},"end":{"line":255,"column":7}},"line":251},"10":{"name":"(anonymous_10)","decl":{"start":{"line":259,"column":13},"end":{"line":259,"column":14}},"loc":{"start":{"line":259,"column":30},"end":{"line":259,"column":53}},"line":259},"11":{"name":"(anonymous_11)","decl":{"start":{"line":281,"column":2},"end":{"line":281,"column":3}},"loc":{"start":{"line":281,"column":47},"end":{"line":288,"column":3}},"line":281},"12":{"name":"(anonymous_12)","decl":{"start":{"line":297,"column":2},"end":{"line":297,"column":3}},"loc":{"start":{"line":297,"column":61},"end":{"line":304,"column":3}},"line":297},"13":{"name":"(anonymous_13)","decl":{"start":{"line":311,"column":2},"end":{"line":311,"column":3}},"loc":{"start":{"line":311,"column":40},"end":{"line":318,"column":3}},"line":311},"14":{"name":"(anonymous_14)","decl":{"start":{"line":325,"column":2},"end":{"line":325,"column":3}},"loc":{"start":{"line":325,"column":37},"end":{"line":332,"column":3}},"line":325}},"branchMap":{"0":{"loc":{"start":{"line":22,"column":64},"end":{"line":22,"column":87}},"type":"default-arg","locations":[{"start":{"line":22,"column":83},"end":{"line":22,"column":87}}],"line":22},"1":{"loc":{"start":{"line":28,"column":6},"end":{"line":31,"column":7}},"type":"if","locations":[{"start":{"line":28,"column":6},"end":{"line":31,"column":7}},{"start":{},"end":{}}],"line":28},"2":{"loc":{"start":{"line":28,"column":10},"end":{"line":28,"column":69}},"type":"binary-expr","locations":[{"start":{"line":28,"column":10},"end":{"line":28,"column":26}},{"start":{"line":28,"column":30},"end":{"line":28,"column":69}}],"line":28},"3":{"loc":{"start":{"line":34,"column":6},"end":{"line":34,"column":90}},"type":"if","locations":[{"start":{"line":34,"column":6},"end":{"line":34,"column":90}},{"start":{},"end":{}}],"line":34},"4":{"loc":{"start":{"line":40,"column":6},"end":{"line":43,"column":7}},"type":"if","locations":[{"start":{"line":40,"column":6},"end":{"line":43,"column":7}},{"start":{},"end":{}}],"line":40},"5":{"loc":{"start":{"line":47,"column":6},"end":{"line":56,"column":7}},"type":"if","locations":[{"start":{"line":47,"column":6},"end":{"line":56,"column":7}},{"start":{"line":49,"column":13},"end":{"line":56,"column":7}}],"line":47},"6":{"loc":{"start":{"line":62,"column":8},"end":{"line":62,"column":94}},"type":"if","locations":[{"start":{"line":62,"column":8},"end":{"line":62,"column":94}},{"start":{},"end":{}}],"line":62},"7":{"loc":{"start":{"line":71,"column":10},"end":{"line":79,"column":11}},"type":"if","locations":[{"start":{"line":71,"column":10},"end":{"line":79,"column":11}},{"start":{},"end":{}}],"line":71},"8":{"loc":{"start":{"line":75,"column":28},"end":{"line":75,"column":65}},"type":"binary-expr","locations":[{"start":{"line":75,"column":28},"end":{"line":75,"column":43}},{"start":{"line":75,"column":47},"end":{"line":75,"column":65}}],"line":75},"9":{"loc":{"start":{"line":83,"column":12},"end":{"line":85,"column":13}},"type":"if","locations":[{"start":{"line":83,"column":12},"end":{"line":85,"column":13}},{"start":{},"end":{}}],"line":83},"10":{"loc":{"start":{"line":93,"column":8},"end":{"line":93,"column":94}},"type":"if","locations":[{"start":{"line":93,"column":8},"end":{"line":93,"column":94}},{"start":{},"end":{}}],"line":93},"11":{"loc":{"start":{"line":102,"column":8},"end":{"line":102,"column":85}},"type":"if","locations":[{"start":{"line":102,"column":8},"end":{"line":102,"column":85}},{"start":{},"end":{}}],"line":102},"12":{"loc":{"start":{"line":111,"column":8},"end":{"line":111,"column":85}},"type":"if","locations":[{"start":{"line":111,"column":8},"end":{"line":111,"column":85}},{"start":{},"end":{}}],"line":111},"13":{"loc":{"start":{"line":146,"column":6},"end":{"line":155,"column":7}},"type":"if","locations":[{"start":{"line":146,"column":6},"end":{"line":155,"column":7}},{"start":{},"end":{}}],"line":146},"14":{"loc":{"start":{"line":152,"column":21},"end":{"line":152,"column":91}},"type":"cond-expr","locations":[{"start":{"line":152,"column":49},"end":{"line":152,"column":86}},{"start":{"line":152,"column":89},"end":{"line":152,"column":91}}],"line":152},"15":{"loc":{"start":{"line":153,"column":21},"end":{"line":153,"column":44}},"type":"binary-expr","locations":[{"start":{"line":153,"column":21},"end":{"line":153,"column":38}},{"start":{"line":153,"column":42},"end":{"line":153,"column":44}}],"line":153},"16":{"loc":{"start":{"line":160,"column":6},"end":{"line":163,"column":7}},"type":"if","locations":[{"start":{"line":160,"column":6},"end":{"line":163,"column":7}},{"start":{},"end":{}}],"line":160},"17":{"loc":{"start":{"line":160,"column":10},"end":{"line":160,"column":46}},"type":"binary-expr","locations":[{"start":{"line":160,"column":10},"end":{"line":160,"column":20}},{"start":{"line":160,"column":24},"end":{"line":160,"column":46}}],"line":160},"18":{"loc":{"start":{"line":172,"column":8},"end":{"line":172,"column":36}},"type":"binary-expr","locations":[{"start":{"line":172,"column":8},"end":{"line":172,"column":23}},{"start":{"line":172,"column":27},"end":{"line":172,"column":36}}],"line":172},"19":{"loc":{"start":{"line":183,"column":34},"end":{"line":183,"column":60}},"type":"binary-expr","locations":[{"start":{"line":183,"column":34},"end":{"line":183,"column":54}},{"start":{"line":183,"column":58},"end":{"line":183,"column":60}}],"line":183},"20":{"loc":{"start":{"line":184,"column":47},"end":{"line":184,"column":86}},"type":"binary-expr","locations":[{"start":{"line":184,"column":47},"end":{"line":184,"column":80}},{"start":{"line":184,"column":84},"end":{"line":184,"column":86}}],"line":184},"21":{"loc":{"start":{"line":194,"column":19},"end":{"line":194,"column":45}},"type":"binary-expr","locations":[{"start":{"line":194,"column":19},"end":{"line":194,"column":39}},{"start":{"line":194,"column":43},"end":{"line":194,"column":45}}],"line":194},"22":{"loc":{"start":{"line":195,"column":19},"end":{"line":195,"column":42}},"type":"binary-expr","locations":[{"start":{"line":195,"column":19},"end":{"line":195,"column":36}},{"start":{"line":195,"column":40},"end":{"line":195,"column":42}}],"line":195},"23":{"loc":{"start":{"line":196,"column":32},"end":{"line":196,"column":71}},"type":"binary-expr","locations":[{"start":{"line":196,"column":32},"end":{"line":196,"column":65}},{"start":{"line":196,"column":69},"end":{"line":196,"column":71}}],"line":196},"24":{"loc":{"start":{"line":225,"column":21},"end":{"line":225,"column":67}},"type":"binary-expr","locations":[{"start":{"line":225,"column":21},"end":{"line":225,"column":44}},{"start":{"line":225,"column":48},"end":{"line":225,"column":67}}],"line":225},"25":{"loc":{"start":{"line":226,"column":19},"end":{"line":226,"column":61}},"type":"binary-expr","locations":[{"start":{"line":226,"column":19},"end":{"line":226,"column":40}},{"start":{"line":226,"column":44},"end":{"line":226,"column":61}}],"line":226},"26":{"loc":{"start":{"line":227,"column":21},"end":{"line":227,"column":63}},"type":"binary-expr","locations":[{"start":{"line":227,"column":21},"end":{"line":227,"column":57}},{"start":{"line":227,"column":61},"end":{"line":227,"column":63}}],"line":227},"27":{"loc":{"start":{"line":238,"column":8},"end":{"line":244,"column":9}},"type":"if","locations":[{"start":{"line":238,"column":8},"end":{"line":244,"column":9}},{"start":{},"end":{}}],"line":238},"28":{"loc":{"start":{"line":240,"column":12},"end":{"line":242,"column":13}},"type":"if","locations":[{"start":{"line":240,"column":12},"end":{"line":242,"column":13}},{"start":{},"end":{}}],"line":240},"29":{"loc":{"start":{"line":240,"column":16},"end":{"line":240,"column":90}},"type":"binary-expr","locations":[{"start":{"line":240,"column":16},"end":{"line":240,"column":30}},{"start":{"line":240,"column":34},"end":{"line":240,"column":90}}],"line":240},"30":{"loc":{"start":{"line":241,"column":31},"end":{"line":241,"column":69}},"type":"binary-expr","locations":[{"start":{"line":241,"column":31},"end":{"line":241,"column":51}},{"start":{"line":241,"column":55},"end":{"line":241,"column":69}}],"line":241},"31":{"loc":{"start":{"line":252,"column":8},"end":{"line":254,"column":9}},"type":"if","locations":[{"start":{"line":252,"column":8},"end":{"line":254,"column":9}},{"start":{},"end":{}}],"line":252},"32":{"loc":{"start":{"line":265,"column":24},"end":{"line":265,"column":62}},"type":"binary-expr","locations":[{"start":{"line":265,"column":24},"end":{"line":265,"column":38}},{"start":{"line":265,"column":42},"end":{"line":265,"column":62}}],"line":265},"33":{"loc":{"start":{"line":266,"column":30},"end":{"line":266,"column":91}},"type":"binary-expr","locations":[{"start":{"line":266,"column":30},"end":{"line":266,"column":50}},{"start":{"line":266,"column":54},"end":{"line":266,"column":91}}],"line":266}},"s":{"0":1,"1":1,"2":1,"3":1,"4":1,"5":1,"6":1,"7":1,"8":5,"9":5,"10":5,"11":5,"12":1,"13":1,"14":4,"15":2,"16":4,"17":4,"18":4,"19":1,"20":1,"21":3,"22":1,"23":2,"24":3,"25":3,"26":3,"27":1,"28":3,"29":3,"30":3,"31":3,"32":3,"33":3,"34":3,"35":1,"36":3,"37":3,"38":3,"39":1,"40":0,"41":3,"42":1,"43":3,"44":2,"45":1,"46":2,"47":2,"48":1,"49":2,"50":2,"51":1,"52":1,"53":1,"54":1,"55":6,"56":6,"57":6,"58":6,"59":1,"60":1,"61":5,"62":5,"63":3,"64":3,"65":2,"66":2,"67":2,"68":2,"69":2,"70":2,"71":0,"72":0,"73":3,"74":3,"75":3,"76":3,"77":1,"78":3,"79":2,"80":2,"81":2,"82":2,"83":1,"84":1,"85":2,"86":2,"87":2,"88":1,"89":1,"90":2,"91":1,"92":2,"93":1,"94":1,"95":2,"96":2,"97":1,"98":1,"99":1,"100":1,"101":0,"102":0,"103":1,"104":1,"105":0,"106":0,"107":1,"108":1,"109":0,"110":0,"111":1},"f":{"0":1,"1":5,"2":6,"3":2,"4":3,"5":3,"6":1,"7":2,"8":1,"9":1,"10":1,"11":2,"12":1,"13":1,"14":1},"b":{"0":[2],"1":[1,4],"2":[5,2],"3":[2,2],"4":[1,3],"5":[1,2],"6":[1,2],"7":[1,2],"8":[1,0],"9":[1,2],"10":[1,2],"11":[1,1],"12":[1,1],"13":[1,5],"14":[1,0],"15":[1,0],"16":[3,2],"17":[5,5],"18":[2,0],"19":[2,0],"20":[2,0],"21":[2,0],"22":[2,0],"23":[2,0],"24":[3,2],"25":[3,2],"26":[3,1],"27":[2,0],"28":[1,0],"29":[1,1],"30":[1,0],"31":[1,0],"32":[2,1],"33":[2,1]},"_coverageSchema":"1a1c01bbd47fc00a2c39e90264f33305004495a9","hash":"31f45705ef3435a58b9272fdfbfaabdd731b47df"}
,"/Users/m-galloway/dev/meeting-prep/services/dataStorageService.js": {"path":"/Users/m-galloway/dev/meeting-prep/services/dataStorageService.js","statementMap":{"0":{"start":{"line":5,"column":18},"end":{"line":5,"column":39}},"1":{"start":{"line":6,"column":26},"end":{"line":6,"column":70}},"2":{"start":{"line":7,"column":33},"end":{"line":7,"column":84}},"3":{"start":{"line":8,"column":34},"end":{"line":8,"column":86}},"4":{"start":{"line":9,"column":23},"end":{"line":9,"column":64}},"5":{"start":{"line":12,"column":14},"end":{"line":12,"column":63}},"6":{"start":{"line":23,"column":2},"end":{"line":76,"column":3}},"7":{"start":{"line":24,"column":4},"end":{"line":24,"column":90}},"8":{"start":{"line":27,"column":18},"end":{"line":27,"column":72}},"9":{"start":{"line":30,"column":4},"end":{"line":47,"column":5}},"10":{"start":{"line":31,"column":6},"end":{"line":46,"column":7}},"11":{"start":{"line":33,"column":8},"end":{"line":33,"column":39}},"12":{"start":{"line":36,"column":8},"end":{"line":42,"column":11}},"13":{"start":{"line":43,"column":8},"end":{"line":43,"column":94}},"14":{"start":{"line":45,"column":8},"end":{"line":45,"column":96}},"15":{"start":{"line":49,"column":4},"end":{"line":54,"column":5}},"16":{"start":{"line":50,"column":6},"end":{"line":50,"column":94}},"17":{"start":{"line":52,"column":6},"end":{"line":52,"column":49}},"18":{"start":{"line":53,"column":6},"end":{"line":53,"column":21}},"19":{"start":{"line":57,"column":27},"end":{"line":64,"column":6}},"20":{"start":{"line":67,"column":4},"end":{"line":67,"column":47}},"21":{"start":{"line":69,"column":4},"end":{"line":69,"column":102}},"22":{"start":{"line":70,"column":4},"end":{"line":70,"column":19}},"23":{"start":{"line":72,"column":4},"end":{"line":72,"column":80}},"24":{"start":{"line":74,"column":4},"end":{"line":74,"column":47}},"25":{"start":{"line":75,"column":4},"end":{"line":75,"column":19}},"26":{"start":{"line":85,"column":2},"end":{"line":124,"column":3}},"27":{"start":{"line":86,"column":4},"end":{"line":86,"column":90}},"28":{"start":{"line":89,"column":26},"end":{"line":89,"column":59}},"29":{"start":{"line":90,"column":4},"end":{"line":93,"column":5}},"30":{"start":{"line":91,"column":6},"end":{"line":91,"column":89}},"31":{"start":{"line":92,"column":6},"end":{"line":92,"column":27}},"32":{"start":{"line":96,"column":20},"end":{"line":96,"column":74}},"33":{"start":{"line":97,"column":4},"end":{"line":100,"column":5}},"34":{"start":{"line":98,"column":6},"end":{"line":98,"column":86}},"35":{"start":{"line":99,"column":6},"end":{"line":99,"column":18}},"36":{"start":{"line":102,"column":22},"end":{"line":102,"column":86}},"37":{"start":{"line":103,"column":4},"end":{"line":106,"column":5}},"38":{"start":{"line":104,"column":6},"end":{"line":104,"column":97}},"39":{"start":{"line":105,"column":6},"end":{"line":105,"column":18}},"40":{"start":{"line":109,"column":20},"end":{"line":114,"column":5}},"41":{"start":{"line":117,"column":4},"end":{"line":117,"column":47}},"42":{"start":{"line":119,"column":4},"end":{"line":119,"column":105}},"43":{"start":{"line":120,"column":4},"end":{"line":120,"column":19}},"44":{"start":{"line":122,"column":4},"end":{"line":122,"column":80}},"45":{"start":{"line":123,"column":4},"end":{"line":123,"column":16}},"46":{"start":{"line":136,"column":2},"end":{"line":159,"column":3}},"47":{"start":{"line":137,"column":4},"end":{"line":137,"column":91}},"48":{"start":{"line":140,"column":20},"end":{"line":140,"column":74}},"49":{"start":{"line":141,"column":4},"end":{"line":144,"column":5}},"50":{"start":{"line":142,"column":6},"end":{"line":142,"column":91}},"51":{"start":{"line":143,"column":6},"end":{"line":143,"column":18}},"52":{"start":{"line":147,"column":17},"end":{"line":152,"column":6}},"53":{"start":{"line":154,"column":4},"end":{"line":154,"column":103}},"54":{"start":{"line":155,"column":4},"end":{"line":155,"column":16}},"55":{"start":{"line":157,"column":4},"end":{"line":157,"column":81}},"56":{"start":{"line":158,"column":4},"end":{"line":158,"column":16}},"57":{"start":{"line":169,"column":2},"end":{"line":187,"column":3}},"58":{"start":{"line":170,"column":4},"end":{"line":170,"column":92}},"59":{"start":{"line":173,"column":20},"end":{"line":173,"column":74}},"60":{"start":{"line":174,"column":4},"end":{"line":177,"column":5}},"61":{"start":{"line":175,"column":6},"end":{"line":175,"column":86}},"62":{"start":{"line":176,"column":6},"end":{"line":176,"column":16}},"63":{"start":{"line":180,"column":18},"end":{"line":180,"column":90}},"64":{"start":{"line":182,"column":4},"end":{"line":182,"column":106}},"65":{"start":{"line":183,"column":4},"end":{"line":183,"column":17}},"66":{"start":{"line":185,"column":4},"end":{"line":185,"column":82}},"67":{"start":{"line":186,"column":4},"end":{"line":186,"column":14}},"68":{"start":{"line":195,"column":2},"end":{"line":195,"column":95}},"69":{"start":{"line":196,"column":2},"end":{"line":196,"column":36}},"70":{"start":{"line":206,"column":2},"end":{"line":223,"column":3}},"71":{"start":{"line":207,"column":4},"end":{"line":207,"column":80}},"72":{"start":{"line":210,"column":4},"end":{"line":213,"column":5}},"73":{"start":{"line":211,"column":6},"end":{"line":211,"column":99}},"74":{"start":{"line":212,"column":6},"end":{"line":212,"column":30}},"75":{"start":{"line":216,"column":4},"end":{"line":216,"column":35}},"76":{"start":{"line":218,"column":4},"end":{"line":218,"column":87}},"77":{"start":{"line":219,"column":4},"end":{"line":219,"column":80}},"78":{"start":{"line":221,"column":4},"end":{"line":221,"column":83}},"79":{"start":{"line":222,"column":4},"end":{"line":222,"column":16}},"80":{"start":{"line":232,"column":2},"end":{"line":253,"column":3}},"81":{"start":{"line":234,"column":17},"end":{"line":234,"column":62}},"82":{"start":{"line":236,"column":4},"end":{"line":249,"column":5}},"83":{"start":{"line":237,"column":6},"end":{"line":237,"column":106}},"84":{"start":{"line":240,"column":6},"end":{"line":244,"column":9}},"85":{"start":{"line":246,"column":6},"end":{"line":246,"column":94}},"86":{"start":{"line":248,"column":6},"end":{"line":248,"column":89}},"87":{"start":{"line":251,"column":4},"end":{"line":251,"column":77}},"88":{"start":{"line":252,"column":4},"end":{"line":252,"column":16}},"89":{"start":{"line":256,"column":0},"end":{"line":263,"column":2}}},"fnMap":{"0":{"name":"storeMeetingSummary","decl":{"start":{"line":22,"column":15},"end":{"line":22,"column":34}},"loc":{"start":{"line":22,"column":81},"end":{"line":77,"column":1}},"line":22},"1":{"name":"getMeetingSummary","decl":{"start":{"line":84,"column":15},"end":{"line":84,"column":32}},"loc":{"start":{"line":84,"column":44},"end":{"line":125,"column":1}},"line":84},"2":{"name":"storePreparationNote","decl":{"start":{"line":135,"column":15},"end":{"line":135,"column":35}},"loc":{"start":{"line":135,"column":83},"end":{"line":160,"column":1}},"line":135},"3":{"name":"getPreparationNotes","decl":{"start":{"line":168,"column":15},"end":{"line":168,"column":34}},"loc":{"start":{"line":168,"column":54},"end":{"line":188,"column":1}},"line":168},"4":{"name":"clearMeetingSummaryCache","decl":{"start":{"line":194,"column":9},"end":{"line":194,"column":33}},"loc":{"start":{"line":194,"column":45},"end":{"line":197,"column":1}},"line":194},"5":{"name":"storeMeetingFromEvent","decl":{"start":{"line":205,"column":15},"end":{"line":205,"column":36}},"loc":{"start":{"line":205,"column":52},"end":{"line":224,"column":1}},"line":205},"6":{"name":"ensureUserExists","decl":{"start":{"line":231,"column":15},"end":{"line":231,"column":31}},"loc":{"start":{"line":231,"column":42},"end":{"line":254,"column":1}},"line":231}},"branchMap":{"0":{"loc":{"start":{"line":22,"column":55},"end":{"line":22,"column":71}},"type":"default-arg","locations":[{"start":{"line":22,"column":69},"end":{"line":22,"column":71}}],"line":22},"1":{"loc":{"start":{"line":30,"column":4},"end":{"line":47,"column":5}},"type":"if","locations":[{"start":{"line":30,"column":4},"end":{"line":47,"column":5}},{"start":{},"end":{}}],"line":30},"2":{"loc":{"start":{"line":30,"column":8},"end":{"line":30,"column":26}},"type":"binary-expr","locations":[{"start":{"line":30,"column":8},"end":{"line":30,"column":16}},{"start":{"line":30,"column":20},"end":{"line":30,"column":26}}],"line":30},"3":{"loc":{"start":{"line":49,"column":4},"end":{"line":54,"column":5}},"type":"if","locations":[{"start":{"line":49,"column":4},"end":{"line":54,"column":5}},{"start":{},"end":{}}],"line":49},"4":{"loc":{"start":{"line":60,"column":19},"end":{"line":60,"column":44}},"type":"binary-expr","locations":[{"start":{"line":60,"column":19},"end":{"line":60,"column":38}},{"start":{"line":60,"column":42},"end":{"line":60,"column":44}}],"line":60},"5":{"loc":{"start":{"line":62,"column":14},"end":{"line":62,"column":34}},"type":"binary-expr","locations":[{"start":{"line":62,"column":14},"end":{"line":62,"column":28}},{"start":{"line":62,"column":32},"end":{"line":62,"column":34}}],"line":62},"6":{"loc":{"start":{"line":63,"column":19},"end":{"line":63,"column":44}},"type":"binary-expr","locations":[{"start":{"line":63,"column":19},"end":{"line":63,"column":38}},{"start":{"line":63,"column":42},"end":{"line":63,"column":44}}],"line":63},"7":{"loc":{"start":{"line":90,"column":4},"end":{"line":93,"column":5}},"type":"if","locations":[{"start":{"line":90,"column":4},"end":{"line":93,"column":5}},{"start":{},"end":{}}],"line":90},"8":{"loc":{"start":{"line":97,"column":4},"end":{"line":100,"column":5}},"type":"if","locations":[{"start":{"line":97,"column":4},"end":{"line":100,"column":5}},{"start":{},"end":{}}],"line":97},"9":{"loc":{"start":{"line":103,"column":4},"end":{"line":106,"column":5}},"type":"if","locations":[{"start":{"line":103,"column":4},"end":{"line":106,"column":5}},{"start":{},"end":{}}],"line":103},"10":{"loc":{"start":{"line":112,"column":14},"end":{"line":112,"column":36}},"type":"binary-expr","locations":[{"start":{"line":112,"column":14},"end":{"line":112,"column":30}},{"start":{"line":112,"column":34},"end":{"line":112,"column":36}}],"line":112},"11":{"loc":{"start":{"line":113,"column":19},"end":{"line":113,"column":46}},"type":"binary-expr","locations":[{"start":{"line":113,"column":19},"end":{"line":113,"column":40}},{"start":{"line":113,"column":44},"end":{"line":113,"column":46}}],"line":113},"12":{"loc":{"start":{"line":135,"column":65},"end":{"line":135,"column":81}},"type":"default-arg","locations":[{"start":{"line":135,"column":77},"end":{"line":135,"column":81}}],"line":135},"13":{"loc":{"start":{"line":141,"column":4},"end":{"line":144,"column":5}},"type":"if","locations":[{"start":{"line":141,"column":4},"end":{"line":144,"column":5}},{"start":{},"end":{}}],"line":141},"14":{"loc":{"start":{"line":174,"column":4},"end":{"line":177,"column":5}},"type":"if","locations":[{"start":{"line":174,"column":4},"end":{"line":177,"column":5}},{"start":{},"end":{}}],"line":174},"15":{"loc":{"start":{"line":210,"column":4},"end":{"line":213,"column":5}},"type":"if","locations":[{"start":{"line":210,"column":4},"end":{"line":213,"column":5}},{"start":{},"end":{}}],"line":210},"16":{"loc":{"start":{"line":236,"column":4},"end":{"line":249,"column":5}},"type":"if","locations":[{"start":{"line":236,"column":4},"end":{"line":249,"column":5}},{"start":{"line":247,"column":11},"end":{"line":249,"column":5}}],"line":236}},"s":{"0":0,"1":0,"2":0,"3":0,"4":0,"5":0,"6":0,"7":0,"8":0,"9":0,"10":0,"11":0,"12":0,"13":0,"14":0,"15":0,"16":0,"17":0,"18":0,"19":0,"20":0,"21":0,"22":0,"23":0,"24":0,"25":0,"26":0,"27":0,"28":0,"29":0,"30":0,"31":0,"32":0,"33":0,"34":0,"35":0,"36":0,"37":0,"38":0,"39":0,"40":0,"41":0,"42":0,"43":0,"44":0,"45":0,"46":0,"47":0,"48":0,"49":0,"50":0,"51":0,"52":0,"53":0,"54":0,"55":0,"56":0,"57":0,"58":0,"59":0,"60":0,"61":0,"62":0,"63":0,"64":0,"65":0,"66":0,"67":0,"68":0,"69":0,"70":0,"71":0,"72":0,"73":0,"74":0,"75":0,"76":0,"77":0,"78":0,"79":0,"80":0,"81":0,"82":0,"83":0,"84":0,"85":0,"86":0,"87":0,"88":0,"89":0},"f":{"0":0,"1":0,"2":0,"3":0,"4":0,"5":0,"6":0},"b":{"0":[0],"1":[0,0],"2":[0,0],"3":[0,0],"4":[0,0],"5":[0,0],"6":[0,0],"7":[0,0],"8":[0,0],"9":[0,0],"10":[0,0],"11":[0,0],"12":[0],"13":[0,0],"14":[0,0],"15":[0,0],"16":[0,0]}}
,"/Users/m-galloway/dev/meeting-prep/services/documentService.js": {"path":"/Users/m-galloway/dev/meeting-prep/services/documentService.js","statementMap":{"0":{"start":{"line":6,"column":19},"end":{"line":6,"column":40}},"1":{"start":{"line":9,"column":22},"end":{"line":9,"column":31}},"2":{"start":{"line":16,"column":2},"end":{"line":16,"column":85}},"3":{"start":{"line":21,"column":2},"end":{"line":21,"column":24}},"4":{"start":{"line":23,"column":2},"end":{"line":23,"column":58}},"5":{"start":{"line":32,"column":23},"end":{"line":36,"column":3}},"6":{"start":{"line":38,"column":2},"end":{"line":41,"column":5}},"7":{"start":{"line":43,"column":2},"end":{"line":43,"column":60}},"8":{"start":{"line":52,"column":2},"end":{"line":52,"column":24}},"9":{"start":{"line":52,"column":12},"end":{"line":52,"column":24}},"10":{"start":{"line":55,"column":21},"end":{"line":55,"column":65}},"11":{"start":{"line":56,"column":2},"end":{"line":56,"column":60}},"12":{"start":{"line":66,"column":2},"end":{"line":66,"column":76}},"13":{"start":{"line":67,"column":2},"end":{"line":67,"column":24}},"14":{"start":{"line":67,"column":14},"end":{"line":67,"column":24}},"15":{"start":{"line":69,"column":15},"end":{"line":69,"column":17}},"16":{"start":{"line":72,"column":2},"end":{"line":86,"column":3}},"17":{"start":{"line":73,"column":4},"end":{"line":85,"column":7}},"18":{"start":{"line":75,"column":6},"end":{"line":84,"column":7}},"19":{"start":{"line":76,"column":22},"end":{"line":76,"column":66}},"20":{"start":{"line":77,"column":8},"end":{"line":83,"column":9}},"21":{"start":{"line":78,"column":10},"end":{"line":82,"column":13}},"22":{"start":{"line":89,"column":2},"end":{"line":119,"column":3}},"23":{"start":{"line":90,"column":4},"end":{"line":90,"column":129}},"24":{"start":{"line":93,"column":25},"end":{"line":93,"column":57}},"25":{"start":{"line":95,"column":4},"end":{"line":118,"column":5}},"26":{"start":{"line":96,"column":6},"end":{"line":96,"column":105}},"27":{"start":{"line":99,"column":20},"end":{"line":99,"column":57}},"28":{"start":{"line":100,"column":24},"end":{"line":100,"column":48}},"29":{"start":{"line":102,"column":6},"end":{"line":114,"column":7}},"30":{"start":{"line":103,"column":8},"end":{"line":103,"column":108}},"31":{"start":{"line":106,"column":22},"end":{"line":107,"column":64}},"32":{"start":{"line":109,"column":8},"end":{"line":113,"column":11}},"33":{"start":{"line":116,"column":6},"end":{"line":116,"column":108}},"34":{"start":{"line":117,"column":6},"end":{"line":117,"column":123}},"35":{"start":{"line":121,"column":2},"end":{"line":121,"column":14}},"36":{"start":{"line":131,"column":2},"end":{"line":131,"column":88}},"37":{"start":{"line":132,"column":19},"end":{"line":132,"column":29}},"38":{"start":{"line":135,"column":2},"end":{"line":138,"column":3}},"39":{"start":{"line":136,"column":4},"end":{"line":136,"column":86}},"40":{"start":{"line":137,"column":4},"end":{"line":137,"column":39}},"41":{"start":{"line":140,"column":2},"end":{"line":140,"column":114}},"42":{"start":{"line":142,"column":2},"end":{"line":169,"column":3}},"43":{"start":{"line":143,"column":23},"end":{"line":143,"column":47}},"44":{"start":{"line":144,"column":4},"end":{"line":144,"column":100}},"45":{"start":{"line":145,"column":21},"end":{"line":147,"column":6}},"46":{"start":{"line":149,"column":4},"end":{"line":149,"column":109}},"47":{"start":{"line":150,"column":29},"end":{"line":150,"column":66}},"48":{"start":{"line":153,"column":4},"end":{"line":153,"column":79}},"49":{"start":{"line":154,"column":4},"end":{"line":154,"column":108}},"50":{"start":{"line":155,"column":4},"end":{"line":155,"column":112}},"51":{"start":{"line":158,"column":25},"end":{"line":161,"column":5}},"52":{"start":{"line":162,"column":4},"end":{"line":162,"column":46}},"53":{"start":{"line":164,"column":4},"end":{"line":164,"column":95}},"54":{"start":{"line":165,"column":4},"end":{"line":165,"column":24}},"55":{"start":{"line":167,"column":4},"end":{"line":167,"column":85}},"56":{"start":{"line":168,"column":4},"end":{"line":168,"column":16}},"57":{"start":{"line":178,"column":2},"end":{"line":180,"column":3}},"58":{"start":{"line":179,"column":4},"end":{"line":179,"column":54}},"59":{"start":{"line":182,"column":16},"end":{"line":182,"column":53}},"60":{"start":{"line":183,"column":16},"end":{"line":183,"column":18}},"61":{"start":{"line":186,"column":2},"end":{"line":194,"column":5}},"62":{"start":{"line":187,"column":4},"end":{"line":193,"column":5}},"63":{"start":{"line":188,"column":6},"end":{"line":192,"column":9}},"64":{"start":{"line":189,"column":8},"end":{"line":191,"column":9}},"65":{"start":{"line":190,"column":10},"end":{"line":190,"column":49}},"66":{"start":{"line":196,"column":2},"end":{"line":199,"column":4}},"67":{"start":{"line":206,"column":2},"end":{"line":206,"column":24}},"68":{"start":{"line":216,"column":2},"end":{"line":216,"column":117}},"69":{"start":{"line":217,"column":2},"end":{"line":217,"column":48}},"70":{"start":{"line":220,"column":0},"end":{"line":227,"column":2}}},"fnMap":{"0":{"name":"clearDocumentCache","decl":{"start":{"line":15,"column":9},"end":{"line":15,"column":27}},"loc":{"start":{"line":15,"column":39},"end":{"line":24,"column":1}},"line":15},"1":{"name":"createDocsClient","decl":{"start":{"line":31,"column":9},"end":{"line":31,"column":25}},"loc":{"start":{"line":31,"column":34},"end":{"line":44,"column":1}},"line":31},"2":{"name":"extractDocumentIdFromUrl","decl":{"start":{"line":51,"column":9},"end":{"line":51,"column":33}},"loc":{"start":{"line":51,"column":39},"end":{"line":57,"column":1}},"line":51},"3":{"name":"getDocumentsForEvent","decl":{"start":{"line":65,"column":15},"end":{"line":65,"column":35}},"loc":{"start":{"line":65,"column":51},"end":{"line":122,"column":1}},"line":65},"4":{"name":"(anonymous_4)","decl":{"start":{"line":73,"column":30},"end":{"line":73,"column":31}},"loc":{"start":{"line":73,"column":44},"end":{"line":85,"column":5}},"line":73},"5":{"name":"getDocumentContent","decl":{"start":{"line":130,"column":15},"end":{"line":130,"column":33}},"loc":{"start":{"line":130,"column":54},"end":{"line":170,"column":1}},"line":130},"6":{"name":"extractDocumentContent","decl":{"start":{"line":177,"column":9},"end":{"line":177,"column":31}},"loc":{"start":{"line":177,"column":42},"end":{"line":200,"column":1}},"line":177},"7":{"name":"(anonymous_7)","decl":{"start":{"line":186,"column":32},"end":{"line":186,"column":33}},"loc":{"start":{"line":186,"column":43},"end":{"line":194,"column":3}},"line":186},"8":{"name":"(anonymous_8)","decl":{"start":{"line":188,"column":41},"end":{"line":188,"column":42}},"loc":{"start":{"line":188,"column":56},"end":{"line":192,"column":7}},"line":188},"9":{"name":"clearCache","decl":{"start":{"line":205,"column":9},"end":{"line":205,"column":19}},"loc":{"start":{"line":205,"column":22},"end":{"line":207,"column":1}},"line":205},"10":{"name":"getDocumentById","decl":{"start":{"line":215,"column":15},"end":{"line":215,"column":30}},"loc":{"start":{"line":215,"column":51},"end":{"line":218,"column":1}},"line":215}},"branchMap":{"0":{"loc":{"start":{"line":39,"column":18},"end":{"line":39,"column":59}},"type":"binary-expr","locations":[{"start":{"line":39,"column":18},"end":{"line":39,"column":36}},{"start":{"line":39,"column":40},"end":{"line":39,"column":59}}],"line":39},"1":{"loc":{"start":{"line":40,"column":19},"end":{"line":40,"column":62}},"type":"binary-expr","locations":[{"start":{"line":40,"column":19},"end":{"line":40,"column":38}},{"start":{"line":40,"column":42},"end":{"line":40,"column":62}}],"line":40},"2":{"loc":{"start":{"line":52,"column":2},"end":{"line":52,"column":24}},"type":"if","locations":[{"start":{"line":52,"column":2},"end":{"line":52,"column":24}},{"start":{},"end":{}}],"line":52},"3":{"loc":{"start":{"line":56,"column":9},"end":{"line":56,"column":59}},"type":"cond-expr","locations":[{"start":{"line":56,"column":39},"end":{"line":56,"column":52}},{"start":{"line":56,"column":55},"end":{"line":56,"column":59}}],"line":56},"4":{"loc":{"start":{"line":56,"column":9},"end":{"line":56,"column":36}},"type":"binary-expr","locations":[{"start":{"line":56,"column":9},"end":{"line":56,"column":19}},{"start":{"line":56,"column":23},"end":{"line":56,"column":36}}],"line":56},"5":{"loc":{"start":{"line":67,"column":2},"end":{"line":67,"column":24}},"type":"if","locations":[{"start":{"line":67,"column":2},"end":{"line":67,"column":24}},{"start":{},"end":{}}],"line":67},"6":{"loc":{"start":{"line":72,"column":2},"end":{"line":86,"column":3}},"type":"if","locations":[{"start":{"line":72,"column":2},"end":{"line":86,"column":3}},{"start":{},"end":{}}],"line":72},"7":{"loc":{"start":{"line":72,"column":6},"end":{"line":72,"column":59}},"type":"binary-expr","locations":[{"start":{"line":72,"column":6},"end":{"line":72,"column":23}},{"start":{"line":72,"column":27},"end":{"line":72,"column":59}}],"line":72},"8":{"loc":{"start":{"line":75,"column":6},"end":{"line":84,"column":7}},"type":"if","locations":[{"start":{"line":75,"column":6},"end":{"line":84,"column":7}},{"start":{},"end":{}}],"line":75},"9":{"loc":{"start":{"line":75,"column":10},"end":{"line":75,"column":94}},"type":"binary-expr","locations":[{"start":{"line":75,"column":10},"end":{"line":75,"column":72}},{"start":{"line":75,"column":76},"end":{"line":75,"column":94}}],"line":75},"10":{"loc":{"start":{"line":77,"column":8},"end":{"line":83,"column":9}},"type":"if","locations":[{"start":{"line":77,"column":8},"end":{"line":83,"column":9}},{"start":{},"end":{}}],"line":77},"11":{"loc":{"start":{"line":80,"column":19},"end":{"line":80,"column":58}},"type":"binary-expr","locations":[{"start":{"line":80,"column":19},"end":{"line":80,"column":35}},{"start":{"line":80,"column":39},"end":{"line":80,"column":58}}],"line":80},"12":{"loc":{"start":{"line":89,"column":2},"end":{"line":119,"column":3}},"type":"if","locations":[{"start":{"line":89,"column":2},"end":{"line":119,"column":3}},{"start":{},"end":{}}],"line":89},"13":{"loc":{"start":{"line":95,"column":4},"end":{"line":118,"column":5}},"type":"if","locations":[{"start":{"line":95,"column":4},"end":{"line":118,"column":5}},{"start":{"line":115,"column":11},"end":{"line":118,"column":5}}],"line":95},"14":{"loc":{"start":{"line":102,"column":6},"end":{"line":114,"column":7}},"type":"if","locations":[{"start":{"line":102,"column":6},"end":{"line":114,"column":7}},{"start":{},"end":{}}],"line":102},"15":{"loc":{"start":{"line":106,"column":22},"end":{"line":107,"column":64}},"type":"cond-expr","locations":[{"start":{"line":107,"column":10},"end":{"line":107,"column":33}},{"start":{"line":107,"column":36},"end":{"line":107,"column":64}}],"line":106},"16":{"loc":{"start":{"line":106,"column":22},"end":{"line":106,"column":66}},"type":"binary-expr","locations":[{"start":{"line":106,"column":22},"end":{"line":106,"column":39}},{"start":{"line":106,"column":43},"end":{"line":106,"column":66}}],"line":106},"17":{"loc":{"start":{"line":135,"column":2},"end":{"line":138,"column":3}},"type":"if","locations":[{"start":{"line":135,"column":2},"end":{"line":138,"column":3}},{"start":{},"end":{}}],"line":135},"18":{"loc":{"start":{"line":178,"column":2},"end":{"line":180,"column":3}},"type":"if","locations":[{"start":{"line":178,"column":2},"end":{"line":180,"column":3}},{"start":{},"end":{}}],"line":178},"19":{"loc":{"start":{"line":178,"column":6},"end":{"line":178,"column":59}},"type":"binary-expr","locations":[{"start":{"line":178,"column":6},"end":{"line":178,"column":15}},{"start":{"line":178,"column":19},"end":{"line":178,"column":33}},{"start":{"line":178,"column":37},"end":{"line":178,"column":59}}],"line":178},"20":{"loc":{"start":{"line":182,"column":16},"end":{"line":182,"column":53}},"type":"binary-expr","locations":[{"start":{"line":182,"column":16},"end":{"line":182,"column":30}},{"start":{"line":182,"column":34},"end":{"line":182,"column":53}}],"line":182},"21":{"loc":{"start":{"line":187,"column":4},"end":{"line":193,"column":5}},"type":"if","locations":[{"start":{"line":187,"column":4},"end":{"line":193,"column":5}},{"start":{},"end":{}}],"line":187},"22":{"loc":{"start":{"line":189,"column":8},"end":{"line":191,"column":9}},"type":"if","locations":[{"start":{"line":189,"column":8},"end":{"line":191,"column":9}},{"start":{},"end":{}}],"line":189},"23":{"loc":{"start":{"line":189,"column":12},"end":{"line":189,"column":62}},"type":"binary-expr","locations":[{"start":{"line":189,"column":12},"end":{"line":189,"column":31}},{"start":{"line":189,"column":35},"end":{"line":189,"column":62}}],"line":189}},"s":{"0":0,"1":0,"2":0,"3":0,"4":0,"5":
[...]
end":{"line":283,"column":3}},"99":{"start":{"line":282,"column":4},"end":{"line":282,"column":53}},"100":{"start":{"line":285,"column":2},"end":{"line":344,"column":3}},"101":{"start":{"line":286,"column":4},"end":{"line":286,"column":84}},"102":{"start":{"line":289,"column":28},"end":{"line":291,"column":25}},"103":{"start":{"line":290,"column":6},"end":{"line":290,"column":46}},"104":{"start":{"line":293,"column":19},"end":{"line":307,"column":2}},"105":{"start":{"line":309,"column":21},"end":{"line":323,"column":6}},"106":{"start":{"line":325,"column":20},"end":{"line":325,"column":55}},"107":{"start":{"line":327,"column":4},"end":{"line":339,"column":5}},"108":{"start":{"line":328,"column":21},"end":{"line":328,"column":40}},"109":{"start":{"line":329,"column":6},"end":{"line":329,"column":98}},"110":{"start":{"line":330,"column":6},"end":{"line":330,"column":20}},"111":{"start":{"line":332,"column":6},"end":{"line":332,"column":81}},"112":{"start":{"line":334,"column":6},"end":{"line":338,"column":8}},"113":{"start":{"line":342,"column":4},"end":{"line":342,"column":79}},"114":{"start":{"line":343,"column":4},"end":{"line":343,"column":58}},"115":{"start":{"line":353,"column":2},"end":{"line":355,"column":3}},"116":{"start":{"line":354,"column":4},"end":{"line":354,"column":53}},"117":{"start":{"line":357,"column":2},"end":{"line":429,"column":3}},"118":{"start":{"line":358,"column":4},"end":{"line":358,"column":90}},"119":{"start":{"line":360,"column":89},"end":{"line":360,"column":104}},"120":{"start":{"line":363,"column":25},"end":{"line":365,"column":16}},"121":{"start":{"line":364,"column":6},"end":{"line":364,"column":49}},"122":{"start":{"line":367,"column":26},"end":{"line":369,"column":21}},"123":{"start":{"line":368,"column":6},"end":{"line":368,"column":116}},"124":{"start":{"line":371,"column":24},"end":{"line":371,"column":56}},"125":{"start":{"line":373,"column":19},"end":{"line":394,"column":2}},"126":{"start":{"line":396,"column":21},"end":{"line":410,"column":6}},"127":{"start":{"line":412,"column":20},"end":{"line":412,"column":55}},"128":{"start":{"line":414,"column":4},"end":{"line":424,"column":5}},"129":{"start":{"line":415,"column":21},"end":{"line":415,"column":40}},"130":{"start":{"line":416,"column":6},"end":{"line":416,"column":88}},"131":{"start":{"line":417,"column":6},"end":{"line":417,"column":20}},"132":{"start":{"line":419,"column":6},"end":{"line":419,"column":87}},"133":{"start":{"line":421,"column":6},"end":{"line":423,"column":8}},"134":{"start":{"line":427,"column":4},"end":{"line":427,"column":78}},"135":{"start":{"line":428,"column":4},"end":{"line":428,"column":57}},"136":{"start":{"line":432,"column":0},"end":{"line":438,"column":2}}},"fnMap":{"0":{"name":"getCacheKey","decl":{"start":{"line":32,"column":9},"end":{"line":32,"column":20}},"loc":{"start":{"line":32,"column":50},"end":{"line":34,"column":1}},"line":32},"1":{"name":"clearMeetingCache","decl":{"start":{"line":40,"column":9},"end":{"line":40,"column":26}},"loc":{"start":{"line":40,"column":38},"end":{"line":44,"column":1}},"line":40},"2":{"name":"(anonymous_2)","decl":{"start":{"line":42,"column":34},"end":{"line":42,"column":35}},"loc":{"start":{"line":42,"column":41},"end":{"line":42,"column":70}},"line":42},"3":{"name":"generateSummary","decl":{"start":{"line":53,"column":15},"end":{"line":53,"column":30}},"loc":{"start":{"line":53,"column":71},"end":{"line":100,"column":1}},"line":53},"4":{"name":"extractKeyTopics","decl":{"start":{"line":109,"column":15},"end":{"line":109,"column":31}},"loc":{"start":{"line":109,"column":72},"end":{"line":166,"column":1}},"line":109},"5":{"name":"(anonymous_5)","decl":{"start":{"line":153,"column":16},"end":{"line":153,"column":17}},"loc":{"start":{"line":153,"column":24},"end":{"line":153,"column":46}},"line":153},"6":{"name":"generatePreparationSuggestions","decl":{"start":{"line":175,"column":15},"end":{"line":175,"column":45}},"loc":{"start":{"line":175,"column":86},"end":{"line":233,"column":1}},"line":175},"7":{"name":"(anonymous_7)","decl":{"start":{"line":219,"column":16},"end":{"line":219,"column":17}},"loc":{"start":{"line":219,"column":24},"end":{"line":219,"column":77}},"line":219},"8":{"name":"(anonymous_8)","decl":{"start":{"line":220,"column":13},"end":{"line":220,"column":14}},"loc":{"start":{"line":220,"column":21},"end":{"line":220,"column":52}},"line":220},"9":{"name":"analyzeDocumentForMeeting","decl":{"start":{"line":242,"column":15},"end":{"line":242,"column":40}},"loc":{"start":{"line":242,"column":81},"end":{"line":272,"column":1}},"line":242},"10":{"name":"generateMeetingSummary","decl":{"start":{"line":280,"column":15},"end":{"line":280,"column":37}},"loc":{"start":{"line":280,"column":70},"end":{"line":345,"column":1}},"line":280},"11":{"name":"(anonymous_11)","decl":{"start":{"line":289,"column":49},"end":{"line":289,"column":50}},"loc":{"start":{"line":290,"column":6},"end":{"line":290,"column":46}},"line":290},"12":{"name":"generateDailyBriefing","decl":{"start":{"line":352,"column":15},"end":{"line":352,"column":36}},"loc":{"start":{"line":352,"column":54},"end":{"line":430,"column":1}},"line":352},"13":{"name":"(anonymous_13)","decl":{"start":{"line":363,"column":38},"end":{"line":363,"column":39}},"loc":{"start":{"line":364,"column":6},"end":{"line":364,"column":49}},"line":364},"14":{"name":"(anonymous_14)","decl":{"start":{"line":367,"column":40},"end":{"line":367,"column":41}},"loc":{"start":{"line":368,"column":6},"end":{"line":368,"column":116}},"line":368}},"branchMap":{"0":{"loc":{"start":{"line":59,"column":2},"end":{"line":62,"column":3}},"type":"if","locations":[{"start":{"line":59,"column":2},"end":{"line":62,"column":3}},{"start":{},"end":{}}],"line":59},"1":{"loc":{"start":{"line":66,"column":4},"end":{"line":68,"column":5}},"type":"if","locations":[{"start":{"line":66,"column":4},"end":{"line":68,"column":5}},{"start":{},"end":{}}],"line":66},"2":{"loc":{"start":{"line":70,"column":67},"end":{"line":70,"column":102}},"type":"binary-expr","locations":[{"start":{"line":70,"column":67},"end":{"line":70,"column":91}},{"start":{"line":70,"column":95},"end":{"line":70,"column":102}}],"line":70},"3":{"loc":{"start":{"line":72,"column":13},"end":{"line":72,"column":48}},"type":"binary-expr","locations":[{"start":{"line":72,"column":13},"end":{"line":72,"column":37}},{"start":{"line":72,"column":41},"end":{"line":72,"column":48}}],"line":72},"4":{"loc":{"start":{"line":114,"column":2},"end":{"line":116,"column":3}},"type":"if","locations":[{"start":{"line":114,"column":2},"end":{"line":116,"column":3}},{"start":{},"end":{}}],"line":114},"5":{"loc":{"start":{"line":119,"column":4},"end":{"line":121,"column":5}},"type":"if","locations":[{"start":{"line":119,"column":4},"end":{"line":121,"column":5}},{"start":{},"end":{}}],"line":119},"6":{"loc":{"start":{"line":125,"column":13},"end":{"line":125,"column":48}},"type":"binary-expr","locations":[{"start":{"line":125,"column":13},"end":{"line":125,"column":37}},{"start":{"line":125,"column":41},"end":{"line":125,"column":48}}],"line":125},"7":{"loc":{"start":{"line":147,"column":15},"end":{"line":147,"column":34}},"type":"binary-expr","locations":[{"start":{"line":147,"column":15},"end":{"line":147,"column":28}},{"start":{"line":147,"column":32},"end":{"line":147,"column":34}}],"line":147},"8":{"loc":{"start":{"line":180,"column":2},"end":{"line":182,"column":3}},"type":"if","locations":[{"start":{"line":180,"column":2},"end":{"line":182,"column":3}},{"start":{},"end":{}}],"line":180},"9":{"loc":{"start":{"line":185,"column":4},"end":{"line":187,"column":5}},"type":"if","locations":[{"start":{"line":185,"column":4},"end":{"line":187,"column":5}},{"start":{},"end":{}}],"line":185},"10":{"loc":{"start":{"line":191,"column":13},"end":{"line":191,"column":48}},"type":"binary-expr","locations":[{"start":{"line":191,"column":13},"end":{"line":191,"column":37}},{"start":{"line":191,"column":41},"end":{"line":191,"column":48}}],"line":191},"11":{"loc":{"start":{"line":213,"column":20},"end":{"line":213,"column":44}},"type":"binary-expr","locations":[{"start":{"line":213,"column":20},"end":{"line":213,"column":38}},{"start":{"line":213,"column":42},"end":{"line":213,"column":44}}],"line":213},"12":{"loc":{"start":{"line":219,"column":24},"end":{"line":219,"column":77}},"type":"binary-expr","locations":[{"start":{"line":219,"column":24},"end":{"line":219,"column":46}},{"start":{"line":219,"column":50},"end":{"line":219,"column":77}}],"line":219},"13":{"loc":{"start":{"line":246,"column":2},"end":{"line":249,"column":3}},"type":"if","locations":[{"start":{"line":246,"column":2},"end":{"line":249,"column":3}},{"start":{},"end":{}}],"line":246},"14":{"loc":{"start":{"line":281,"column":2},"end":{"line":283,"column":3}},"type":"if","locations":[{"start":{"line":281,"column":2},"end":{"line":283,"column":3}},{"start":{},"end":{}}],"line":281},"15":{"loc":{"start":{"line":353,"column":2},"end":{"line":355,"column":3}},"type":"if","locations":[{"start":{"line":353,"column":2},"end":{"line":355,"column":3}},{"start":{},"end":{}}],"line":353},"16":{"loc":{"start":{"line":371,"column":24},"end":{"line":371,"column":56}},"type":"cond-expr","locations":[{"start":{"line":371,"column":34},"end":{"line":371,"column":41}},{"start":{"line":371,"column":44},"end":{"line":371,"column":56}}],"line":371}},"s":{"0":0,"1":0,"2":0,"3":0,"4":0,"5":0,"6":0,"7":0,"8":0,"9":0,"10":0,"11":0,"12":0,"13":0,"14":0,"15":0,"16":0,"17":0,"18":0,"19":0,"20":0,"21":0,"22":0,"23":0,"24":0,"25":0,"26":0,"27":0,"28":0,"29":0,"30":0,"31":0,"32":0,"33":0,"34":0,"35":0,"36":0,"37":0,"38":0,"39":0,"40":0,"41":0,"42":0,"43":0,"44":0,"45":0,"46":0,"47":0,"48":0,"49":0,"50":0,"51":0,"52":0,"53":0,"54":0,"55":0,"56":0,"57":0,"58":0,"59":0,"60":0,"61":0,"62":0,"63":0,"64":0,"65":0,"66":0,"67":0,"68":0,"69":0,"70":0,"71":0,"72":0,"73":0,"74":0,"75":0,"76":0,"77":0,"78":0,"79":0,"80":0,"81":0,"82":0,"83":0,"84":0,"85":0,"86":0,"87":0,"88":0,"89":0,"90":0,"91":0,"92":0,"93":0,"94":0,"95":0,"96":0,"97":0,"98":0,"99":0,"100":0,"101":0,"102":0,"103":0,"104":0,"105":0,"106":0,"107":0,"108":0,"109":0,"110":0,"111":0,"112":0,"113":0,"114":0,"115":0,"116":0,"117":0,"118":0,"119":0,"120":0,"121":0,"122":0,"123":0,"124":0,"125":0,"126":0,"127":0,"128":0,"129":0,"130":0,"131":0,"132":0,"133":0,"134":0,"135":0,"136":0},"f":{"0":0,"1":0,"2":0,"3":0,"4":0,"5":0,"6":0,"7":0,"8":0,"9":0,"10":0,"11":0,"12":0,"13":0,"14":0},"b":{"0":[0,0],"1":[0,0],"2":[0,0],"3":[0,0],"4":[0,0],"5":[0,0],"6":[0,0],"7":[0,0],"8":[0,0],"9":[0,0],"10":[0,0],"11":[0,0],"12":[0,0],"13":[0,0],"14":[0,0],"15":[0,0],"16":[0,0]}}
,"/Users/m-galloway/dev/meeting-prep/utils/dateUtils.js": {"path":"/Users/m-galloway/dev/meeting-prep/utils/dateUtils.js","statementMap":{"0":{"start":{"line":13,"column":25},"end":{"line":13,"column":28}},"1":{"start":{"line":15,"column":24},"end":{"line":15,"column":57}},"2":{"start":{"line":16,"column":2},"end":{"line":16,"column":70}},"3":{"start":{"line":26,"column":15},"end":{"line":26,"column":33}},"4":{"start":{"line":27,"column":16},"end":{"line":27,"column":60}},"5":{"start":{"line":28,"column":14},"end":{"line":28,"column":53}},"6":{"start":{"line":29,"column":2},"end":{"line":29,"column":35}},"7":{"start":{"line":38,"column":18},"end":{"line":38,"column":66}},"8":{"start":{"line":40,"column":2},"end":{"line":44,"column":5}},"9":{"start":{"line":54,"column":20},"end":{"line":54,"column":71}},"10":{"start":{"line":55,"column":18},"end":{"line":55,"column":63}},"11":{"start":{"line":58,"column":2},"end":{"line":60,"column":3}},"12":{"start":{"line":59,"column":4},"end":{"line":59,"column":21}},"13":{"start":{"line":62,"column":2},"end":{"line":62,"column":61}},"14":{"start":{"line":72,"column":20},"end":{"line":72,"column":71}},"15":{"start":{"line":73,"column":18},"end":{"line":73,"column":63}},"16":{"start":{"line":79,"column":26},"end":{"line":81,"column":54}},"17":{"start":{"line":83,"column":24},"end":{"line":85,"column":50}},"18":{"start":{"line":87,"column":19},"end":{"line":87,"column":76}},"19":{"start":{"line":89,"column":2},"end":{"line":89,"column":61}},"20":{"start":{"line":98,"column":24},"end":{"line":98,"column":26}},"21":{"start":{"line":100,"column":2},"end":{"line":113,"column":5}},"22":{"start":{"line":101,"column":22},"end":{"line":101,"column":43}},"23":{"start":{"line":102,"column":19},"end":{"line":102,"column":51}},"24":{"start":{"line":104,"column":4},"end":{"line":110,"column":5}},"25":{"start":{"line":105,"column":6},"end":{"line":109,"column":8}},"26":{"start":{"line":112,"column":4},"end":{"line":112,"column":45}},"27":{"start":{"line":115,"column":2},"end":{"line":115,"column":23}},"28":{"start":{"line":124,"column":14},"end":{"line":124,"column":24}},"29":{"start":{"line":125,"column":21},"end":{"line":125,"column":33}},"30":{"start":{"line":128,"column":23},"end":{"line":128,"column":86}},"31":{"start":{"line":130,"column":19},"end":{"line":130,"column":21}},"32":{"start":{"line":133,"column":2},"end":{"line":145,"column":3}},"33":{"start":{"line":133,"column":15},"end":{"line":133,"column":16}},"34":{"start":{"line":134,"column":17},"end":{"line":134,"column":30}},"35":{"start":{"line":135,"column":4},"end":{"line":135,"column":70}},"36":{"start":{"line":137,"column":4},"end":{"line":144,"column":7}},"37":{"start":{"line":147,"column":2},"end":{"line":147,"column":18}},"38":{"start":{"line":156,"column":19},"end":{"line":156,"column":42}},"39":{"start":{"line":157,"column":19},"end":{"line":157,"column":35}},"40":{"start":{"line":158,"column":18},"end":{"line":158,"column":34}},"41":{"start":{"line":161,"column":2},"end":{"line":165,"column":3}},"42":{"start":{"line":162,"column":4},"end":{"line":162,"column":126}},"43":{"start":{"line":164,"column":4},"end":{"line":164,"column":170}},"44":{"start":{"line":168,"column":0},"end":{"line":177,"column":2}}},"fnMap":{"0":{"name":"formatDate","decl":{"start":{"line":12,"column":9},"end":{"line":12,"column":19}},"loc":{"start":{"line":12,"column":40},"end":{"line":17,"column":1}},"line":12},"1":{"name":"getLocalISODateString","decl":{"start":{"line":25,"column":9},"end":{"line":25,"column":30}},"loc":{"start":{"line":25,"column":37},"end":{"line":30,"column":1}},"line":25},"2":{"name":"formatTime","decl":{"start":{"line":37,"column":9},"end":{"line":37,"column":19}},"loc":{"start":{"line":37,"column":26},"end":{"line":45,"column":1}},"line":37},"3":{"name":"formatDateRange","decl":{"start":{"line":53,"column":9},"end":{"line":53,"column":24}},"loc":{"start":{"line":53,"column":37},"end":{"line":63,"column":1}},"line":53},"4":{"name":"isAllDayEvent","decl":{"start":{"line":71,"column":9},"end":{"line":71,"column":22}},"loc":{"start":{"line":71,"column":35},"end":{"line":90,"column":1}},"line":71},"5":{"name":"groupEventsByDay","decl":{"start":{"line":97,"column":9},"end":{"line":97,"column":25}},"loc":{"start":{"line":97,"column":34},"end":{"line":116,"column":1}},"line":97},"6":{"name":"(anonymous_6)","decl":{"start":{"line":100,"column":17},"end":{"line":100,"column":18}},"loc":{"start":{"line":100,"column":26},"end":{"line":113,"column":3}},"line":100},"7":{"name":"getWeekDays","decl":{"start":{"line":123,"column":9},"end":{"line":123,"column":20}},"loc":{"start":{"line":123,"column":37},"end":{"line":148,"column":1}},"line":123},"8":{"name":"getWeekDateRangeText","decl":{"start":{"line":155,"column":9},"end":{"line":155,"column":29}},"loc":{"start":{"line":155,"column":46},"end":{"line":166,"column":1}},"line":155}},"branchMap":{"0":{"loc":{"start":{"line":12,"column":26},"end":{"line":12,"column":38}},"type":"default-arg","locations":[{"start":{"line":12,"column":36},"end":{"line":12,"column":38}}],"line":12},"1":{"loc":{"start":{"line":38,"column":18},"end":{"line":38,"column":66}},"type":"cond-expr","locations":[{"start":{"line":38,"column":45},"end":{"line":38,"column":59}},{"start":{"line":38,"column":62},"end":{"line":38,"column":66}}],"line":38},"2":{"loc":{"start":{"line":54,"column":20},"end":{"line":54,"column":71}},"type":"cond-expr","locations":[{"start":{"line":54,"column":48},"end":{"line":54,"column":63}},{"start":{"line":54,"column":66},"end":{"line":54,"column":71}}],"line":54},"3":{"loc":{"start":{"line":55,"column":18},"end":{"line":55,"column":63}},"type":"cond-expr","locations":[{"start":{"line":55,"column":44},"end":{"line":55,"column":57}},{"start":{"line":55,"column":60},"end":{"line":55,"column":63}}],"line":55},"4":{"loc":{"start":{"line":58,"column":2},"end":{"line":60,"column":3}},"type":"if","locations":[{"start":{"line":58,"column":2},"end":{"line":60,"column":3}},{"start":{},"end":{}}],"line":58},"5":{"loc":{"start":{"line":72,"column":20},"end":{"line":72,"column":71}},"type":"cond-expr","locations":[{"start":{"line":72,"column":48},"end":{"line":72,"column":63}},{"start":{"line":72,"column":66},"end":{"line":72,"column":71}}],"line":72},"6":{"loc":{"start":{"line":73,"column":18},"end":{"line":73,"column":63}},"type":"cond-expr","locations":[{"start":{"line":73,"column":44},"end":{"line":73,"column":57}},{"start":{"line":73,"column":60},"end":{"line":73,"column":63}}],"line":73},"7":{"loc":{"start":{"line":79,"column":26},"end":{"line":81,"column":54}},"type":"binary-expr","locations":[{"start":{"line":79,"column":26},"end":{"line":79,"column":52}},{"start":{"line":80,"column":26},"end":{"line":80,"column":54}},{"start":{"line":81,"column":26},"end":{"line":81,"column":54}}],"line":79},"8":{"loc":{"start":{"line":83,"column":24},"end":{"line":85,"column":50}},"type":"binary-expr","locations":[{"start":{"line":83,"column":24},"end":{"line":83,"column":48}},{"start":{"line":84,"column":24},"end":{"line":84,"column":50}},{"start":{"line":85,"column":24},"end":{"line":85,"column":50}}],"line":83},"9":{"loc":{"start":{"line":89,"column":9},"end":{"line":89,"column":60}},"type":"binary-expr","locations":[{"start":{"line":89,"column":9},"end":{"line":89,"column":24}},{"start":{"line":89,"column":28},"end":{"line":89,"column":41}},{"start":{"line":89,"column":46},"end":{"line":89,"column":59}}],"line":89},"10":{"loc":{"start":{"line":104,"column":4},"end":{"line":110,"column":5}},"type":"if","locations":[{"start":{"line":104,"column":4},"end":{"line":110,"column":5}},{"start":{},"end":{}}],"line":104},"11":{"loc":{"start":{"line":123,"column":21},"end":{"line":123,"column":35}},"type":"default-arg","locations":[{"start":{"line":123,"column":34},"end":{"line":123,"column":35}}],"line":123},"12":{"loc":{"start":{"line":128,"column":23},"end":{"line":128,"column":86}},"type":"cond-expr","locations":[{"start":{"line":128,"column":42},"end":{"line":128,"column":43}},{"start":{"line":128,"column":46},"end":{"line":128,"column":86}}],"line":128},"13":{"loc":{"start":{"line":128,"column":46},"end":{"line":128,"column":86}},"type":"cond-expr","locations":[{"start":{"line":128,"column":65},"end":{"line":128,"column":66}},{"start":{"line":128,"column":69},"end":{"line":128,"column":86}}],"line":128},"14":{"loc":{"start":{"line":155,"column":30},"end":{"line":155,"column":44}},"type":"default-arg","locations":[{"start":{"line":155,"column":43},"end":{"line":155,"column":44}}],"line":155},"15":{"loc":{"start":{"line":161,"column":2},"end":{"line":165,"column":3}},"type":"if","locations":[{"start":{"line":161,"column":2},"end":{"line":165,"column":3}},{"start":{"line":163,"column":9},"end":{"line":165,"column":3}}],"line":161}},"s":{"0":0,"1":0,"2":0,"3":0,"4":0,"5":0,"6":0,"7":0,"8":0,"9":0,"10":0,"11":0,"12":0,"13":0,"14":0,"15":0,"16":0,"17":0,"18":0,"19":0,"20":0,"21":0,"22":0,"23":0,"24":0,"25":0,"26":0,"27":0,"28":0,"29":0,"30":0,"31":0,"32":0,"33":0,"34":0,"35":0,"36":0,"37":0,"38":0,"39":0,"40":0,"41":0,"42":0,"43":0,"44":0},"f":{"0":0,"1":0,"2":0,"3":0,"4":0,"5":0,"6":0,"7":0,"8":0},"b":{"0":[0],"1":[0,0],"2":[0,0],"3":[0,0],"4":[0,0],"5":[0,0],"6":[0,0],"7":[0,0,0],"8":[0,0,0],"9":[0,0,0],"10":[0,0],"11":[0],"12":[0,0],"13":[0,0],"14":[0],"15":[0,0]}}
}
