{"/Users/m-galloway/dev/meeting-prep/routes/auth.js": {"path":"/Users/m-galloway/dev/meeting-prep/routes/auth.js","statementMap":{"0":{"start":{"line":1,"column":16},"end":{"line":1,"column":34}},"1":{"start":{"line":2,"column":17},"end":{"line":2,"column":36}},"2":{"start":{"line":3,"column":15},"end":{"line":3,"column":31}},"3":{"start":{"line":7,"column":0},"end":{"line":7,"column":195}},"4":{"start":{"line":11,"column":0},"end":{"line":17,"column":2}},"5":{"start":{"line":15,"column":4},"end":{"line":15,"column":31}},"6":{"start":{"line":21,"column":0},"end":{"line":26,"column":3}},"7":{"start":{"line":22,"column":2},"end":{"line":25,"column":5}},"8":{"start":{"line":23,"column":4},"end":{"line":23,"column":34}},"9":{"start":{"line":23,"column":15},"end":{"line":23,"column":32}},"10":{"start":{"line":24,"column":4},"end":{"line":24,"column":22}},"11":{"start":{"line":28,"column":0},"end":{"line":28,"column":24}}},"fnMap":{"0":{"name":"(anonymous_0)","decl":{"start":{"line":14,"column":2},"end":{"line":14,"column":3}},"loc":{"start":{"line":14,"column":16},"end":{"line":16,"column":3}},"line":14},"1":{"name":"(anonymous_1)","decl":{"start":{"line":21,"column":22},"end":{"line":21,"column":23}},"loc":{"start":{"line":21,"column":42},"end":{"line":26,"column":1}},"line":21},"2":{"name":"(anonymous_2)","decl":{"start":{"line":22,"column":13},"end":{"line":22,"column":14}},"loc":{"start":{"line":22,"column":27},"end":{"line":25,"column":3}},"line":22}},"branchMap":{"0":{"loc":{"start":{"line":23,"column":4},"end":{"line":23,"column":34}},"type":"if","locations":[{"start":{"line":23,"column":4},"end":{"line":23,"column":34}},{"start":{},"end":{}}],"line":23}},"s":{"0":0,"1":0,"2":0,"3":0,"4":0,"5":0,"6":0,"7":0,"8":0,"9":0,"10":0,"11":0},"f":{"0":0,"1":0,"2":0},"b":{"0":[0,0]}}
,"/Users/m-galloway/dev/meeting-prep/routes/dashboard.js": {"path":"/Users/m-galloway/dev/meeting-prep/routes/dashboard.js","statementMap":{"0":{"start":{"line":1,"column":16},"end":{"line":1,"column":34}},"1":{"start":{"line":2,"column":15},"end":{"line":2,"column":31}},"2":{"start":{"line":3,"column":23},"end":{"line":3,"column":52}},"3":{"start":{"line":4,"column":26},"end":{"line":4,"column":64}},"4":{"start":{"line":5,"column":81},"end":{"line":5,"column":110}},"5":{"start":{"line":9,"column":0},"end":{"line":74,"column":3}},"6":{"start":{"line":10,"column":2},"end":{"line":73,"column":3}},"7":{"start":{"line":12,"column":23},"end":{"line":12,"column":60}},"8":{"start":{"line":15,"column":21},"end":{"line":15,"column":44}},"9":{"start":{"line":18,"column":26},"end":{"line":18,"column":58}},"10":{"start":{"line":21,"column":4},"end":{"line":23,"column":7}},"11":{"start":{"line":22,"column":6},"end":{"line":22,"column":24}},"12":{"start":{"line":26,"column":19},"end":{"line":32,"column":5}},"13":{"start":{"line":35,"column":4},"end":{"line":35,"column":32}},"14":{"start":{"line":38,"column":26},"end":{"line":38,"column":50}},"15":{"start":{"line":41,"column":4},"end":{"line":57,"column":7}},"16":{"start":{"line":42,"column":6},"end":{"line":56,"column":7}},"17":{"start":{"line":44,"column":8},"end":{"line":55,"column":12}},"18":{"start":{"line":44,"column":73},"end":{"line":55,"column":9}},"19":{"start":{"line":51,"column":46},"end":{"line":51,"column":63}},"20":{"start":{"line":59,"column":4},"end":{"line":66,"column":7}},"21":{"start":{"line":68,"column":4},"end":{"line":68,"column":60}},"22":{"start":{"line":69,"column":4},"end":{"line":72,"column":7}},"23":{"start":{"line":76,"column":0},"end":{"line":76,"column":24}}},"fnMap":{"0":{"name":"(anonymous_0)","decl":{"start":{"line":9,"column":28},"end":{"line":9,"column":29}},"loc":{"start":{"line":9,"column":48},"end":{"line":74,"column":1}},"line":9},"1":{"name":"(anonymous_1)","decl":{"start":{"line":21,"column":21},"end":{"line":21,"column":22}},"loc":{"start":{"line":21,"column":28},"end":{"line":23,"column":5}},"line":21},"2":{"name":"(anonymous_2)","decl":{"start":{"line":41,"column":21},"end":{"line":41,"column":22}},"loc":{"start":{"line":41,"column":28},"end":{"line":57,"column":5}},"line":41},"3":{"name":"(anonymous_3)","decl":{"start":{"line":44,"column":63},"end":{"line":44,"column":64}},"loc":{"start":{"line":44,"column":73},"end":{"line":55,"column":9}},"line":44},"4":{"name":"(anonymous_4)","decl":{"start":{"line":51,"column":41},"end":{"line":51,"column":42}},"loc":{"start":{"line":51,"column":46},"end":{"line":51,"column":63}},"line":51}},"branchMap":{"0":{"loc":{"start":{"line":12,"column":32},"end":{"line":12,"column":59}},"type":"binary-expr","locations":[{"start":{"line":12,"column":32},"end":{"line":12,"column":52}},{"start":{"line":12,"column":56},"end":{"line":12,"column":59}}],"line":12},"1":{"loc":{"start":{"line":42,"column":6},"end":{"line":56,"column":7}},"type":"if","locations":[{"start":{"line":42,"column":6},"end":{"line":56,"column":7}},{"start":{},"end":{}}],"line":42},"2":{"loc":{"start":{"line":51,"column":46},"end":{"line":51,"column":63}},"type":"binary-expr","locations":[{"start":{"line":51,"column":46},"end":{"line":51,"column":52}},{"start":{"line":51,"column":56},"end":{"line":51,"column":63}}],"line":51},"3":{"loc":{"start":{"line":71,"column":13},"end":{"line":71,"column":64}},"type":"cond-expr","locations":[{"start":{"line":71,"column":54},"end":{"line":71,"column":59}},{"start":{"line":71,"column":62},"end":{"line":71,"column":64}}],"line":71}},"s":{"0":0,"1":0,"2":0,"3":0,"4":0,"5":0,"6":0,"7":0,"8":0,"9":0,"10":0,"11":0,"12":0,"13":0,"14":0,"15":0,"16":0,"17":0,"18":0,"19":0,"20":0,"21":0,"22":0,"23":0},"f":{"0":0,"1":0,"2":0,"3":0,"4":0},"b":{"0":[0,0],"1":[0,0],"2":[0,0],"3":[0,0]}}
,"/Users/m-galloway/dev/meeting-prep/routes/documents.js": {"path":"/Users/m-galloway/dev/meeting-prep/routes/documents.js","statementMap":{"0":{"start":{"line":6,"column":16},"end":{"line":6,"column":34}},"1":{"start":{"line":7,"column":15},"end":{"line":7,"column":31}},"2":{"start":{"line":8,"column":23},"end":{"line":8,"column":52}},"3":{"start":{"line":9,"column":24},"end":{"line":9,"column":62}},"4":{"start":{"line":16,"column":0},"end":{"line":46,"column":3}},"5":{"start":{"line":17,"column":2},"end":{"line":45,"column":3}},"6":{"start":{"line":18,"column":24},"end":{"line":18,"column":34}},"7":{"start":{"line":21,"column":19},"end":{"line":21,"column":43}},"8":{"start":{"line":22,"column":18},"end":{"line":22,"column":52}},"9":{"start":{"line":22,"column":35},"end":{"line":22,"column":51}},"10":{"start":{"line":24,"column":4},"end":{"line":29,"column":5}},"11":{"start":{"line":25,"column":6},"end":{"line":28,"column":9}},"12":{"start":{"line":32,"column":22},"end":{"line":32,"column":81}},"13":{"start":{"line":34,"column":4},"end":{"line":37,"column":7}},"14":{"start":{"line":39,"column":4},"end":{"line":39,"column":64}},"15":{"start":{"line":40,"column":4},"end":{"line":44,"column":7}},"16":{"start":{"line":53,"column":0},"end":{"line":75,"column":3}},"17":{"start":{"line":54,"column":2},"end":{"line":74,"column":3}},"18":{"start":{"line":55,"column":27},"end":{"line":55,"column":37}},"19":{"start":{"line":58,"column":21},"end":{"line":58,"column":80}},"20":{"start":{"line":61,"column":30},"end":{"line":61,"column":78}},"21":{"start":{"line":63,"column":4},"end":{"line":66,"column":7}},"22":{"start":{"line":68,"column":4},"end":{"line":68,"column":53}},"23":{"start":{"line":69,"column":4},"end":{"line":73,"column":7}},"24":{"start":{"line":77,"column":0},"end":{"line":77,"column":24}}},"fnMap":{"0":{"name":"(anonymous_0)","decl":{"start":{"line":16,"column":53},"end":{"line":16,"column":54}},"loc":{"start":{"line":16,"column":73},"end":{"line":46,"column":1}},"line":16},"1":{"name":"(anonymous_1)","decl":{"start":{"line":22,"column":30},"end":{"line":22,"column":31}},"loc":{"start":{"line":22,"column":35},"end":{"line":22,"column":51}},"line":22},"2":{"name":"(anonymous_2)","decl":{"start":{"line":53,"column":49},"end":{"line":53,"column":50}},"loc":{"start":{"line":53,"column":69},"end":{"line":75,"column":1}},"line":53}},"branchMap":{"0":{"loc":{"start":{"line":21,"column":19},"end":{"line":21,"column":43}},"type":"binary-expr","locations":[{"start":{"line":21,"column":19},"end":{"line":21,"column":37}},{"start":{"line":21,"column":41},"end":{"line":21,"column":43}}],"line":21},"1":{"loc":{"start":{"line":24,"column":4},"end":{"line":29,"column":5}},"type":"if","locations":[{"start":{"line":24,"column":4},"end":{"line":29,"column":5}},{"start":{},"end":{}}],"line":24},"2":{"loc":{"start":{"line":43,"column":13},"end":{"line":43,"column":79}},"type":"cond-expr","locations":[{"start":{"line":43,"column":54},"end":{"line":43,"column":67}},{"start":{"line":43,"column":70},"end":{"line":43,"column":79}}],"line":43},"3":{"loc":{"start":{"line":72,"column":13},"end":{"line":72,"column":79}},"type":"cond-expr","locations":[{"start":{"line":72,"column":54},"end":{"line":72,"column":67}},{"start":{"line":72,"column":70},"end":{"line":72,"column":79}}],"line":72}},"s":{"0":0,"1":0,"2":0,"3":0,"4":0,"5":0,"6":0,"7":0,"8":0,"9":0,"10":0,"11":0,"12":0,"13":0,"14":0,"15":0,"16":0,"17":0,"18":0,"19":0,"20":0,"21":0,"22":0,"23":0,"24":0},"f":{"0":0,"1":0,"2":0},"b":{"0":[0,0],"1":[0,0],"2":[0,0],"3":[0,0]}}
,"/Users/m-galloway/dev/meeting-prep/routes/index.js": {"path":"/Users/m-galloway/dev/meeting-prep/routes/index.js","statementMap":{"0":{"start":{"line":1,"column":16},"end":{"line":1,"column":34}},"1":{"start":{"line":2,"column":15},"end":{"line":2,"column":31}},"2":{"start":{"line":3,"column":24},"end":{"line":3,"column":53}},"3":{"start":{"line":7,"column":0},"end":{"line":9,"column":3}},"4":{"start":{"line":8,"column":2},"end":{"line":8,"column":22}},"5":{"start":{"line":11,"column":0},"end":{"line":11,"column":24}}},"fnMap":{"0":{"name":"(anonymous_0)","decl":{"start":{"line":7,"column":29},"end":{"line":7,"column":30}},"loc":{"start":{"line":7,"column":43},"end":{"line":9,"column":1}},"line":7}},"branchMap":{},"s":{"0":0,"1":0,"2":0,"3":0,"4":0,"5":0},"f":{"0":0},"b":{}}
,"/Users/m-galloway/dev/meeting-prep/services/calendarService.js": {"path":"/Users/m-galloway/dev/meeting-prep/services/calendarService.js","statementMap":{"0":{"start":{"line":5,"column":19},"end":{"line":5,"column":40}},"1":{"start":{"line":13,"column":23},"end":{"line":17,"column":3}},"2":{"start":{"line":19,"column":2},"end":{"line":22,"column":5}},"3":{"start":{"line":24,"column":2},"end":{"line":24,"column":64}},"4":{"start":{"line":33,"column":14},"end":{"line":33,"column":24}},"5":{"start":{"line":34,"column":21},"end":{"line":34,"column":33}},"6":{"start":{"line":37,"column":23},"end":{"line":37,"column":86}},"7":{"start":{"line":40,"column":20},"end":{"line":40,"column":33}},"8":{"start":{"line":41,"column":2},"end":{"line":41,"column":69}},"9":{"start":{"line":42,"column":2},"end":{"line":42,"column":33}},"10":{"start":{"line":45,"column":18},"end":{"line":45,"column":37}},"11":{"start":{"line":46,"column":2},"end":{"line":46,"column":43}},"12":{"start":{"line":47,"column":2},"end":{"line":47,"column":36}},"13":{"start":{"line":49,"column":2},"end":{"line":54,"column":4}},"14":{"start":{"line":64,"column":2},"end":{"line":80,"column":3}},"15":{"start":{"line":65,"column":21},"end":{"line":65,"column":49}},"16":{"start":{"line":66,"column":22},"end":{"line":66,"column":50}},"17":{"start":{"line":68,"column":21},"end":{"line":74,"column":6}},"18":{"start":{"line":76,"column":4},"end":{"line":76,"column":46}},"19":{"start":{"line":78,"column":4},"end":{"line":78,"column":60}},"20":{"start":{"line":79,"column":4},"end":{"line":79,"column":16}},"21":{"start":{"line":89,"column":2},"end":{"line":91,"column":3}},"22":{"start":{"line":90,"column":4},"end":{"line":90,"column":14}},"23":{"start":{"line":93,"column":2},"end":{"line":123,"column":5}},"24":{"start":{"line":95,"column":18},"end":{"line":95,"column":58}},"25":{"start":{"line":96,"column":16},"end":{"line":96,"column":52}},"26":{"start":{"line":99,"column":22},"end":{"line":107,"column":10}},"27":{"start":{"line":101,"column":30},"end":{"line":101,"column":44}},"28":{"start":{"line":102,"column":28},"end":{"line":106,"column":11}},"29":{"start":{"line":110,"column":4},"end":{"line":122,"column":6}},"30":{"start":{"line":126,"column":0},"end":{"line":129,"column":2}}},"fnMap":{"0":{"name":"createCalendarClient","decl":{"start":{"line":12,"column":9},"end":{"line":12,"column":29}},"loc":{"start":{"line":12,"column":38},"end":{"line":25,"column":1}},"line":12},"1":{"name":"getWeekDateRange","decl":{"start":{"line":32,"column":9},"end":{"line":32,"column":25}},"loc":{"start":{"line":32,"column":42},"end":{"line":55,"column":1}},"line":32},"2":{"name":"getWeekEvents","decl":{"start":{"line":63,"column":15},"end":{"line":63,"column":28}},"loc":{"start":{"line":63,"column":53},"end":{"line":81,"column":1}},"line":63},"3":{"name":"processEvents","decl":{"start":{"line":88,"column":9},"end":{"line":88,"column":22}},"loc":{"start":{"line":88,"column":31},"end":{"line":124,"column":1}},"line":88},"4":{"name":"(anonymous_4)","decl":{"start":{"line":93,"column":20},"end":{"line":93,"column":21}},"loc":{"start":{"line":93,"column":29},"end":{"line":123,"column":3}},"line":93},"5":{"name":"(anonymous_5)","decl":{"start":{"line":101,"column":18},"end":{"line":101,"column":19}},"loc":{"start":{"line":101,"column":30},"end":{"line":101,"column":44}},"line":101},"6":{"name":"(anonymous_6)","decl":{"start":{"line":102,"column":15},"end":{"line":102,"column":16}},"loc":{"start":{"line":102,"column":28},"end":{"line":106,"column":11}},"line":102}},"branchMap":{"0":{"loc":{"start":{"line":32,"column":26},"end":{"line":32,"column":40}},"type":"default-arg","locations":[{"start":{"line":32,"column":39},"end":{"line":32,"column":40}}],"line":32},"1":{"loc":{"start":{"line":37,"column":23},"end":{"line":37,"column":86}},"type":"cond-expr","locations":[{"start":{"line":37,"column":42},"end":{"line":37,"column":43}},{"start":{"line":37,"column":46},"end":{"line":37,"column":86}}],"line":37},"2":{"loc":{"start":{"line":37,"column":46},"end":{"line":37,"column":86}},"type":"cond-expr","locations":[{"start":{"line":37,"column":65},"end":{"line":37,"column":66}},{"start":{"line":37,"column":69},"end":{"line":37,"column":86}}],"line":37},"3":{"loc":{"start":{"line":63,"column":37},"end":{"line":63,"column":51}},"type":"default-arg","locations":[{"start":{"line":63,"column":50},"end":{"line":63,"column":51}}],"line":63},"4":{"loc":{"start":{"line":89,"column":2},"end":{"line":91,"column":3}},"type":"if","locations":[{"start":{"line":89,"column":2},"end":{"line":91,"column":3}},{"start":{},"end":{}}],"line":89},"5":{"loc":{"start":{"line":89,"column":6},"end":{"line":89,"column":36}},"type":"binary-expr","locations":[{"start":{"line":89,"column":6},"end":{"line":89,"column":13}},{"start":{"line":89,"column":17},"end":{"line":89,"column":36}}],"line":89},"6":{"loc":{"start":{"line":95,"column":18},"end":{"line":95,"column":58}},"type":"binary-expr","locations":[{"start":{"line":95,"column":18},"end":{"line":95,"column":38}},{"start":{"line":95,"column":42},"end":{"line":95,"column":58}}],"line":95},"7":{"loc":{"start":{"line":96,"column":16},"end":{"line":96,"column":52}},"type":"binary-expr","locations":[{"start":{"line":96,"column":16},"end":{"line":96,"column":34}},{"start":{"line":96,"column":38},"end":{"line":96,"column":52}}],"line":96},"8":{"loc":{"start":{"line":99,"column":22},"end":{"line":107,"column":10}},"type":"cond-expr","locations":[{"start":{"line":100,"column":8},"end":{"line":106,"column":13}},{"start":{"line":107,"column":8},"end":{"line":107,"column":10}}],"line":99},"9":{"loc":{"start":{"line":104,"column":18},"end":{"line":104,"column":70}},"type":"binary-expr","locations":[{"start":{"line":104,"column":18},"end":{"line":104,"column":38}},{"start":{"line":104,"column":42},"end":{"line":104,"column":70}}],"line":104},"10":{"loc":{"start":{"line":112,"column":13},"end":{"line":112,"column":46}},"type":"binary-expr","locations":[{"start":{"line":112,"column":13},"end":{"line":112,"column":26}},{"start":{"line":112,"column":30},"end":{"line":112,"column":46}}],"line":112},"11":{"loc":{"start":{"line":113,"column":19},"end":{"line":113,"column":42}},"type":"binary-expr","locations":[{"start":{"line":113,"column":19},"end":{"line":113,"column":36}},{"start":{"line":113,"column":40},"end":{"line":113,"column":42}}],"line":113},"12":{"loc":{"start":{"line":114,"column":16},"end":{"line":114,"column":36}},"type":"binary-expr","locations":[{"start":{"line":114,"column":16},"end":{"line":114,"column":30}},{"start":{"line":114,"column":34},"end":{"line":114,"column":36}}],"line":114},"13":{"loc":{"start":{"line":118,"column":19},"end":{"line":118,"column":42}},"type":"binary-expr","locations":[{"start":{"line":118,"column":19},"end":{"line":118,"column":36}},{"start":{"line":118,"column":40},"end":{"line":118,"column":42}}],"line":118},"14":{"loc":{"start":{"line":119,"column":16},"end":{"line":119,"column":36}},"type":"binary-expr","locations":[{"start":{"line":119,"column":16},"end":{"line":119,"column":30}},{"start":{"line":119,"column":34},"end":{"line":119,"column":36}}],"line":119},"15":{"loc":{"start":{"line":120,"column":19},"end":{"line":120,"column":42}},"type":"binary-expr","locations":[{"start":{"line":120,"column":19},"end":{"line":120,"column":36}},{"start":{"line":120,"column":40},"end":{"line":120,"column":42}}],"line":120}},"s":{"0":0,"1":0,"2":0,"3":0,"4":0,"5":0,"6":0,"7":0,"8":0,"9":0,"10":0,"11":0,"12":0,"13":0,"14":0,"15":0,"16":0,"17":0,"18":0,"19":0,"20":0,"21":0,"22":0,"23":0,"24":0,"25":0,"26":0,"27":0,"28":0,"29":0,"30":0},"f":{"0":0,"1":0,"2":0,"3":0,"4":0,"5":0,"6":0},"b":{"0":[0],"1":[0,0],"2":[0,0],"3":[0],"4":[0,0],"5":[0,0],"6":[0,0],"7":[0,0],"8":[0,0],"9":[0,0],"10":[0,0],"11":[0,0],"12":[0,0],"13":[0,0],"14":[0,0],"15":[0,0]}}
,"/Users/m-galloway/dev/meeting-prep/services/documentService.js": {"path":"/Users/m-galloway/dev/meeting-prep/services/documentService.js","statementMap":{"0":{"start":{"line":6,"column":19},"end":{"line":6,"column":40}},"1":{"start":{"line":9,"column":22},"end":{"line":9,"column":31}},"2":{"start":{"line":17,"column":23},"end":{"line":21,"column":3}},"3":{"start":{"line":23,"column":2},"end":{"line":26,"column":5}},"4":{"start":{"line":28,"column":2},"end":{"line":28,"column":60}},"5":{"start":{"line":37,"column":2},"end":{"line":37,"column":24}},"6":{"start":{"line":37,"column":12},"end":{"line":37,"column":24}},"7":{"start":{"line":40,"column":21},"end":{"line":40,"column":65}},"8":{"start":{"line":41,"column":2},"end":{"line":41,"column":60}},"9":{"start":{"line":51,"column":2},"end":{"line":51,"column":24}},"10":{"start":{"line":51,"column":14},"end":{"line":51,"column":24}},"11":{"start":{"line":53,"column":15},"end":{"line":53,"column":17}},"12":{"start":{"line":56,"column":2},"end":{"line":70,"column":3}},"13":{"start":{"line":57,"column":4},"end":{"line":69,"column":7}},"14":{"start":{"line":59,"column":6},"end":{"line":68,"column":7}},"15":{"start":{"line":60,"column":22},"end":{"line":60,"column":66}},"16":{"start":{"line":61,"column":8},"end":{"line":67,"column":9}},"17":{"start":{"line":62,"column":10},"end":{"line":66,"column":13}},"18":{"start":{"line":72,"column":2},"end":{"line":72,"column":14}},"19":{"start":{"line":83,"column":19},"end":{"line":83,"column":34}},"20":{"start":{"line":84,"column":2},"end":{"line":86,"column":3}},"21":{"start":{"line":85,"column":4},"end":{"line":85,"column":39}},"22":{"start":{"line":88,"column":2},"end":{"line":101,"column":3}},"23":{"start":{"line":89,"column":23},"end":{"line":89,"column":47}},"24":{"start":{"line":90,"column":21},"end":{"line":92,"column":6}},"25":{"start":{"line":95,"column":4},"end":{"line":95,"column":47}},"26":{"start":{"line":97,"column":4},"end":{"line":97,"column":25}},"27":{"start":{"line":99,"column":4},"end":{"line":99,"column":53}},"28":{"start":{"line":100,"column":4},"end":{"line":100,"column":16}},"29":{"start":{"line":110,"column":2},"end":{"line":112,"column":3}},"30":{"start":{"line":111,"column":4},"end":{"line":111,"column":54}},"31":{"start":{"line":114,"column":16},"end":{"line":114,"column":53}},"32":{"start":{"line":115,"column":16},"end":{"line":115,"column":18}},"33":{"start":{"line":118,"column":2},"end":{"line":126,"column":5}},"34":{"start":{"line":119,"column":4},"end":{"line":125,"column":5}},"35":{"start":{"line":120,"column":6},"end":{"line":124,"column":9}},"36":{"start":{"line":121,"column":8},"end":{"line":123,"column":9}},"37":{"start":{"line":122,"column":10},"end":{"line":122,"column":49}},"38":{"start":{"line":128,"column":2},"end":{"line":131,"column":4}},"39":{"start":{"line":138,"column":2},"end":{"line":138,"column":24}},"40":{"start":{"line":141,"column":0},"end":{"line":146,"column":2}}},"fnMap":{"0":{"name":"createDocsClient","decl":{"start":{"line":16,"column":9},"end":{"line":16,"column":25}},"loc":{"start":{"line":16,"column":34},"end":{"line":29,"column":1}},"line":16},"1":{"name":"extractDocumentIdFromUrl","decl":{"start":{"line":36,"column":9},"end":{"line":36,"column":33}},"loc":{"start":{"line":36,"column":39},"end":{"line":42,"column":1}},"line":36},"2":{"name":"getDocumentsForEvent","decl":{"start":{"line":50,"column":15},"end":{"line":50,"column":35}},"loc":{"start":{"line":50,"column":51},"end":{"line":73,"column":1}},"line":50},"3":{"name":"(anonymous_3)","decl":{"start":{"line":57,"column":30},"end":{"line":57,"column":31}},"loc":{"start":{"line":57,"column":44},"end":{"line":69,"column":5}},"line":57},"4":{"name":"getDocumentById","decl":{"start":{"line":81,"column":15},"end":{"line":81,"column":30}},"loc":{"start":{"line":81,"column":51},"end":{"line":102,"column":1}},"line":81},"5":{"name":"extractDocumentContent","decl":{"start":{"line":109,"column":9},"end":{"line":109,"column":31}},"loc":{"start":{"line":109,"column":42},"end":{"line":132,"column":1}},"line":109},"6":{"name":"(anonymous_6)","decl":{"start":{"line":118,"column":32},"end":{"line":118,"column":33}},"loc":{"start":{"line":118,"column":43},"end":{"line":126,"column":3}},"line":118},"7":{"name":"(anonymous_7)","decl":{"start":{"line":120,"column":41},"end":{"line":120,"column":42}},"loc":{"start":{"line":120,"column":56},"end":{"line":124,"column":7}},"line":120},"8":{"name":"clearCache","decl":{"start":{"line":137,"column":9},"end":{"line":137,"column":19}},"loc":{"start":{"line":137,"column":22},"end":{"line":139,"column":1}},"line":137}},"branchMap":{"0":{"loc":{"start":{"line":24,"column":18},"end":{"line":24,"column":59}},"type":"binary-expr","locations":[{"start":{"line":24,"column":18},"end":{"line":24,"column":36}},{"start":{"line":24,"column":40},"end":{"line":24,"column":59}}],"line":24},"1":{"loc":{"start":{"line":25,"column":19},"end":{"line":25,"column":62}},"type":"binary-expr","locations":[{"start":{"line":25,"column":19},"end":{"line":25,"column":38}},{"start":{"line":25,"column":42},"end":{"line":25,"column":62}}],"line":25},"2":{"loc":{"start":{"line":37,"column":2},"end":{"line":37,"column":24}},"type":"if","locations":[{"start":{"line":37,"column":2},"end":{"line":37,"column":24}},{"start":{},"end":{}}],"line":37},"3":{"loc":{"start":{"line":41,"column":9},"end":{"line":41,"column":59}},"type":"cond-expr","locations":[{"start":{"line":41,"column":39},"end":{"line":41,"column":52}},{"start":{"line":41,"column":55},"end":{"line":41,"column":59}}],"line":41},"4":{"loc":{"start":{"line":41,"column":9},"end":{"line":41,"column":36}},"type":"binary-expr","locations":[{"start":{"line":41,"column":9},"end":{"line":41,"column":19}},{"start":{"line":41,"column":23},"end":{"line":41,"column":36}}],"line":41},"5":{"loc":{"start":{"line":51,"column":2},"end":{"line":51,"column":24}},"type":"if","locations":[{"start":{"line":51,"column":2},"end":{"line":51,"column":24}},{"start":{},"end":{}}],"line":51},"6":{"loc":{"start":{"line":56,"column":2},"end":{"line":70,"column":3}},"type":"if","locations":[{"start":{"line":56,"column":2},"end":{"line":70,"column":3}},{"start":{},"end":{}}],"line":56},"7":{"loc":{"start":{"line":56,"column":6},"end":{"line":56,"column":59}},"type":"binary-expr","locations":[{"start":{"line":56,"column":6},"end":{"line":56,"column":23}},{"start":{"line":56,"column":27},"end":{"line":56,"column":59}}],"line":56},"8":{"loc":{"start":{"line":59,"column":6},"end":{"line":68,"column":7}},"type":"if","locations":[{"start":{"line":59,"column":6},"end":{"line":68,"column":7}},{"start":{},"end":{}}],"line":59},"9":{"loc":{"start":{"line":59,"column":10},"end":{"line":59,"column":94}},"type":"binary-expr","locations":[{"start":{"line":59,"column":10},"end":{"line":59,"column":72}},{"start":{"line":59,"column":76},"end":{"line":59,"column":94}}],"line":59},"10":{"loc":{"start":{"line":61,"column":8},"end":{"line":67,"column":9}},"type":"if","locations":[{"start":{"line":61,"column":8},"end":{"line":67,"column":9}},{"start":{},"end":{}}],"line":61},"11":{"loc":{"start":{"line":64,"column":19},"end":{"line":64,"column":58}},"type":"binary-expr","locations":[{"start":{"line":64,"column":19},"end":{"line":64,"column":35}},{"start":{"line":64,"column":39},"end":{"line":64,"column":58}}],"line":64},"12":{"loc":{"start":{"line":84,"column":2},"end":{"line":86,"column":3}},"type":"if","locations":[{"start":{"line":84,"column":2},"end":{"line":86,"column":3}},{"start":{},"end":{}}],"line":84},"13":{"loc":{"start":{"line":110,"column":2},"end":{"line":112,"column":3}},"type":"if","locations":[{"start":{"line":110,"column":2},"end":{"line":112,"column":3}},{"start":{},"end":{}}],"line":110},"14":{"loc":{"start":{"line":110,"column":6},"end":{"line":110,"column":59}},"type":"binary-expr","locations":[{"start":{"line":110,"column":6},"end":{"line":110,"column":15}},{"start":{"line":110,"column":19},"end":{"line":110,"column":33}},{"start":{"line":110,"column":37},"end":{"line":110,"column":59}}],"line":110},"15":{"loc":{"start":{"line":114,"column":16},"end":{"line":114,"column":53}},"type":"binary-expr","locations":[{"start":{"line":114,"column":16},"end":{"line":114,"column":30}},{"start":{"line":114,"column":34},"end":{"line":114,"column":53}}],"line":114},"16":{"loc":{"start":{"line":119,"column":4},"end":{"line":125,"column":5}},"type":"if","locations":[{"start":{"line":119,"column":4},"end":{"line":125,"column":5}},{"start":{},"end":{}}],"line":119},"17":{"loc":{"start":{"line":121,"column":8},"end":{"line":123,"column":9}},"type":"if","locations":[{"start":{"line":121,"column":8},"end":{"line":123,"column":9}},{"start":{},"end":{}}],"line":121},"18":{"loc":{"start":{"line":121,"column":12},"end":{"line":121,"column":62}},"type":"binary-expr","locations":[{"start":{"line":121,"column":12},"end":{"line":121,"column":31}},{"start":{"line":121,"column":35},"end":{"line":121,"column":62}}],"line":121}},"s":{"0":1,"1":1,"2":2,"3":2,"4":2,"5":2,"6":0,"7":2,"8":2,"9":3,"10":1,"11":2,"12":2,"13":1,"14":3,"15":2,"16":2,"17":2,"18":2,"19":2,"20":2,"21":0,"22":2,"23":2,"24":2,"25":1,"26":1,"27":1,"28":1,"29":2,"30":0,"31":2,"32":2,"33":2,"34":2,"35":2,"36":2,"37":2,"38":2,"39":1,"40":1},"f":{"0":2,"1":2,"2":3,"3":3,"4":2,"5":2,"6":2,"7":2,"8":1},"b":{"0":[2,0],"1":[2,0],"2":[0,2],"3":[2,0],"4":[2,2],"5":[1,2],"6":[1,1],"7":[2,1],"8":[2,1],"9":[3,2],"10":[2,0],"11":[2,0],"12":[0,2],"13":[0,2],"14":[2,2,2],"15":[2,0],"16":[2,0],"17":[2,0],"18":[2,2]},"_coverageSchema":"1a1c01bbd47fc00a2c39e90264f33305004495a9","hash":"9bc31103cdd02a4c6061a429dbd6ad51f0756977"}
,"/Users/m-galloway/dev/meeting-prep/utils/dateUtils.js": {"path":"/Users/m-galloway/dev/meeting-prep/utils/dateUtils.js","statementMap":{"0":{"start":{"line":13,"column":18},"end":{"line":13,"column":66}},"1":{"start":{"line":15,"column":25},"end":{"line":20,"column":3}},"2":{"start":{"line":22,"column":2},"end":{"line":22,"column":61}},"3":{"start":{"line":31,"column":18},"end":{"line":31,"column":66}},"4":{"start":{"line":33,"column":2},"end":{"line":37,"column":5}},"5":{"start":{"line":47,"column":20},"end":{"line":47,"column":71}},"6":{"start":{"line":48,"column":18},"end":{"line":48,"column":63}},"7":{"start":{"line":51,"column":2},"end":{"line":53,"column":3}},"8":{"start":{"line":52,"column":4},"end":{"line":52,"column":21}},"9":{"start":{"line":55,"column":2},"end":{"line":55,"column":61}},"10":{"start":{"line":65,"column":20},"end":{"line":65,"column":71}},"11":{"start":{"line":66,"column":18},"end":{"line":66,"column":63}},"12":{"start":{"line":72,"column":26},"end":{"line":74,"column":54}},"13":{"start":{"line":76,"column":24},"end":{"line":78,"column":50}},"14":{"start":{"line":80,"column":19},"end":{"line":80,"column":76}},"15":{"start":{"line":82,"column":2},"end":{"line":82,"column":61}},"16":{"start":{"line":91,"column":24},"end":{"line":91,"column":26}},"17":{"start":{"line":93,"column":2},"end":{"line":106,"column":5}},"18":{"start":{"line":94,"column":22},"end":{"line":94,"column":43}},"19":{"start":{"line":95,"column":19},"end":{"line":95,"column":56}},"20":{"start":{"line":97,"column":4},"end":{"line":103,"column":5}},"21":{"start":{"line":98,"column":6},"end":{"line":102,"column":8}},"22":{"start":{"line":105,"column":4},"end":{"line":105,"column":45}},"23":{"start":{"line":108,"column":2},"end":{"line":108,"column":23}},"24":{"start":{"line":117,"column":14},"end":{"line":117,"column":24}},"25":{"start":{"line":118,"column":21},"end":{"line":118,"column":33}},"26":{"start":{"line":121,"column":23},"end":{"line":121,"column":86}},"27":{"start":{"line":123,"column":19},"end":{"line":123,"column":21}},"28":{"start":{"line":126,"column":2},"end":{"line":138,"column":3}},"29":{"start":{"line":126,"column":15},"end":{"line":126,"column":16}},"30":{"start":{"line":127,"column":17},"end":{"line":127,"column":30}},"31":{"start":{"line":128,"column":4},"end":{"line":128,"column":70}},"32":{"start":{"line":130,"column":4},"end":{"line":137,"column":7}},"33":{"start":{"line":140,"column":2},"end":{"line":140,"column":18}},"34":{"start":{"line":149,"column":19},"end":{"line":149,"column":42}},"35":{"start":{"line":150,"column":19},"end":{"line":150,"column":35}},"36":{"start":{"line":151,"column":18},"end":{"line":151,"column":34}},"37":{"start":{"line":154,"column":2},"end":{"line":158,"column":3}},"38":{"start":{"line":155,"column":4},"end":{"line":155,"column":126}},"39":{"start":{"line":157,"column":4},"end":{"line":157,"column":170}},"40":{"start":{"line":161,"column":0},"end":{"line":169,"column":2}}},"fnMap":{"0":{"name":"formatDate","decl":{"start":{"line":12,"column":9},"end":{"line":12,"column":19}},"loc":{"start":{"line":12,"column":40},"end":{"line":23,"column":1}},"line":12},"1":{"name":"formatTime","decl":{"start":{"line":30,"column":9},"end":{"line":30,"column":19}},"loc":{"start":{"line":30,"column":26},"end":{"line":38,"column":1}},"line":30},"2":{"name":"formatDateRange","decl":{"start":{"line":46,"column":9},"end":{"line":46,"column":24}},"loc":{"start":{"line":46,"column":37},"end":{"line":56,"column":1}},"line":46},"3":{"name":"isAllDayEvent","decl":{"start":{"line":64,"column":9},"end":{"line":64,"column":22}},"loc":{"start":{"line":64,"column":35},"end":{"line":83,"column":1}},"line":64},"4":{"name":"groupEventsByDay","decl":{"start":{"line":90,"column":9},"end":{"line":90,"column":25}},"loc":{"start":{"line":90,"column":34},"end":{"line":109,"column":1}},"line":90},"5":{"name":"(anonymous_5)","decl":{"start":{"line":93,"column":17},"end":{"line":93,"column":18}},"loc":{"start":{"line":93,"column":26},"end":{"line":106,"column":3}},"line":93},"6":{"name":"getWeekDays","decl":{"start":{"line":116,"column":9},"end":{"line":116,"column":20}},"loc":{"start":{"line":116,"column":37},"end":{"line":141,"column":1}},"line":116},"7":{"name":"getWeekDateRangeText","decl":{"start":{"line":148,"column":9},"end":{"line":148,"column":29}},"loc":{"start":{"line":148,"column":46},"end":{"line":159,"column":1}},"line":148}},"branchMap":{"0":{"loc":{"start":{"line":12,"column":26},"end":{"line":12,"column":38}},"type":"default-arg","locations":[{"start":{"line":12,"column":36},"end":{"line":12,"column":38}}],"line":12},"1":{"loc":{"start":{"line":13,"column":18},"end":{"line":13,"column":66}},"type":"cond-expr","locations":[{"start":{"line":13,"column":45},"end":{"line":13,"column":59}},{"start":{"line":13,"column":62},"end":{"line":13,"column":66}}],"line":13},"2":{"loc":{"start":{"line":31,"column":18},"end":{"line":31,"column":66}},"type":"cond-expr","locations":[{"start":{"line":31,"column":45},"end":{"line":31,"column":59}},{"start":{"line":31,"column":62},"end":{"line":31,"column":66}}],"line":31},"3":{"loc":{"start":{"line":47,"column":20},"end":{"line":47,"column":71}},"type":"cond-expr","locations":[{"start":{"line":47,"column":48},"end":{"line":47,"column":63}},{"start":{"line":47,"column":66},"end":{"line":47,"column":71}}],"line":47},"4":{"loc":{"start":{"line":48,"column":18},"end":{"line":48,"column":63}},"type":"cond-expr","locations":[{"start":{"line":48,"column":44},"end":{"line":48,"column":57}},{"start":{"line":48,"column":60},"end":{"line":48,"column":63}}],"line":48},"5":{"loc":{"start":{"line":51,"column":2},"end":{"line":53,"column":3}},"type":"if","locations":[{"start":{"line":51,"column":2},"end":{"line":53,"column":3}},{"start":{},"end":{}}],"line":51},"6":{"loc":{"start":{"line":65,"column":20},"end":{"line":65,"column":71}},"type":"cond-expr","locations":[{"start":{"line":65,"column":48},"end":{"line":65,"column":63}},{"start":{"line":65,"column":66},"end":{"line":65,"column":71}}],"line":65},"7":{"loc":{"start":{"line":66,"column":18},"end":{"line":66,"column":63}},"type":"cond-expr","locations":[{"start":{"line":66,"column":44},"end":{"line":66,"column":57}},{"start":{"line":66,"column":60},"end":{"line":66,"column":63}}],"line":66},"8":{"loc":{"start":{"line":72,"column":26},"end":{"line":74,"column":54}},"type":"binary-expr","locations":[{"start":{"line":72,"column":26},"end":{"line":72,"column":52}},{"start":{"line":73,"column":26},"end":{"line":73,"column":54}},{"start":{"line":74,"column":26},"end":{"line":74,"column":54}}],"line":72},"9":{"loc":{"start":{"line":76,"column":24},"end":{"line":78,"column":50}},"type":"binary-expr","locations":[{"start":{"line":76,"column":24},"end":{"line":76,"column":48}},{"start":{"line":77,"column":24},"end":{"line":77,"column":50}},{"start":{"line":78,"column":24},"end":{"line":78,"column":50}}],"line":76},"10":{"loc":{"start":{"line":82,"column":9},"end":{"line":82,"column":60}},"type":"binary-expr","locations":[{"start":{"line":82,"column":9},"end":{"line":82,"column":24}},{"start":{"line":82,"column":28},"end":{"line":82,"column":41}},{"start":{"line":82,"column":46},"end":{"line":82,"column":59}}],"line":82},"11":{"loc":{"start":{"line":97,"column":4},"end":{"line":103,"column":5}},"type":"if","locations":[{"start":{"line":97,"column":4},"end":{"line":103,"column":5}},{"start":{},"end":{}}],"line":97},"12":{"loc":{"start":{"line":116,"column":21},"end":{"line":116,"column":35}},"type":"default-arg","locations":[{"start":{"line":116,"column":34},"end":{"line":116,"column":35}}],"line":116},"13":{"loc":{"start":{"line":121,"column":23},"end":{"line":121,"column":86}},"type":"cond-expr","locations":[{"start":{"line":121,"column":42},"end":{"line":121,"column":43}},{"start":{"line":121,"column":46},"end":{"line":121,"column":86}}],"line":121},"14":{"loc":{"start":{"line":121,"column":46},"end":{"line":121,"column":86}},"type":"cond-expr","locations":[{"start":{"line":121,"column":65},"end":{"line":121,"column":66}},{"start":{"line":121,"column":69},"end":{"line":121,"column":86}}],"line":121},"15":{"loc":{"start":{"line":148,"column":30},"end":{"line":148,"column":44}},"type":"default-arg","locations":[{"start":{"line":148,"column":43},"end":{"line":148,"column":44}}],"line":148},"16":{"loc":{"start":{"line":154,"column":2},"end":{"line":158,"column":3}},"type":"if","locations":[{"start":{"line":154,"column":2},"end":{"line":158,"column":3}},{"start":{"line":156,"column":9},"end":{"line":158,"column":3}}],"line":154}},"s":{"0":0,"1":0,"2":0,"3":0,"4":0,"5":0,"6":0,"7":0,"8":0,"9":0,"10":0,"11":0,"12":0,"13":0,"14":0,"15":0,"16":0,"17":0,"18":0,"19":0,"20":0,"21":0,"22":0,"23":0,"24":0,"25":0,"26":0,"27":0,"28":0,"29":0,"30":0,"31":0,"32":0,"33":0,"34":0,"35":0,"36":0,"37":0,"38":0,"39":0,"40":0},"f":{"0":0,"1":0,"2":0,"3":0,"4":0,"5":0,"6":0,"7":0},"b":{"0":[0],"1":[0,0],"2":[0,0],"3":[0,0],"4":[0,0],"5":[0,0],"6":[0,0],"7":[0,0],"8":[0,0,0],"9":[0,0,0],"10":[0,0,0],"11":[0,0],"12":[0],"13":[0,0],"14":[0,0],"15":[0],"16":[0,0]}}
}
