TN:
SF:routes/auth.js
FN:14,(anonymous_0)
FN:21,(anonymous_1)
FN:22,(anonymous_2)
FNF:3
FNH:0
FNDA:0,(anonymous_0)
FNDA:0,(anonymous_1)
FNDA:0,(anonymous_2)
DA:1,0
DA:2,0
DA:3,0
DA:7,0
DA:11,0
DA:15,0
DA:21,0
DA:22,0
DA:23,0
DA:24,0
DA:28,0
LF:11
LH:0
BRDA:23,0,0,0
BRDA:23,0,1,0
BRF:2
BRH:0
end_of_record
TN:
SF:routes/dashboard.js
FN:9,(anonymous_0)
FN:21,(anonymous_1)
FN:41,(anonymous_2)
FN:44,(anonymous_3)
FN:52,(anonymous_4)
FN:54,(anonymous_5)
FNF:6
FNH:0
FNDA:0,(anonymous_0)
FNDA:0,(anonymous_1)
FNDA:0,(anonymous_2)
FNDA:0,(anonymous_3)
FNDA:0,(anonymous_4)
FNDA:0,(anonymous_5)
DA:1,0
DA:2,0
DA:3,0
DA:4,0
DA:5,0
DA:9,0
DA:10,0
DA:12,0
DA:15,0
DA:18,0
DA:21,0
DA:22,0
DA:26,0
DA:35,0
DA:38,0
DA:41,0
DA:42,0
DA:44,0
DA:52,0
DA:54,0
DA:62,0
DA:71,0
DA:72,0
DA:79,0
LF:24
LH:0
BRDA:12,0,0,0
BRDA:12,0,1,0
BRDA:42,1,0,0
BRDA:42,1,1,0
BRDA:52,2,0,0
BRDA:52,2,1,0
BRDA:54,3,0,0
BRDA:54,3,1,0
BRDA:74,4,0,0
BRDA:74,4,1,0
BRF:10
BRH:0
end_of_record
TN:
SF:routes/documents.js
FN:16,(anonymous_0)
FN:22,(anonymous_1)
FN:53,(anonymous_2)
FNF:3
FNH:0
FNDA:0,(anonymous_0)
FNDA:0,(anonymous_1)
FNDA:0,(anonymous_2)
DA:6,0
DA:7,0
DA:8,0
DA:9,0
DA:16,0
DA:17,0
DA:18,0
DA:21,0
DA:22,0
DA:24,0
DA:25,0
DA:32,0
DA:34,0
DA:39,0
DA:40,0
DA:53,0
DA:54,0
DA:55,0
DA:58,0
DA:61,0
DA:63,0
DA:68,0
DA:69,0
DA:77,0
LF:24
LH:0
BRDA:21,0,0,0
BRDA:21,0,1,0
BRDA:24,1,0,0
BRDA:24,1,1,0
BRDA:43,2,0,0
BRDA:43,2,1,0
BRDA:72,3,0,0
BRDA:72,3,1,0
BRF:8
BRH:0
end_of_record
TN:
SF:routes/history.js
FN:16,(anonymous_0)
FN:29,(anonymous_1)
FN:53,(anonymous_2)
FN:94,(anonymous_3)
FNF:4
FNH:0
FNDA:0,(anonymous_0)
FNDA:0,(anonymous_1)
FNDA:0,(anonymous_2)
FNDA:0,(anonymous_3)
DA:5,0
DA:6,0
DA:7,0
DA:8,0
DA:9,0
DA:16,0
DA:17,0
DA:18,0
DA:21,0
DA:26,0
DA:29,0
DA:41,0
DA:43,0
DA:44,0
DA:53,0
DA:54,0
DA:55,0
DA:56,0
DA:59,0
DA:61,0
DA:62,0
DA:66,0
DA:67,0
DA:71,0
DA:74,0
DA:77,0
DA:94,0
DA:102,0
DA:104,0
DA:105,0
DA:109,0
LF:31
LH:0
BRDA:37,0,0,0
BRDA:37,0,1,0
BRDA:38,1,0,0
BRDA:38,1,1,0
BRDA:61,2,0,0
BRDA:61,2,1,0
BRDA:66,3,0,0
BRDA:66,3,1,0
BRDA:85,4,0,0
BRDA:85,4,1,0
BRDA:86,5,0,0
BRDA:86,5,1,0
BRDA:87,6,0,0
BRDA:87,6,1,0
BRDA:92,7,0,0
BRDA:92,7,1,0
BRF:16
BRH:0
end_of_record
TN:
SF:routes/index.js
FN:7,(anonymous_0)
FNF:1
FNH:0
FNDA:0,(anonymous_0)
DA:1,0
DA:2,0
DA:3,0
DA:7,0
DA:8,0
DA:11,0
LF:6
LH:0
BRF:0
BRH:0
end_of_record
TN:
SF:routes/preparation.js
FN:11,(anonymous_0)
FN:54,(anonymous_1)
FN:93,(anonymous_2)
FN:95,(anonymous_3)
FN:96,(anonymous_4)
FN:125,(anonymous_5)
FN:146,(anonymous_6)
FNF:7
FNH:0
FNDA:0,(anonymous_0)
FNDA:0,(anonymous_1)
FNDA:0,(anonymous_2)
FNDA:0,(anonymous_3)
FNDA:0,(anonymous_4)
FNDA:0,(anonymous_5)
FNDA:0,(anonymous_6)
DA:1,0
DA:2,0
DA:3,0
DA:4,0
DA:11,0
DA:12,0
DA:13,0
DA:14,0
DA:17,0
DA:26,0
DA:27,0
DA:29,0
DA:32,0
DA:35,0
DA:40,0
DA:41,0
DA:43,0
DA:44,0
DA:45,0
DA:54,0
DA:55,0
DA:56,0
DA:57,0
DA:60,0
DA:70,0
DA:73,0
DA:74,0
DA:75,0
DA:78,0
DA:79,0
DA:80,0
DA:84,0
DA:85,0
DA:88,0
DA:89,0
DA:91,0
DA:92,0
DA:93,0
DA:94,0
DA:95,0
DA:96,0
DA:101,0
DA:102,0
DA:105,0
DA:108,0
DA:113,0
DA:115,0
DA:116,0
DA:125,0
DA:126,0
DA:127,0
DA:128,0
DA:131,0
DA:133,0
DA:134,0
DA:136,0
DA:137,0
DA:146,0
DA:147,0
DA:148,0
DA:149,0
DA:151,0
DA:152,0
DA:156,0
DA:158,0
DA:159,0
DA:161,0
DA:164,0
DA:165,0
DA:169,0
LF:70
LH:0
BRDA:79,0,0,0
BRDA:79,0,1,0
BRDA:89,1,0,0
BRDA:89,1,1,0
BRDA:91,2,0,0
BRDA:91,2,1,0
BRDA:91,3,0,0
BRDA:91,3,1,0
BRDA:151,4,0,0
BRDA:151,4,1,0
BRDA:158,5,0,0
BRDA:158,5,1,0
BRF:12
BRH:0
end_of_record
TN:
SF:services/calendarService.js
FN:12,createCalendarClient
FN:32,getWeekDateRange
FN:63,getWeekEvents
FN:88,processEvents
FN:93,(anonymous_4)
FN:101,(anonymous_5)
FN:102,(anonymous_6)
FN:132,getEventById
FN:163,getEventsByDate
FNF:9
FNH:0
FNDA:0,createCalendarClient
FNDA:0,getWeekDateRange
FNDA:0,getWeekEvents
FNDA:0,processEvents
FNDA:0,(anonymous_4)
FNDA:0,(anonymous_5)
FNDA:0,(anonymous_6)
FNDA:0,getEventById
FNDA:0,getEventsByDate
DA:5,0
DA:13,0
DA:19,0
DA:24,0
DA:33,0
DA:34,0
DA:37,0
DA:40,0
DA:41,0
DA:42,0
DA:45,0
DA:46,0
DA:47,0
DA:49,0
DA:64,0
DA:65,0
DA:66,0
DA:68,0
DA:76,0
DA:78,0
DA:79,0
DA:89,0
DA:90,0
DA:93,0
DA:95,0
DA:96,0
DA:99,0
DA:101,0
DA:102,0
DA:110,0
DA:133,0
DA:134,0
DA:135,0
DA:137,0
DA:142,0
DA:143,0
DA:144,0
DA:148,0
DA:149,0
DA:151,0
DA:152,0
DA:164,0
DA:165,0
DA:167,0
DA:168,0
DA:169,0
DA:172,0
DA:175,0
DA:176,0
DA:178,0
DA:180,0
DA:189,0
DA:190,0
DA:192,0
DA:194,0
DA:195,0
DA:199,0
LF:57
LH:0
BRDA:32,0,0,0
BRDA:37,1,0,0
BRDA:37,1,1,0
BRDA:37,2,0,0
BRDA:37,2,1,0
BRDA:63,3,0,0
BRDA:89,4,0,0
BRDA:89,4,1,0
BRDA:89,5,0,0
BRDA:89,5,1,0
BRDA:95,6,0,0
BRDA:95,6,1,0
BRDA:96,7,0,0
BRDA:96,7,1,0
BRDA:99,8,0,0
BRDA:99,8,1,0
BRDA:104,9,0,0
BRDA:104,9,1,0
BRDA:112,10,0,0
BRDA:112,10,1,0
BRDA:113,11,0,0
BRDA:113,11,1,0
BRDA:114,12,0,0
BRDA:114,12,1,0
BRDA:118,13,0,0
BRDA:118,13,1,0
BRDA:119,14,0,0
BRDA:119,14,1,0
BRDA:120,15,0,0
BRDA:120,15,1,0
BRDA:142,16,0,0
BRDA:142,16,1,0
BRDA:142,17,0,0
BRDA:142,17,1,0
BRDA:167,18,0,0
BRDA:167,18,1,0
BRDA:189,19,0,0
BRDA:189,19,1,0
BRF:38
BRH:0
end_of_record
TN:
SF:services/dailyBriefingService.js
FN:10,(anonymous_0)
FN:22,(anonymous_1)
FN:134,(anonymous_2)
FN:166,(anonymous_3)
FN:212,(anonymous_4)
FN:222,(anonymous_5)
FN:227,(anonymous_6)
FN:237,(anonymous_7)
FN:239,(anonymous_8)
FN:251,(anonymous_9)
FN:259,(anonymous_10)
FN:281,(anonymous_11)
FN:297,(anonymous_12)
FN:311,(anonymous_13)
FN:325,(anonymous_14)
FNF:15
FNH:15
FNDA:1,(anonymous_0)
FNDA:5,(anonymous_1)
FNDA:6,(anonymous_2)
FNDA:2,(anonymous_3)
FNDA:3,(anonymous_4)
FNDA:3,(anonymous_5)
FNDA:1,(anonymous_6)
FNDA:2,(anonymous_7)
FNDA:1,(anonymous_8)
FNDA:1,(anonymous_9)
FNDA:1,(anonymous_10)
FNDA:2,(anonymous_11)
FNDA:1,(anonymous_12)
FNDA:1,(anonymous_13)
FNDA:1,(anonymous_14)
DA:1,1
DA:2,1
DA:3,1
DA:4,1
DA:5,1
DA:6,1
DA:7,1
DA:11,1
DA:23,5
DA:24,5
DA:27,5
DA:28,5
DA:29,1
DA:30,1
DA:34,4
DA:37,4
DA:38,4
DA:40,4
DA:41,1
DA:42,1
DA:47,3
DA:48,1
DA:50,2
DA:58,3
DA:60,3
DA:62,3
DA:64,3
DA:65,3
DA:67,3
DA:68,3
DA:69,3
DA:71,3
DA:72,1
DA:81,3
DA:82,3
DA:83,3
DA:84,1
DA:87,0
DA:93,3
DA:95,3
DA:102,2
DA:104,2
DA:111,2
DA:113,2
DA:114,2
DA:118,1
DA:119,1
DA:123,1
DA:124,1
DA:135,6
DA:136,6
DA:139,6
DA:146,6
DA:147,1
DA:148,1
DA:158,5
DA:160,5
DA:161,3
DA:162,3
DA:166,2
DA:171,2
DA:177,2
DA:188,2
DA:190,2
DA:200,0
DA:201,0
DA:213,3
DA:214,3
DA:217,3
DA:222,3
DA:227,1
DA:233,3
DA:236,2
DA:237,2
DA:238,2
DA:239,2
DA:240,1
DA:241,1
DA:247,2
DA:250,2
DA:251,2
DA:252,1
DA:253,1
DA:257,2
DA:259,1
DA:262,2
DA:270,1
DA:271,1
DA:282,2
DA:283,2
DA:285,1
DA:286,1
DA:298,1
DA:299,1
DA:301,0
DA:302,0
DA:312,1
DA:313,1
DA:315,0
DA:316,0
DA:326,1
DA:327,1
DA:329,0
DA:330,0
DA:335,1
LF:105
LH:96
BRDA:22,0,0,2
BRDA:28,1,0,1
BRDA:28,1,1,4
BRDA:28,2,0,5
BRDA:28,2,1,2
BRDA:34,3,0,2
BRDA:34,3,1,2
BRDA:40,4,0,1
BRDA:40,4,1,3
BRDA:47,5,0,1
BRDA:47,5,1,2
BRDA:62,6,0,1
BRDA:62,6,1,2
BRDA:71,7,0,1
BRDA:71,7,1,2
BRDA:75,8,0,1
BRDA:75,8,1,0
BRDA:83,9,0,1
BRDA:83,9,1,2
BRDA:93,10,0,1
BRDA:93,10,1,2
BRDA:102,11,0,1
BRDA:102,11,1,1
BRDA:111,12,0,1
BRDA:111,12,1,1
BRDA:146,13,0,1
BRDA:146,13,1,5
BRDA:152,14,0,1
BRDA:152,14,1,0
BRDA:153,15,0,1
BRDA:153,15,1,0
BRDA:160,16,0,3
BRDA:160,16,1,2
BRDA:160,17,0,5
BRDA:160,17,1,5
BRDA:172,18,0,2
BRDA:172,18,1,0
BRDA:183,19,0,2
BRDA:183,19,1,0
BRDA:184,20,0,2
BRDA:184,20,1,0
BRDA:194,21,0,2
BRDA:194,21,1,0
BRDA:195,22,0,2
BRDA:195,22,1,0
BRDA:196,23,0,2
BRDA:196,23,1,0
BRDA:225,24,0,3
BRDA:225,24,1,2
BRDA:226,25,0,3
BRDA:226,25,1,2
BRDA:227,26,0,3
BRDA:227,26,1,1
BRDA:238,27,0,2
BRDA:238,27,1,0
BRDA:240,28,0,1
BRDA:240,28,1,0
BRDA:240,29,0,1
BRDA:240,29,1,1
BRDA:241,30,0,1
BRDA:241,30,1,0
BRDA:252,31,0,1
BRDA:252,31,1,0
BRDA:265,32,0,2
BRDA:265,32,1,1
BRDA:266,33,0,2
BRDA:266,33,1,1
BRF:67
BRH:54
end_of_record
TN:
SF:services/dataStorageService.js
FN:22,storeMeetingSummary
FN:84,getMeetingSummary
FN:135,storePreparationNote
FN:168,getPreparationNotes
FN:194,clearMeetingSummaryCache
FN:205,storeMeetingFromEvent
FN:231,ensureUserExists
FNF:7
FNH:0
FNDA:0,storeMeetingSummary
FNDA:0,getMeetingSummary
FNDA:0,storePreparationNote
FNDA:0,getPreparationNotes
FNDA:0,clearMeetingSummaryCache
FNDA:0,storeMeetingFromEvent
FNDA:0,ensureUserExists
DA:5,0
DA:6,0
DA:7,0
DA:8,0
DA:9,0
DA:12,0
DA:23,0
DA:24,0
DA:27,0
DA:30,0
DA:31,0
DA:33,0
DA:36,0
DA:43,0
DA:45,0
DA:49,0
DA:50,0
DA:52,0
DA:53,0
DA:57,0
DA:67,0
DA:69,0
DA:70,0
DA:72,0
DA:74,0
DA:75,0
DA:85,0
DA:86,0
DA:89,0
DA:90,0
DA:91,0
DA:92,0
DA:96,0
DA:97,0
DA:98,0
DA:99,0
DA:102,0
DA:103,0
DA:104,0
DA:105,0
DA:109,0
DA:117,0
DA:119,0
DA:120,0
DA:122,0
DA:123,0
DA:136,0
DA:137,0
DA:140,0
DA:141,0
DA:142,0
DA:143,0
DA:147,0
DA:154,0
DA:155,0
DA:157,0
DA:158,0
DA:169,0
DA:170,0
DA:173,0
DA:174,0
DA:175,0
DA:176,0
DA:180,0
DA:182,0
DA:183,0
DA:185,0
DA:186,0
DA:195,0
DA:196,0
DA:206,0
DA:207,0
DA:210,0
DA:211,0
DA:212,0
DA:216,0
DA:218,0
DA:219,0
DA:221,0
DA:222,0
DA:232,0
DA:234,0
DA:236,0
DA:237,0
DA:240,0
DA:246,0
DA:248,0
DA:251,0
DA:252,0
DA:256,0
LF:90
LH:0
BRDA:22,0,0,0
BRDA:30,1,0,0
BRDA:30,1,1,0
BRDA:30,2,0,0
BRDA:30,2,1,0
BRDA:49,3,0,0
BRDA:49,3,1,0
BRDA:60,4,0,0
BRDA:60,4,1,0
BRDA:62,5,0,0
BRDA:62,5,1,0
BRDA:63,6,0,0
BRDA:63,6,1,0
BRDA:90,7,0,0
BRDA:90,7,1,0
BRDA:97,8,0,0
BRDA:97,8,1,0
BRDA:103,9,0,0
BRDA:103,9,1,0
BRDA:112,10,0,0
BRDA:112,10,1,0
BRDA:113,11,0,0
BRDA:113,11,1,0
BRDA:135,12,0,0
BRDA:141,13,0,0
BRDA:141,13,1,0
BRDA:174,14,0,0
BRDA:174,14,1,0
BRDA:210,15,0,0
BRDA:210,15,1,0
BRDA:236,16,0,0
BRDA:236,16,1,0
BRF:32
BRH:0
end_of_record
TN:
SF:services/documentService.js
FN:15,clearDocumentCache
FN:31,createDocsClient
FN:51,extractDocumentIdFromUrl
FN:65,getDocumentsForEvent
FN:73,(anonymous_4)
FN:130,getDocumentContent
FN:177,extractDocumentContent
FN:186,(anonymous_7)
FN:188,(anonymous_8)
FN:205,clearCache
FN:215,getDocumentById
FNF:11
FNH:0
FNDA:0,clearDocumentCache
FNDA:0,createDocsClient
FNDA:0,extractDocumentIdFromUrl
FNDA:0,getDocumentsForEvent
FNDA:0,(anonymous_4)
FNDA:0,getDocumentContent
FNDA:0,extractDocumentContent
FNDA:0,(anonymous_7)
FNDA:0,(anonymous_8)
FNDA:0,clearCache
FNDA:0,getDocumentById
DA:6,0
DA:9,0
DA:16,0
DA:21,0
DA:23,0
DA:32,0
DA:38,0
DA:43,0
DA:52,0
DA:55,0
DA:56,0
DA:66,0
DA:67,0
DA:69,0
DA:72,0
DA:73,0
DA:75,0
DA:76,0
DA:77,0
DA:78,0
DA:89,0
DA:90,0
DA:93,0
DA:95,0
DA:96,0
DA:99,0
DA:100,0
DA:102,0
DA:103,0
DA:106,0
DA:109,0
DA:116,0
DA:117,0
DA:121,0
DA:131,0
DA:132,0
DA:135,0
DA:136,0
DA:137,0
DA:140,0
DA:142,0
DA:143,0
DA:144,0
DA:145,0
DA:149,0
DA:150,0
DA:153,0
DA:154,0
DA:155,0
DA:158,0
DA:162,0
DA:164,0
DA:165,0
DA:167,0
DA:168,0
DA:178,0
DA:179,0
DA:182,0
DA:183,0
DA:186,0
DA:187,0
DA:188,0
DA:189,0
DA:190,0
DA:196,0
DA:206,0
DA:216,0
DA:217,0
DA:220,0
LF:69
LH:0
BRDA:39,0,0,0
BRDA:39,0,1,0
BRDA:40,1,0,0
BRDA:40,1,1,0
BRDA:52,2,0,0
BRDA:52,2,1,0
BRDA:56,3,0,0
BRDA:56,3,1,0
BRDA:56,4,0,0
BRDA:56,4,1,0
BRDA:67,5,0,0
BRDA:67,5,1,0
BRDA:72,6,0,0
BRDA:72,6,1,0
BRDA:72,7,0,0
BRDA:72,7,1,0
BRDA:75,8,0,0
BRDA:75,8,1,0
BRDA:75,9,0,0
BRDA:75,9,1,0
BRDA:77,10,0,0
BRDA:77,10,1,0
BRDA:80,11,0,0
BRDA:80,11,1,0
BRDA:89,12,0,0
BRDA:89,12,1,0
BRDA:95,13,0,0
BRDA:95,13,1,0
BRDA:102,14,0,0
BRDA:102,14,1,0
BRDA:106,15,0,0
BRDA:106,15,1,0
BRDA:106,16,0,0
BRDA:106,16,1,0
BRDA:135,17,0,0
BRDA:135,17,1,0
BRDA:178,18,0,0
BRDA:178,18,1,0
BRDA:178,19,0,0
BRDA:178,19,1,0
BRDA:178,19,2,0
BRDA:182,20,0,0
BRDA:182,20,1,0
BRDA:187,21,0,0
BRDA:187,21,1,0
BRDA:189,22,0,0
BRDA:189,22,1,0
BRDA:189,23,0,0
BRDA:189,23,1,0
BRF:49
BRH:0
end_of_record
TN:
SF:services/meetingPrepService.js
FN:15,getPrepCacheKey
FN:24,clearPrepCache
FN:57,prepareMeetingMaterials
FN:112,(anonymous_3)
FN:146,(anonymous_4)
FN:204,(anonymous_5)
FN:211,(anonymous_6)
FN:224,(anonymous_7)
FN:228,(anonymous_8)
FN:229,(anonymous_9)
FN:236,(anonymous_10)
FN:244,(anonymous_11)
FN:264,(anonymous_12)
FN:287,saveUserNotes
FN:316,getUserNotes
FN:354,checkPrepExists
FNF:16
FNH:0
FNDA:0,getPrepCacheKey
FNDA:0,clearPrepCache
FNDA:0,prepareMeetingMaterials
FNDA:0,(anonymous_3)
FNDA:0,(anonymous_4)
FNDA:0,(anonymous_5)
FNDA:0,(anonymous_6)
FNDA:0,(anonymous_7)
FNDA:0,(anonymous_8)
FNDA:0,(anonymous_9)
FNDA:0,(anonymous_10)
FNDA:0,(anonymous_11)
FNDA:0,(anonymous_12)
FNDA:0,saveUserNotes
FNDA:0,getUserNotes
FNDA:0,checkPrepExists
DA:1,0
DA:2,0
DA:3,0
DA:4,0
DA:5,0
DA:8,0
DA:16,0
DA:25,0
DA:28,0
DA:29,0
DA:32,0
DA:33,0
DA:36,0
DA:37,0
DA:40,0
DA:41,0
DA:45,0
DA:48,0
DA:58,0
DA:60,0
DA:67,0
DA:68,0
DA:69,0
DA:72,0
DA:73,0
DA:74,0
DA:76,0
DA:77,0
DA:81,0
DA:82,0
DA:85,0
DA:86,0
DA:89,0
DA:90,0
DA:91,0
DA:92,0
DA:96,0
DA:97,0
DA:98,0
DA:99,0
DA:100,0
DA:103,0
DA:104,0
DA:107,0
DA:112,0
DA:116,0
DA:118,0
DA:121,0
DA:125,0
DA:127,0
DA:129,0
DA:130,0
DA:131,0
DA:132,0
DA:134,0
DA:135,0
DA:144,0
DA:145,0
DA:147,0
DA:149,0
DA:150,0
DA:152,0
DA:158,0
DA:159,0
DA:160,0
DA:171,0
DA:172,0
DA:173,0
DA:174,0
DA:177,0
DA:178,0
DA:181,0
DA:187,0
DA:188,0
DA:193,0
DA:195,0
DA:204,0
DA:206,0
DA:207,0
DA:211,0
DA:217,0
DA:219,0
DA:220,0
DA:224,0
DA:228,0
DA:229,0
DA:232,0
DA:233,0
DA:236,0
DA:237,0
DA:240,0
DA:244,0
DA:249,0
DA:250,0
DA:253,0
DA:254,0
DA:256,0
DA:257,0
DA:259,0
DA:260,0
DA:264,0
DA:265,0
DA:269,0
DA:272,0
DA:273,0
DA:275,0
DA:276,0
DA:288,0
DA:290,0
DA:291,0
DA:294,0
DA:295,0
DA:296,0
DA:298,0
DA:303,0
DA:305,0
DA:306,0
DA:317,0
DA:319,0
DA:320,0
DA:321,0
DA:322,0
DA:326,0
DA:327,0
DA:328,0
DA:329,0
DA:331,0
DA:333,0
DA:334,0
DA:337,0
DA:342,0
DA:344,0
DA:345,0
DA:356,0
DA:357,0
DA:358,0
DA:359,0
DA:363,0
DA:364,0
DA:365,0
DA:366,0
DA:367,0
DA:368,0
DA:371,0
DA:374,0
DA:375,0
DA:378,0
LF:147
LH:0
BRDA:24,0,0,0
BRDA:40,1,0,0
BRDA:40,1,1,0
BRDA:67,2,0,0
BRDA:67,2,1,0
BRDA:67,3,0,0
BRDA:67,3,1,0
BRDA:69,4,0,0
BRDA:69,4,1,0
BRDA:72,5,0,0
BRDA:72,5,1,0
BRDA:90,6,0,0
BRDA:90,6,1,0
BRDA:99,7,0,0
BRDA:99,7,1,0
BRDA:104,8,0,0
BRDA:104,8,1,0
BRDA:110,9,0,0
BRDA:110,9,1,0
BRDA:111,10,0,0
BRDA:111,10,1,0
BRDA:132,11,0,0
BRDA:132,11,1,0
BRDA:134,12,0,0
BRDA:134,12,1,0
BRDA:134,13,0,0
BRDA:134,13,1,0
BRDA:158,14,0,0
BRDA:158,14,1,0
BRDA:158,15,0,0
BRDA:158,15,1,0
BRDA:171,16,0,0
BRDA:171,16,1,0
BRDA:173,17,0,0
BRDA:173,17,1,0
BRDA:173,18,0,0
BRDA:173,18,1,0
BRDA:206,19,0,0
BRDA:206,19,1,0
BRDA:217,20,0,0
BRDA:217,20,1,0
BRDA:257,21,0,0
BRDA:257,21,1,0
BRDA:294,22,0,0
BRDA:294,22,1,0
BRDA:321,23,0,0
BRDA:321,23,1,0
BRDA:326,24,0,0
BRDA:326,24,1,0
BRDA:329,25,0,0
BRDA:329,25,1,0
BRDA:329,26,0,0
BRDA:329,26,1,0
BRDA:357,27,0,0
BRDA:357,27,1,0
BRDA:366,28,0,0
BRDA:366,28,1,0
BRF:57
BRH:0
end_of_record
TN:
SF:services/openaiService.js
FN:32,getCacheKey
FN:40,clearMeetingCache
FN:42,(anonymous_2)
FN:53,generateSummary
FN:109,extractKeyTopics
FN:153,(anonymous_5)
FN:175,generatePreparationSuggestions
FN:219,(anonymous_7)
FN:220,(anonymous_8)
FN:242,analyzeDocumentForMeeting
FN:280,generateMeetingSummary
FN:289,(anonymous_11)
FN:352,generateDailyBriefing
FN:363,(anonymous_13)
FN:367,(anonymous_14)
FNF:15
FNH:0
FNDA:0,getCacheKey
FNDA:0,clearMeetingCache
FNDA:0,(anonymous_2)
FNDA:0,generateSummary
FNDA:0,extractKeyTopics
FNDA:0,(anonymous_5)
FNDA:0,generatePreparationSuggestions
FNDA:0,(anonymous_7)
FNDA:0,(anonymous_8)
FNDA:0,analyzeDocumentForMeeting
FNDA:0,generateMeetingSummary
FNDA:0,(anonymous_11)
FNDA:0,generateDailyBriefing
FNDA:0,(anonymous_13)
FNDA:0,(anonymous_14)
DA:1,0
DA:2,0
DA:3,0
DA:6,0
DA:13,0
DA:17,0
DA:18,0
DA:22,0
DA:33,0
DA:41,0
DA:42,0
DA:43,0
DA:54,0
DA:55,0
DA:58,0
DA:59,0
DA:60,0
DA:61,0
DA:64,0
DA:65,0
DA:66,0
DA:67,0
DA:70,0
DA:71,0
DA:84,0
DA:86,0
DA:89,0
DA:90,0
DA:93,0
DA:95,0
DA:97,0
DA:98,0
DA:110,0
DA:113,0
DA:114,0
DA:115,0
DA:118,0
DA:119,0
DA:120,0
DA:123,0
DA:124,0
DA:138,0
DA:141,0
DA:142,0
DA:144,0
DA:145,0
DA:146,0
DA:147,0
DA:148,0
DA:150,0
DA:152,0
DA:153,0
DA:155,0
DA:159,0
DA:161,0
DA:163,0
DA:164,0
DA:176,0
DA:179,0
DA:180,0
DA:181,0
DA:184,0
DA:185,0
DA:186,0
DA:189,0
DA:190,0
DA:204,0
DA:207,0
DA:208,0
DA:210,0
DA:211,0
DA:212,0
DA:213,0
DA:214,0
DA:216,0
DA:218,0
DA:219,0
DA:220,0
DA:222,0
DA:226,0
DA:228,0
DA:230,0
DA:231,0
DA:243,0
DA:246,0
DA:247,0
DA:248,0
DA:252,0
DA:253,0
DA:254,0
DA:256,0
DA:258,0
DA:259,0
DA:261,0
DA:262,0
DA:269,0
DA:270,0
DA:281,0
DA:282,0
DA:285,0
DA:286,0
DA:289,0
DA:290,0
DA:293,0
DA:309,0
DA:325,0
DA:327,0
DA:328,0
DA:329,0
DA:330,0
DA:332,0
DA:334,0
DA:342,0
DA:343,0
DA:353,0
DA:354,0
DA:357,0
DA:358,0
DA:360,0
DA:363,0
DA:364,0
DA:367,0
DA:368,0
DA:371,0
DA:373,0
DA:396,0
DA:412,0
DA:414,0
DA:415,0
DA:416,0
DA:417,0
DA:419,0
DA:421,0
DA:427,0
DA:428,0
DA:432,0
LF:136
LH:0
BRDA:59,0,0,0
BRDA:59,0,1,0
BRDA:66,1,0,0
BRDA:66,1,1,0
BRDA:70,2,0,0
BRDA:70,2,1,0
BRDA:72,3,0,0
BRDA:72,3,1,0
BRDA:114,4,0,0
BRDA:114,4,1,0
BRDA:119,5,0,0
BRDA:119,5,1,0
BRDA:125,6,0,0
BRDA:125,6,1,0
BRDA:147,7,0,0
BRDA:147,7,1,0
BRDA:180,8,0,0
BRDA:180,8,1,0
BRDA:185,9,0,0
BRDA:185,9,1,0
BRDA:191,10,0,0
BRDA:191,10,1,0
BRDA:213,11,0,0
BRDA:213,11,1,0
BRDA:219,12,0,0
BRDA:219,12,1,0
BRDA:246,13,0,0
BRDA:246,13,1,0
BRDA:281,14,0,0
BRDA:281,14,1,0
BRDA:353,15,0,0
BRDA:353,15,1,0
BRDA:371,16,0,0
BRDA:371,16,1,0
BRF:34
BRH:0
end_of_record
TN:
SF:utils/dateUtils.js
FN:12,formatDate
FN:25,getLocalISODateString
FN:37,formatTime
FN:53,formatDateRange
FN:71,isAllDayEvent
FN:97,groupEventsByDay
FN:100,(anonymous_6)
FN:123,getWeekDays
FN:155,getWeekDateRangeText
FNF:9
FNH:0
FNDA:0,formatDate
FNDA:0,getLocalISODateString
FNDA:0,formatTime
FNDA:0,formatDateRange
FNDA:0,isAllDayEvent
FNDA:0,groupEventsByDay
FNDA:0,(anonymous_6)
FNDA:0,getWeekDays
FNDA:0,getWeekDateRangeText
DA:13,0
DA:15,0
DA:16,0
DA:26,0
DA:27,0
DA:28,0
DA:29,0
DA:38,0
DA:40,0
DA:54,0
DA:55,0
DA:58,0
DA:59,0
DA:62,0
DA:72,0
DA:73,0
DA:79,0
DA:83,0
DA:87,0
DA:89,0
DA:98,0
DA:100,0
DA:101,0
DA:102,0
DA:104,0
DA:105,0
DA:112,0
DA:115,0
DA:124,0
DA:125,0
DA:128,0
DA:130,0
DA:133,0
DA:134,0
DA:135,0
DA:137,0
DA:147,0
DA:156,0
DA:157,0
DA:158,0
DA:161,0
DA:162,0
DA:164,0
DA:168,0
LF:44
LH:0
BRDA:12,0,0,0
BRDA:38,1,0,0
BRDA:38,1,1,0
BRDA:54,2,0,0
BRDA:54,2,1,0
BRDA:55,3,0,0
BRDA:55,3,1,0
BRDA:58,4,0,0
BRDA:58,4,1,0
BRDA:72,5,0,0
BRDA:72,5,1,0
BRDA:73,6,0,0
BRDA:73,6,1,0
BRDA:79,7,0,0
BRDA:79,7,1,0
BRDA:79,7,2,0
BRDA:83,8,0,0
BRDA:83,8,1,0
BRDA:83,8,2,0
BRDA:89,9,0,0
BRDA:89,9,1,0
BRDA:89,9,2,0
BRDA:104,10,0,0
BRDA:104,10,1,0
BRDA:123,11,0,0
BRDA:128,12,0,0
BRDA:128,12,1,0
BRDA:128,13,0,0
BRDA:128,13,1,0
BRDA:155,14,0,0
BRDA:161,15,0,0
BRDA:161,15,1,0
BRF:32
BRH:0
end_of_record
