TN:
SF:routes/auth.js
FN:14,(anonymous_0)
FN:21,(anonymous_1)
FN:22,(anonymous_2)
FNF:3
FNH:1
FNDA:0,(anonymous_0)
FNDA:1,(anonymous_1)
FNDA:0,(anonymous_2)
DA:1,2
DA:2,2
DA:3,2
DA:7,2
DA:11,2
DA:15,0
DA:21,2
DA:22,1
DA:23,0
DA:24,0
DA:28,2
LF:11
LH:8
BRDA:23,0,0,0
BRDA:23,0,1,0
BRF:2
BRH:0
end_of_record
TN:
SF:routes/dailyBriefing.js
FN:11,(anonymous_0)
FN:41,(anonymous_1)
FN:80,(anonymous_2)
FN:110,(anonymous_3)
FN:133,(anonymous_4)
FN:156,(anonymous_5)
FNF:6
FNH:0
FNDA:0,(anonymous_0)
FNDA:0,(anonymous_1)
FNDA:0,(anonymous_2)
FNDA:0,(anonymous_3)
FNDA:0,(anonymous_4)
FNDA:0,(anonymous_5)
DA:1,1
DA:2,1
DA:3,1
DA:4,1
DA:5,1
DA:11,1
DA:12,0
DA:13,0
DA:14,0
DA:15,0
DA:20,0
DA:28,0
DA:29,0
DA:33,0
DA:41,0
DA:42,0
DA:45,0
DA:46,0
DA:54,0
DA:59,0
DA:62,0
DA:63,0
DA:67,0
DA:71,0
DA:72,0
DA:80,1
DA:81,0
DA:82,0
DA:83,0
DA:85,0
DA:92,0
DA:94,0
DA:95,0
DA:98,0
DA:101,0
DA:102,0
DA:110,1
DA:111,0
DA:112,0
DA:113,0
DA:115,0
DA:121,0
DA:124,0
DA:125,0
DA:133,1
DA:134,0
DA:135,0
DA:136,0
DA:138,0
DA:140,0
DA:141,0
DA:144,0
DA:147,0
DA:148,0
DA:156,1
DA:157,0
DA:158,0
DA:159,0
DA:161,0
DA:162,0
DA:165,0
DA:166,0
DA:170,1
LF:63
LH:11
BRDA:22,0,0,0
BRDA:22,0,1,0
BRDA:23,1,0,0
BRDA:23,1,1,0
BRDA:28,2,0,0
BRDA:28,2,1,0
BRDA:87,3,0,0
BRDA:87,3,1,0
BRDA:94,4,0,0
BRDA:94,4,1,0
BRDA:140,5,0,0
BRDA:140,5,1,0
BRF:12
BRH:0
end_of_record
TN:
SF:routes/dashboard.js
FN:9,(anonymous_0)
FN:21,(anonymous_1)
FN:41,(anonymous_2)
FN:44,(anonymous_3)
FN:52,(anonymous_4)
FN:54,(anonymous_5)
FNF:6
FNH:2
FNDA:3,(anonymous_0)
FNDA:15,(anonymous_1)
FNDA:0,(anonymous_2)
FNDA:0,(anonymous_3)
FNDA:0,(anonymous_4)
FNDA:0,(anonymous_5)
DA:1,2
DA:2,2
DA:3,2
DA:4,2
DA:5,2
DA:9,2
DA:10,3
DA:12,3
DA:15,3
DA:18,3
DA:21,3
DA:22,15
DA:26,3
DA:35,2
DA:38,0
DA:41,0
DA:42,0
DA:44,0
DA:52,0
DA:54,0
DA:62,0
DA:71,3
DA:72,3
DA:79,2
LF:24
LH:17
BRDA:12,0,0,3
BRDA:12,0,1,2
BRDA:42,1,0,0
BRDA:42,1,1,0
BRDA:52,2,0,0
BRDA:52,2,1,0
BRDA:54,3,0,0
BRDA:54,3,1,0
BRDA:74,4,0,0
BRDA:74,4,1,3
BRF:10
BRH:3
end_of_record
TN:
SF:routes/documents.js
FN:16,(anonymous_0)
FN:22,(anonymous_1)
FN:53,(anonymous_2)
FN:82,(anonymous_3)
FN:89,(anonymous_4)
FNF:5
FNH:5
FNDA:6,(anonymous_0)
FNDA:5,(anonymous_1)
FNDA:3,(anonymous_2)
FNDA:5,(anonymous_3)
FNDA:5,(anonymous_4)
DA:6,2
DA:7,2
DA:8,2
DA:9,2
DA:16,2
DA:17,6
DA:18,6
DA:21,6
DA:22,6
DA:24,6
DA:25,2
DA:32,4
DA:34,1
DA:39,3
DA:40,3
DA:53,2
DA:54,3
DA:55,3
DA:58,3
DA:61,2
DA:63,1
DA:68,2
DA:69,2
DA:82,2
DA:83,5
DA:84,5
DA:85,5
DA:88,5
DA:89,5
DA:91,5
DA:92,1
DA:99,4
DA:108,4
DA:110,3
DA:112,3
DA:118,1
DA:119,1
DA:127,2
LF:38
LH:38
BRDA:21,0,0,6
BRDA:21,0,1,1
BRDA:24,1,0,2
BRDA:24,1,1,4
BRDA:43,2,0,1
BRDA:43,2,1,2
BRDA:72,3,0,0
BRDA:72,3,1,2
BRDA:88,4,0,5
BRDA:88,4,1,0
BRDA:91,5,0,1
BRDA:91,5,1,4
BRDA:122,6,0,0
BRDA:122,6,1,1
BRF:14
BRH:11
end_of_record
TN:
SF:routes/history.js
FN:16,(anonymous_0)
FN:29,(anonymous_1)
FN:53,(anonymous_2)
FN:94,(anonymous_3)
FNF:4
FNH:4
FNDA:5,(anonymous_0)
FNDA:3,(anonymous_1)
FNDA:9,(anonymous_2)
FNDA:4,(anonymous_3)
DA:5,2
DA:6,2
DA:7,2
DA:8,2
DA:9,2
DA:16,2
DA:17,5
DA:18,5
DA:21,5
DA:26,3
DA:29,3
DA:41,3
DA:43,2
DA:44,2
DA:53,2
DA:54,9
DA:55,9
DA:56,9
DA:59,9
DA:61,8
DA:62,1
DA:66,7
DA:67,1
DA:71,6
DA:74,5
DA:77,4
DA:94,4
DA:102,4
DA:104,3
DA:105,3
DA:109,2
LF:31
LH:31
BRDA:37,0,0,3
BRDA:37,0,1,1
BRDA:38,1,0,3
BRDA:38,1,1,2
BRDA:61,2,0,1
BRDA:61,2,1,7
BRDA:66,3,0,1
BRDA:66,3,1,6
BRDA:85,4,0,4
BRDA:85,4,1,1
BRDA:86,5,0,4
BRDA:86,5,1,1
BRDA:87,6,0,1
BRDA:87,6,1,3
BRDA:92,7,0,1
BRDA:92,7,1,0
BRF:16
BRH:15
end_of_record
TN:
SF:routes/index.js
FN:7,(anonymous_0)
FNF:1
FNH:1
FNDA:3,(anonymous_0)
DA:1,2
DA:2,2
DA:3,2
DA:7,2
DA:8,3
DA:11,2
LF:6
LH:6
BRF:0
BRH:0
end_of_record
TN:
SF:routes/preparation.js
FN:11,(anonymous_0)
FN:54,(anonymous_1)
FN:101,(anonymous_2)
FN:103,(anonymous_3)
FN:104,(anonymous_4)
FN:134,(anonymous_5)
FN:155,(anonymous_6)
FNF:7
FNH:7
FNDA:5,(anonymous_0)
FNDA:9,(anonymous_1)
FNDA:3,(anonymous_2)
FNDA:2,(anonymous_3)
FNDA:1,(anonymous_4)
FNDA:3,(anonymous_5)
FNDA:7,(anonymous_6)
DA:1,2
DA:2,2
DA:3,2
DA:4,2
DA:11,2
DA:12,5
DA:13,5
DA:14,5
DA:17,5
DA:26,5
DA:27,5
DA:29,4
DA:32,4
DA:35,3
DA:40,3
DA:41,3
DA:43,2
DA:44,2
DA:45,2
DA:54,2
DA:55,9
DA:56,9
DA:58,9
DA:60,9
DA:63,9
DA:73,9
DA:76,9
DA:77,9
DA:80,9
DA:81,8
DA:82,1
DA:88,7
DA:89,1
DA:90,1
DA:91,1
DA:94,6
DA:95,6
DA:96,5
DA:99,5
DA:100,3
DA:101,3
DA:102,3
DA:103,2
DA:104,1
DA:110,6
DA:111,6
DA:114,6
DA:117,6
DA:122,6
DA:124,3
DA:125,3
DA:134,2
DA:135,3
DA:136,3
DA:137,3
DA:140,3
DA:142,2
DA:143,2
DA:145,1
DA:146,1
DA:155,2
DA:156,7
DA:157,7
DA:158,7
DA:160,7
DA:161,3
DA:165,4
DA:167,3
DA:168,2
DA:170,1
DA:173,1
DA:174,1
DA:178,2
LF:73
LH:73
BRDA:81,0,0,1
BRDA:81,0,1,7
BRDA:88,1,0,1
BRDA:88,1,1,6
BRDA:91,2,0,1
BRDA:91,2,1,0
BRDA:96,3,0,4
BRDA:96,3,1,1
BRDA:99,4,0,3
BRDA:99,4,1,2
BRDA:99,5,0,5
BRDA:99,5,1,4
BRDA:160,6,0,3
BRDA:160,6,1,4
BRDA:167,7,0,2
BRDA:167,7,1,1
BRF:16
BRH:15
end_of_record
TN:
SF:services/aiService.js
FN:20,generateSummary
FN:38,analyzeDocumentForMeeting
FN:55,generateMeetingSummary
FN:71,generateDailyBriefing
FN:86,clearMeetingCache
FNF:5
FNH:4
FNDA:0,generateSummary
FNDA:3,analyzeDocumentForMeeting
FNDA:1,generateMeetingSummary
FNDA:3,generateDailyBriefing
FNDA:1,clearMeetingCache
DA:6,3
DA:7,3
DA:8,3
DA:11,3
DA:22,0
DA:24,0
DA:25,0
DA:27,0
DA:40,3
DA:42,3
DA:43,0
DA:45,3
DA:57,1
DA:59,1
DA:60,0
DA:62,1
DA:73,3
DA:75,3
DA:76,0
DA:78,3
DA:88,1
DA:90,1
DA:91,0
DA:92,0
DA:95,1
DA:99,3
LF:26
LH:17
BRDA:24,0,0,0
BRDA:24,0,1,0
BRDA:42,1,0,0
BRDA:42,1,1,3
BRDA:59,2,0,0
BRDA:59,2,1,1
BRDA:75,3,0,0
BRDA:75,3,1,3
BRDA:90,4,0,0
BRDA:90,4,1,1
BRDA:91,5,0,0
BRDA:91,5,1,0
BRF:12
BRH:4
end_of_record
TN:
SF:services/cacheService.js
FN:8,(anonymous_0)
FN:32,(anonymous_1)
FN:43,(anonymous_2)
FN:53,(anonymous_3)
FN:62,(anonymous_4)
FN:71,(anonymous_5)
FN:80,(anonymous_6)
FN:86,(anonymous_7)
FN:92,(anonymous_8)
FN:100,(anonymous_9)
FN:109,(anonymous_10)
FN:121,(anonymous_11)
FN:128,(anonymous_12)
FN:130,(anonymous_13)
FN:131,(anonymous_14)
FN:132,(anonymous_15)
FN:133,(anonymous_16)
FN:134,(anonymous_17)
FN:135,(anonymous_18)
FNF:19
FNH:2
FNDA:2,(anonymous_0)
FNDA:0,(anonymous_1)
FNDA:0,(anonymous_2)
FNDA:0,(anonymous_3)
FNDA:0,(anonymous_4)
FNDA:0,(anonymous_5)
FNDA:0,(anonymous_6)
FNDA:0,(anonymous_7)
FNDA:0,(anonymous_8)
FNDA:0,(anonymous_9)
FNDA:0,(anonymous_10)
FNDA:0,(anonymous_11)
FNDA:2,(anonymous_12)
FNDA:0,(anonymous_13)
FNDA:0,(anonymous_14)
FNDA:0,(anonymous_15)
FNDA:0,(anonymous_16)
FNDA:0,(anonymous_17)
FNDA:0,(anonymous_18)
DA:1,2
DA:10,2
DA:17,2
DA:33,0
DA:44,0
DA:45,0
DA:54,0
DA:63,0
DA:72,0
DA:81,0
DA:82,0
DA:85,0
DA:86,0
DA:93,0
DA:101,0
DA:109,0
DA:110,0
DA:111,0
DA:112,0
DA:122,0
DA:129,2
DA:130,0
DA:131,0
DA:132,0
DA:133,0
DA:134,0
DA:135,0
DA:141,2
LF:28
LH:5
BRDA:43,0,0,0
BRDA:44,1,0,0
BRDA:44,1,1,0
BRDA:80,2,0,0
BRDA:82,3,0,0
BRDA:82,3,1,0
BRDA:111,4,0,0
BRDA:111,4,1,0
BRF:8
BRH:0
end_of_record
TN:
SF:services/calendarService.js
FN:12,createCalendarClient
FN:32,getWeekDateRange
FN:63,getWeekEvents
FN:88,processEvents
FN:93,(anonymous_4)
FN:101,(anonymous_5)
FN:102,(anonymous_6)
FN:132,getEventById
FN:163,getEventsByDate
FNF:9
FNH:7
FNDA:2,createCalendarClient
FNDA:5,getWeekDateRange
FNDA:2,getWeekEvents
FNDA:1,processEvents
FNDA:2,(anonymous_4)
FNDA:2,(anonymous_5)
FNDA:2,(anonymous_6)
FNDA:0,getEventById
FNDA:0,getEventsByDate
DA:5,3
DA:13,2
DA:19,2
DA:24,2
DA:33,5
DA:34,5
DA:37,5
DA:40,5
DA:41,5
DA:42,5
DA:45,5
DA:46,5
DA:47,5
DA:49,5
DA:64,2
DA:65,2
DA:66,2
DA:68,2
DA:76,1
DA:78,1
DA:79,1
DA:89,1
DA:90,0
DA:93,1
DA:95,2
DA:96,2
DA:99,2
DA:101,2
DA:102,2
DA:110,2
DA:133,0
DA:134,0
DA:135,0
DA:137,0
DA:142,0
DA:143,0
DA:144,0
DA:148,0
DA:149,0
DA:151,0
DA:152,0
DA:164,0
DA:165,0
DA:167,0
DA:168,0
DA:169,0
DA:172,0
DA:175,0
DA:176,0
DA:178,0
DA:180,0
DA:189,0
DA:190,0
DA:192,0
DA:194,0
DA:195,0
DA:199,3
LF:57
LH:30
BRDA:32,0,0,0
BRDA:37,1,0,0
BRDA:37,1,1,5
BRDA:37,2,0,0
BRDA:37,2,1,5
BRDA:63,3,0,0
BRDA:89,4,0,0
BRDA:89,4,1,1
BRDA:89,5,0,1
BRDA:89,5,1,1
BRDA:95,6,0,2
BRDA:95,6,1,1
BRDA:96,7,0,2
BRDA:96,7,1,1
BRDA:99,8,0,1
BRDA:99,8,1,1
BRDA:104,9,0,2
BRDA:104,9,1,0
BRDA:112,10,0,2
BRDA:112,10,1,0
BRDA:113,11,0,2
BRDA:113,11,1,1
BRDA:114,12,0,2
BRDA:114,12,1,1
BRDA:118,13,0,2
BRDA:118,13,1,2
BRDA:119,14,0,2
BRDA:119,14,1,1
BRDA:120,15,0,2
BRDA:120,15,1,2
BRDA:142,16,0,0
BRDA:142,16,1,0
BRDA:142,17,0,0
BRDA:142,17,1,0
BRDA:167,18,0,0
BRDA:167,18,1,0
BRDA:189,19,0,0
BRDA:189,19,1,0
BRF:38
BRH:23
end_of_record
TN:
SF:services/dailyBriefingService.js
FN:12,(anonymous_0)
FN:25,(anonymous_1)
FN:138,(anonymous_2)
FN:237,(anonymous_3)
FN:280,(anonymous_4)
FN:290,(anonymous_5)
FN:295,(anonymous_6)
FN:305,(anonymous_7)
FN:307,(anonymous_8)
FN:319,(anonymous_9)
FN:327,(anonymous_10)
FN:349,(anonymous_11)
FN:365,(anonymous_12)
FN:380,(anonymous_13)
FN:404,(anonymous_14)
FNF:15
FNH:13
FNDA:2,(anonymous_0)
FNDA:5,(anonymous_1)
FNDA:6,(anonymous_2)
FNDA:1,(anonymous_3)
FNDA:3,(anonymous_4)
FNDA:3,(anonymous_5)
FNDA:1,(anonymous_6)
FNDA:2,(anonymous_7)
FNDA:1,(anonymous_8)
FNDA:0,(anonymous_9)
FNDA:0,(anonymous_10)
FNDA:2,(anonymous_11)
FNDA:1,(anonymous_12)
FNDA:1,(anonymous_13)
FNDA:1,(anonymous_14)
DA:1,2
DA:2,2
DA:3,2
DA:4,2
DA:5,2
DA:6,2
DA:7,2
DA:8,2
DA:9,2
DA:13,2
DA:14,2
DA:26,5
DA:27,5
DA:30,5
DA:31,5
DA:32,1
DA:33,1
DA:37,4
DA:40,4
DA:41,4
DA:43,4
DA:44,1
DA:45,1
DA:50,3
DA:51,1
DA:53,2
DA:61,3
DA:63,3
DA:65,3
DA:67,3
DA:68,3
DA:70,3
DA:71,3
DA:72,3
DA:74,3
DA:75,1
DA:84,3
DA:85,3
DA:86,3
DA:87,0
DA:90,0
DA:96,3
DA:98,3
DA:105,2
DA:107,2
DA:114,2
DA:116,2
DA:117,2
DA:121,1
DA:122,1
DA:126,1
DA:127,1
DA:139,6
DA:140,6
DA:143,6
DA:145,6
DA:146,3
DA:149,3
DA:150,3
DA:162,3
DA:163,3
DA:165,0
DA:166,0
DA:170,6
DA:174,6
DA:175,3
DA:176,3
DA:180,3
DA:186,3
DA:187,1
DA:188,1
DA:198,2
DA:200,2
DA:201,1
DA:202,1
DA:206,1
DA:207,1
DA:208,1
DA:209,1
DA:210,1
DA:211,1
DA:213,1
DA:215,1
DA:219,1
DA:220,1
DA:226,0
DA:231,1
DA:232,0
DA:233,0
DA:236,1
DA:237,1
DA:239,1
DA:245,1
DA:256,1
DA:258,1
DA:268,0
DA:269,0
DA:281,3
DA:282,3
DA:285,3
DA:290,3
DA:295,1
DA:301,3
DA:304,2
DA:305,2
DA:306,2
DA:307,2
DA:308,1
DA:309,1
DA:315,2
DA:318,2
DA:319,2
DA:320,0
DA:321,0
DA:325,2
DA:327,0
DA:330,2
DA:338,1
DA:339,1
DA:350,2
DA:351,2
DA:353,1
DA:354,1
DA:366,1
DA:367,1
DA:369,0
DA:370,0
DA:381,1
DA:383,1
DA:385,1
DA:386,0
DA:387,0
DA:391,1
DA:392,1
DA:394,0
DA:395,0
DA:405,1
DA:406,1
DA:408,0
DA:409,0
DA:414,2
LF:141
LH:121
BRDA:25,0,0,2
BRDA:31,1,0,1
BRDA:31,1,1,4
BRDA:31,2,0,5
BRDA:31,2,1,2
BRDA:37,3,0,2
BRDA:37,3,1,2
BRDA:43,4,0,1
BRDA:43,4,1,3
BRDA:50,5,0,1
BRDA:50,5,1,2
BRDA:65,6,0,1
BRDA:65,6,1,2
BRDA:74,7,0,1
BRDA:74,7,1,2
BRDA:78,8,0,1
BRDA:78,8,1,0
BRDA:86,9,0,0
BRDA:86,9,1,3
BRDA:90,10,0,0
BRDA:90,10,1,0
BRDA:96,11,0,1
BRDA:96,11,1,2
BRDA:105,12,0,1
BRDA:105,12,1,1
BRDA:114,13,0,1
BRDA:114,13,1,1
BRDA:140,14,0,6
BRDA:140,14,1,6
BRDA:145,15,0,3
BRDA:145,15,1,3
BRDA:152,16,0,3
BRDA:152,16,1,3
BRDA:152,16,2,0
BRDA:153,17,0,3
BRDA:153,17,1,3
BRDA:156,18,0,3
BRDA:156,18,1,3
BRDA:158,19,0,3
BRDA:158,19,1,1
BRDA:159,20,0,3
BRDA:159,20,1,3
BRDA:174,21,0,3
BRDA:174,21,1,3
BRDA:186,22,0,1
BRDA:186,22,1,2
BRDA:190,23,0,1
BRDA:190,23,1,1
BRDA:192,24,0,1
BRDA:192,24,1,0
BRDA:193,25,0,1
BRDA:193,25,1,0
BRDA:200,26,0,1
BRDA:200,26,1,1
BRDA:200,27,0,2
BRDA:200,27,1,2
BRDA:211,28,0,1
BRDA:211,28,1,0
BRDA:213,29,0,1
BRDA:213,29,1,0
BRDA:213,30,0,1
BRDA:213,30,1,1
BRDA:215,31,0,1
BRDA:215,31,1,0
BRDA:231,32,0,0
BRDA:231,32,1,1
BRDA:240,33,0,1
BRDA:240,33,1,0
BRDA:251,34,0,1
BRDA:251,34,1,0
BRDA:252,35,0,1
BRDA:252,35,1,0
BRDA:260,36,0,1
BRDA:260,36,1,1
BRDA:262,37,0,1
BRDA:262,37,1,0
BRDA:263,38,0,1
BRDA:263,38,1,0
BRDA:264,39,0,1
BRDA:264,39,1,0
BRDA:268,40,0,0
BRDA:268,40,1,0
BRDA:293,41,0,3
BRDA:293,41,1,2
BRDA:294,42,0,3
BRDA:294,42,1,2
BRDA:295,43,0,3
BRDA:295,43,1,1
BRDA:306,44,0,2
BRDA:306,44,1,0
BRDA:308,45,0,1
BRDA:308,45,1,0
BRDA:308,46,0,1
BRDA:308,46,1,1
BRDA:309,47,0,1
BRDA:309,47,1,0
BRDA:320,48,0,0
BRDA:320,48,1,0
BRDA:333,49,0,2
BRDA:333,49,1,1
BRDA:334,50,0,2
BRDA:334,50,1,2
BRDA:385,51,0,0
BRDA:385,51,1,1
BRF:104
BRH:79
end_of_record
TN:
SF:services/dataStorageService.js
FN:22,storeMeetingSummary
FN:84,getMeetingSummary
FN:135,storePreparationNote
FN:168,getPreparationNotes
FN:194,clearMeetingSummaryCache
FN:205,storeMeetingFromEvent
FN:231,ensureUserExists
FNF:7
FNH:0
FNDA:0,storeMeetingSummary
FNDA:0,getMeetingSummary
FNDA:0,storePreparationNote
FNDA:0,getPreparationNotes
FNDA:0,clearMeetingSummaryCache
FNDA:0,storeMeetingFromEvent
FNDA:0,ensureUserExists
DA:5,2
DA:6,2
DA:7,2
DA:8,2
DA:9,2
DA:12,2
DA:23,0
DA:24,0
DA:27,0
DA:30,0
DA:31,0
DA:33,0
DA:36,0
DA:43,0
DA:45,0
DA:49,0
DA:50,0
DA:52,0
DA:53,0
DA:57,0
DA:67,0
DA:69,0
DA:70,0
DA:72,0
DA:74,0
DA:75,0
DA:85,0
DA:86,0
DA:89,0
DA:90,0
DA:91,0
DA:92,0
DA:96,0
DA:97,0
DA:98,0
DA:99,0
DA:102,0
DA:103,0
DA:104,0
DA:105,0
DA:109,0
DA:117,0
DA:119,0
DA:120,0
DA:122,0
DA:123,0
DA:136,0
DA:137,0
DA:140,0
DA:141,0
DA:142,0
DA:143,0
DA:147,0
DA:154,0
DA:155,0
DA:157,0
DA:158,0
DA:169,0
DA:170,0
DA:173,0
DA:174,0
DA:175,0
DA:176,0
DA:180,0
DA:182,0
DA:183,0
DA:185,0
DA:186,0
DA:195,0
DA:196,0
DA:206,0
DA:207,0
DA:210,0
DA:211,0
DA:212,0
DA:216,0
DA:218,0
DA:219,0
DA:221,0
DA:222,0
DA:232,0
DA:234,0
DA:236,0
DA:237,0
DA:240,0
DA:246,0
DA:248,0
DA:251,0
DA:252,0
DA:256,2
LF:90
LH:7
BRDA:22,0,0,0
BRDA:30,1,0,0
BRDA:30,1,1,0
BRDA:30,2,0,0
BRDA:30,2,1,0
BRDA:49,3,0,0
BRDA:49,3,1,0
BRDA:60,4,0,0
BRDA:60,4,1,0
BRDA:62,5,0,0
BRDA:62,5,1,0
BRDA:63,6,0,0
BRDA:63,6,1,0
BRDA:90,7,0,0
BRDA:90,7,1,0
BRDA:97,8,0,0
BRDA:97,8,1,0
BRDA:103,9,0,0
BRDA:103,9,1,0
BRDA:112,10,0,0
BRDA:112,10,1,0
BRDA:113,11,0,0
BRDA:113,11,1,0
BRDA:135,12,0,0
BRDA:141,13,0,0
BRDA:141,13,1,0
BRDA:174,14,0,0
BRDA:174,14,1,0
BRDA:210,15,0,0
BRDA:210,15,1,0
BRDA:236,16,0,0
BRDA:236,16,1,0
BRF:32
BRH:0
end_of_record
TN:
SF:services/documentService.js
FN:15,clearDocumentCache
FN:31,createDocsClient
FN:51,extractDocumentIdFromUrl
FN:65,getDocumentsForEvent
FN:78,(anonymous_4)
FN:107,getDocumentContent
FN:169,extractDocumentContent
FN:178,(anonymous_7)
FN:180,(anonymous_8)
FN:197,clearCache
FN:207,getDocumentById
FN:218,refetchDocumentsForEvent
FN:230,(anonymous_12)
FN:232,(anonymous_13)
FN:233,(anonymous_14)
FNF:15
FNH:10
FNDA:0,clearDocumentCache
FNDA:2,createDocsClient
FNDA:2,extractDocumentIdFromUrl
FNDA:3,getDocumentsForEvent
FNDA:3,(anonymous_4)
FNDA:2,getDocumentContent
FNDA:3,extractDocumentContent
FNDA:3,(anonymous_7)
FNDA:3,(anonymous_8)
FNDA:1,clearCache
FNDA:2,getDocumentById
FNDA:0,refetchDocumentsForEvent
FNDA:0,(anonymous_12)
FNDA:0,(anonymous_13)
FNDA:0,(anonymous_14)
DA:6,2
DA:9,2
DA:16,0
DA:21,0
DA:23,0
DA:32,2
DA:38,2
DA:43,2
DA:52,2
DA:55,2
DA:56,2
DA:66,3
DA:67,1
DA:68,1
DA:71,2
DA:72,2
DA:74,2
DA:77,2
DA:78,1
DA:80,3
DA:81,2
DA:82,2
DA:83,2
DA:94,2
DA:95,1
DA:98,2
DA:108,2
DA:109,2
DA:112,2
DA:113,0
DA:114,0
DA:115,0
DA:118,2
DA:120,2
DA:121,2
DA:122,2
DA:123,2
DA:127,1
DA:128,1
DA:131,1
DA:132,1
DA:133,1
DA:137,1
DA:146,1
DA:154,1
DA:156,1
DA:157,1
DA:159,1
DA:160,1
DA:170,3
DA:171,0
DA:174,3
DA:175,3
DA:178,3
DA:179,3
DA:180,3
DA:181,3
DA:182,3
DA:188,3
DA:198,1
DA:208,2
DA:209,2
DA:219,0
DA:222,0
DA:225,0
DA:228,0
DA:229,0
DA:230,0
DA:231,0
DA:232,0
DA:233,0
DA:237,0
DA:240,2
LF:73
LH:56
BRDA:39,0,0,2
BRDA:39,0,1,0
BRDA:40,1,0,2
BRDA:40,1,1,0
BRDA:52,2,0,0
BRDA:52,2,1,2
BRDA:56,3,0,2
BRDA:56,3,1,0
BRDA:56,4,0,2
BRDA:56,4,1,2
BRDA:66,5,0,1
BRDA:66,5,1,2
BRDA:77,6,0,1
BRDA:77,6,1,1
BRDA:77,7,0,2
BRDA:77,7,1,1
BRDA:80,8,0,2
BRDA:80,8,1,1
BRDA:80,9,0,3
BRDA:80,9,1,2
BRDA:82,10,0,2
BRDA:82,10,1,0
BRDA:85,11,0,2
BRDA:85,11,1,0
BRDA:94,12,0,1
BRDA:94,12,1,1
BRDA:112,13,0,0
BRDA:112,13,1,2
BRDA:170,14,0,0
BRDA:170,14,1,3
BRDA:170,15,0,3
BRDA:170,15,1,3
BRDA:170,15,2,3
BRDA:174,16,0,3
BRDA:174,16,1,0
BRDA:179,17,0,3
BRDA:179,17,1,0
BRDA:181,18,0,3
BRDA:181,18,1,0
BRDA:181,19,0,3
BRDA:181,19,1,3
BRDA:228,20,0,0
BRDA:228,20,1,0
BRDA:228,21,0,0
BRDA:228,21,1,0
BRF:45
BRH:30
end_of_record
TN:
SF:services/litellmService.js
FN:59,getApiKeyForModel
FN:86,completionWithFallback
FN:172,getCacheKey
FN:180,clearMeetingCache
FN:182,(anonymous_4)
FN:193,generateSummary
FN:266,analyzeDocumentForMeeting
FN:282,generateMeetingSummary
FN:287,(anonymous_8)
FN:359,generateDailyBriefing
FN:369,(anonymous_10)
FN:374,(anonymous_11)
FNF:12
FNH:0
FNDA:0,getApiKeyForModel
FNDA:0,completionWithFallback
FNDA:0,getCacheKey
FNDA:0,clearMeetingCache
FNDA:0,(anonymous_4)
FNDA:0,generateSummary
FNDA:0,analyzeDocumentForMeeting
FNDA:0,generateMeetingSummary
FNDA:0,(anonymous_8)
FNDA:0,generateDailyBriefing
FNDA:0,(anonymous_10)
FNDA:0,(anonymous_11)
DA:1,3
DA:2,3
DA:3,3
DA:4,3
DA:7,3
DA:10,3
DA:13,3
DA:20,3
DA:23,3
DA:26,3
DA:27,0
DA:31,3
DA:32,3
DA:34,3
DA:35,1
DA:38,1
DA:39,1
DA:42,0
DA:47,3
DA:48,3
DA:49,3
DA:51,0
DA:61,0
DA:62,0
DA:63,0
DA:64,0
DA:68,0
DA:69,0
DA:87,0
DA:89,0
DA:90,0
DA:93,0
DA:101,0
DA:103,0
DA:104,0
DA:105,0
DA:109,0
DA:113,0
DA:114,0
DA:115,0
DA:117,0
DA:120,0
DA:125,0
DA:127,0
DA:130,0
DA:132,0
DA:134,0
DA:135,0
DA:138,0
DA:143,0
DA:145,0
DA:148,0
DA:154,0
DA:156,0
DA:157,0
DA:161,0
DA:173,0
DA:181,0
DA:182,0
DA:183,0
DA:194,0
DA:195,0
DA:198,0
DA:199,0
DA:200,0
DA:201,0
DA:204,0
DA:205,0
DA:210,0
DA:211,0
DA:212,0
DA:215,0
DA:216,0
DA:217,0
DA:218,0
DA:220,0
DA:223,0
DA:224,0
DA:226,0
DA:241,0
DA:243,0
DA:246,0
DA:247,0
DA:250,0
DA:252,0
DA:254,0
DA:255,0
DA:267,0
DA:268,0
DA:269,0
DA:271,0
DA:272,0
DA:283,0
DA:285,0
DA:287,0
DA:288,0
DA:295,0
DA:296,0
DA:297,0
DA:300,0
DA:301,0
DA:302,0
DA:303,0
DA:305,0
DA:308,0
DA:310,0
DA:326,0
DA:333,0
DA:336,0
DA:337,0
DA:338,0
DA:340,0
DA:342,0
DA:349,0
DA:350,0
DA:360,0
DA:362,0
DA:364,0
DA:366,0
DA:367,0
DA:369,0
DA:370,0
DA:374,0
DA:375,0
DA:382,0
DA:383,0
DA:384,0
DA:387,0
DA:388,0
DA:389,0
DA:390,0
DA:392,0
DA:395,0
DA:397,0
DA:422,0
DA:429,0
DA:432,0
DA:434,0
DA:437,0
DA:440,0
DA:441,0
DA:442,0
DA:443,0
DA:447,0
DA:450,0
DA:456,0
DA:457,0
DA:460,0
DA:467,0
DA:468,0
DA:472,3
LF:151
LH:20
BRDA:26,0,0,0
BRDA:26,0,1,3
BRDA:26,1,0,3
BRDA:26,1,1,3
BRDA:34,2,0,1
BRDA:34,2,1,2
BRDA:38,3,0,1
BRDA:38,3,1,0
BRDA:48,4,0,3
BRDA:48,4,1,0
BRDA:61,5,0,0
BRDA:61,5,1,0
BRDA:61,6,0,0
BRDA:61,6,1,0
BRDA:63,7,0,0
BRDA:63,7,1,0
BRDA:96,8,0,0
BRDA:96,8,1,0
BRDA:97,9,0,0
BRDA:97,9,1,0
BRDA:101,10,0,0
BRDA:101,10,1,0
BRDA:104,11,0,0
BRDA:104,11,1,0
BRDA:132,12,0,0
BRDA:132,12,1,0
BRDA:132,13,0,0
BRDA:132,13,1,0
BRDA:199,14,0,0
BRDA:199,14,1,0
BRDA:210,15,0,0
BRDA:210,15,1,0
BRDA:210,16,0,0
BRDA:210,16,1,0
BRDA:215,17,0,0
BRDA:215,17,1,0
BRDA:217,18,0,0
BRDA:217,18,1,0
BRDA:217,19,0,0
BRDA:217,19,1,0
BRDA:220,20,0,0
BRDA:220,20,1,0
BRDA:295,21,0,0
BRDA:295,21,1,0
BRDA:295,22,0,0
BRDA:295,22,1,0
BRDA:300,23,0,0
BRDA:300,23,1,0
BRDA:302,24,0,0
BRDA:302,24,1,0
BRDA:302,25,0,0
BRDA:302,25,1,0
BRDA:305,26,0,0
BRDA:305,26,1,0
BRDA:360,27,0,0
BRDA:382,28,0,0
BRDA:382,28,1,0
BRDA:382,29,0,0
BRDA:382,29,1,0
BRDA:387,30,0,0
BRDA:387,30,1,0
BRDA:389,31,0,0
BRDA:389,31,1,0
BRDA:389,32,0,0
BRDA:389,32,1,0
BRDA:392,33,0,0
BRDA:392,33,1,0
BRDA:440,34,0,0
BRDA:440,34,1,0
BRDA:442,35,0,0
BRDA:442,35,1,0
BRDA:451,36,0,0
BRDA:451,36,1,0
BRDA:452,37,0,0
BRDA:452,37,1,0
BRDA:453,38,0,0
BRDA:453,38,1,0
BRF:77
BRH:7
end_of_record
TN:
SF:services/meetingPrepService.js
FN:15,clearPrepCache
FN:49,prepareMeetingMaterials
FN:106,(anonymous_2)
FN:155,(anonymous_3)
FN:240,(anonymous_4)
FN:247,(anonymous_5)
FN:256,(anonymous_6)
FN:257,(anonymous_7)
FN:265,(anonymous_8)
FN:273,(anonymous_9)
FN:289,(anonymous_10)
FN:290,(anonymous_11)
FN:297,(anonymous_12)
FN:322,(anonymous_13)
FN:345,saveUserNotes
FN:374,getUserNotes
FN:412,checkPrepExists
FNF:17
FNH:14
FNDA:1,clearPrepCache
FNDA:4,prepareMeetingMaterials
FNDA:0,(anonymous_2)
FNDA:3,(anonymous_3)
FNDA:3,(anonymous_4)
FNDA:0,(anonymous_5)
FNDA:3,(anonymous_6)
FNDA:3,(anonymous_7)
FNDA:3,(anonymous_8)
FNDA:3,(anonymous_9)
FNDA:2,(anonymous_10)
FNDA:2,(anonymous_11)
FNDA:2,(anonymous_12)
FNDA:3,(anonymous_13)
FNDA:1,saveUserNotes
FNDA:1,getUserNotes
FNDA:0,checkPrepExists
DA:1,3
DA:2,3
DA:3,3
DA:4,3
DA:5,3
DA:8,3
DA:16,1
DA:19,1
DA:20,1
DA:23,1
DA:24,1
DA:27,1
DA:28,1
DA:31,1
DA:32,0
DA:36,1
DA:39,1
DA:50,4
DA:52,4
DA:59,4
DA:60,4
DA:61,4
DA:64,4
DA:65,0
DA:66,0
DA:68,4
DA:69,4
DA:73,0
DA:74,0
DA:77,4
DA:78,4
DA:81,4
DA:83,4
DA:84,4
DA:85,1
DA:86,1
DA:90,3
DA:91,3
DA:92,3
DA:93,3
DA:94,0
DA:97,0
DA:98,0
DA:101,0
DA:106,0
DA:110,0
DA:112,0
DA:115,0
DA:119,0
DA:122,3
DA:124,3
DA:126,3
DA:127,3
DA:128,3
DA:129,0
DA:130,0
DA:139,3
DA:140,3
DA:141,3
DA:143,3
DA:144,1
DA:153,2
DA:154,2
DA:156,3
DA:158,3
DA:159,3
DA:161,3
DA:171,3
DA:172,0
DA:173,0
DA:183,3
DA:185,3
DA:187,3
DA:188,0
DA:190,0
DA:191,0
DA:195,3
DA:196,3
DA:200,0
DA:202,0
DA:206,0
DA:207,0
DA:210,3
DA:216,3
DA:217,3
DA:224,3
DA:229,3
DA:231,3
DA:240,3
DA:242,2
DA:243,0
DA:247,0
DA:252,2
DA:255,2
DA:256,3
DA:257,3
DA:260,2
DA:265,3
DA:272,2
DA:273,3
DA:281,2
DA:283,1
DA:284,1
DA:285,1
DA:286,1
DA:289,2
DA:290,2
DA:293,1
DA:294,1
DA:297,1
DA:298,2
DA:301,1
DA:302,1
DA:303,1
DA:307,2
DA:308,2
DA:311,2
DA:312,2
DA:314,2
DA:315,2
DA:317,2
DA:318,2
DA:322,3
DA:323,2
DA:327,0
DA:330,2
DA:331,2
DA:333,0
DA:334,0
DA:346,1
DA:348,1
DA:349,1
DA:352,1
DA:353,0
DA:354,0
DA:356,0
DA:361,1
DA:363,0
DA:364,0
DA:375,1
DA:377,1
DA:378,1
DA:379,1
DA:380,1
DA:384,0
DA:385,0
DA:386,0
DA:387,0
DA:389,0
DA:391,0
DA:392,0
DA:395,0
DA:400,0
DA:402,0
DA:403,0
DA:414,0
DA:415,0
DA:416,0
DA:417,0
DA:421,0
DA:422,0
DA:423,0
DA:424,0
DA:425,0
DA:426,0
DA:429,0
DA:432,0
DA:433,0
DA:436,3
LF:169
LH:110
BRDA:15,0,0,1
BRDA:31,1,0,0
BRDA:31,1,1,1
BRDA:49,2,0,4
BRDA:59,3,0,4
BRDA:59,3,1,0
BRDA:59,4,0,4
BRDA:59,4,1,0
BRDA:61,5,0,4
BRDA:61,5,1,4
BRDA:64,6,0,0
BRDA:64,6,1,4
BRDA:81,7,0,4
BRDA:81,7,1,0
BRDA:84,8,0,1
BRDA:84,8,1,3
BRDA:93,9,0,0
BRDA:93,9,1,3
BRDA:98,10,0,0
BRDA:98,10,1,0
BRDA:104,11,0,0
BRDA:104,11,1,0
BRDA:105,12,0,0
BRDA:105,12,1,0
BRDA:128,13,0,0
BRDA:128,13,1,3
BRDA:141,14,0,3
BRDA:141,14,1,0
BRDA:143,15,0,1
BRDA:143,15,1,2
BRDA:143,16,0,3
BRDA:143,16,1,3
BRDA:165,17,0,3
BRDA:165,17,1,0
BRDA:166,18,0,0
BRDA:166,18,1,3
BRDA:167,19,0,0
BRDA:167,19,1,3
BRDA:168,20,0,3
BRDA:168,20,1,0
BRDA:171,21,0,0
BRDA:171,21,1,3
BRDA:171,22,0,3
BRDA:171,22,1,3
BRDA:185,23,0,3
BRDA:185,23,1,0
BRDA:187,24,0,0
BRDA:187,24,1,3
BRDA:190,25,0,0
BRDA:190,25,1,0
BRDA:195,26,0,3
BRDA:195,26,1,0
BRDA:219,27,0,3
BRDA:219,27,1,0
BRDA:220,28,0,3
BRDA:220,28,1,0
BRDA:242,29,0,0
BRDA:242,29,1,2
BRDA:256,30,0,3
BRDA:256,30,1,3
BRDA:277,31,0,3
BRDA:277,31,1,0
BRDA:281,32,0,1
BRDA:281,32,1,1
BRDA:315,33,0,2
BRDA:315,33,1,0
BRDA:352,34,0,0
BRDA:352,34,1,1
BRDA:379,35,0,1
BRDA:379,35,1,0
BRDA:384,36,0,0
BRDA:384,36,1,0
BRDA:387,37,0,0
BRDA:387,37,1,0
BRDA:387,38,0,0
BRDA:387,38,1,0
BRDA:415,39,0,0
BRDA:415,39,1,0
BRDA:424,40,0,0
BRDA:424,40,1,0
BRF:80
BRH:39
end_of_record
TN:
SF:services/openaiService.js
FN:23,getOpenAIClient
FN:45,getCacheKey
FN:53,clearMeetingCache
FN:55,(anonymous_3)
FN:66,generateSummary
FN:125,extractKeyTopics
FN:172,(anonymous_6)
FN:194,generatePreparationSuggestions
FN:239,(anonymous_8)
FN:240,(anonymous_9)
FN:262,analyzeDocumentForMeeting
FN:300,generateMeetingSummary
FN:308,(anonymous_12)
FN:371,generateDailyBriefing
FN:381,(anonymous_14)
FN:385,(anonymous_15)
FNF:16
FNH:6
FNDA:4,getOpenAIClient
FNDA:3,getCacheKey
FNDA:1,clearMeetingCache
FNDA:3,(anonymous_3)
FNDA:2,generateSummary
FNDA:1,extractKeyTopics
FNDA:0,(anonymous_6)
FNDA:0,generatePreparationSuggestions
FNDA:0,(anonymous_8)
FNDA:0,(anonymous_9)
FNDA:0,analyzeDocumentForMeeting
FNDA:0,generateMeetingSummary
FNDA:0,(anonymous_12)
FNDA:0,generateDailyBriefing
FNDA:0,(anonymous_14)
FNDA:0,(anonymous_15)
DA:1,2
DA:2,2
DA:3,2
DA:4,2
DA:7,2
DA:14,2
DA:24,4
DA:25,1
DA:26,1
DA:29,1
DA:31,0
DA:32,0
DA:35,4
DA:46,3
DA:54,1
DA:55,3
DA:56,1
DA:67,2
DA:68,2
DA:71,2
DA:72,2
DA:73,1
DA:74,1
DA:77,1
DA:78,1
DA:80,1
DA:82,1
DA:83,1
DA:85,1
DA:100,1
DA:102,1
DA:105,1
DA:106,1
DA:109,1
DA:111,1
DA:113,0
DA:114,0
DA:126,1
DA:129,1
DA:130,1
DA:131,0
DA:134,1
DA:136,1
DA:138,1
DA:139,1
DA:141,1
DA:157,1
DA:160,1
DA:161,1
DA:163,1
DA:164,1
DA:165,1
DA:166,1
DA:167,1
DA:169,0
DA:171,0
DA:172,0
DA:174,0
DA:178,1
DA:180,1
DA:182,0
DA:183,0
DA:195,0
DA:198,0
DA:199,0
DA:200,0
DA:203,0
DA:205,0
DA:207,0
DA:208,0
DA:210,0
DA:224,0
DA:227,0
DA:228,0
DA:230,0
DA:231,0
DA:232,0
DA:233,0
DA:234,0
DA:236,0
DA:238,0
DA:239,0
DA:240,0
DA:242,0
DA:246,0
DA:248,0
DA:250,0
DA:251,0
DA:263,0
DA:266,0
DA:267,0
DA:268,0
DA:272,0
DA:273,0
DA:274,0
DA:276,0
DA:278,0
DA:279,0
DA:281,0
DA:282,0
DA:289,0
DA:290,0
DA:301,0
DA:303,0
DA:305,0
DA:308,0
DA:309,0
DA:312,0
DA:328,0
DA:344,0
DA:346,0
DA:347,0
DA:348,0
DA:349,0
DA:351,0
DA:353,0
DA:361,0
DA:362,0
DA:372,0
DA:374,0
DA:376,0
DA:378,0
DA:381,0
DA:382,0
DA:385,0
DA:386,0
DA:389,0
DA:391,0
DA:414,0
DA:430,0
DA:432,0
DA:434,0
DA:437,0
DA:438,0
DA:440,0
DA:442,0
DA:445,0
DA:446,0
DA:447,0
DA:449,0
DA:450,0
DA:453,0
DA:459,0
DA:460,0
DA:464,2
LF:145
LH:52
BRDA:24,0,0,1
BRDA:24,0,1,3
BRDA:72,1,0,1
BRDA:72,1,1,1
BRDA:82,2,0,1
BRDA:82,2,1,0
BRDA:130,3,0,0
BRDA:130,3,1,1
BRDA:139,4,0,1
BRDA:139,4,1,0
BRDA:166,5,0,1
BRDA:166,5,1,0
BRDA:199,6,0,0
BRDA:199,6,1,0
BRDA:208,7,0,0
BRDA:208,7,1,0
BRDA:233,8,0,0
BRDA:233,8,1,0
BRDA:239,9,0,0
BRDA:239,9,1,0
BRDA:266,10,0,0
BRDA:266,10,1,0
BRDA:329,11,0,0
BRDA:329,11,1,0
BRDA:389,12,0,0
BRDA:389,12,1,0
BRDA:415,13,0,0
BRDA:415,13,1,0
BRDA:440,14,0,0
BRDA:440,14,1,0
BRDA:440,15,0,0
BRDA:440,15,1,0
BRDA:440,15,2,0
BRF:33
BRH:8
end_of_record
TN:
SF:utils/dateUtils.js
FN:12,formatDate
FN:24,(anonymous_1)
FN:36,getLocalISODateString
FN:50,formatTime
FN:66,formatDateRange
FN:84,isAllDayEvent
FN:110,groupEventsByDay
FN:113,(anonymous_7)
FN:136,getWeekDays
FN:168,getWeekDateRangeText
FN:186,isToday
FNF:11
FNH:9
FNDA:51,formatDate
FNDA:204,(anonymous_1)
FNDA:18,getLocalISODateString
FNDA:3,formatTime
FNDA:1,formatDateRange
FNDA:3,isAllDayEvent
FNDA:1,groupEventsByDay
FNDA:3,(anonymous_7)
FNDA:3,getWeekDays
FNDA:0,getWeekDateRangeText
FNDA:0,isToday
DA:13,51
DA:20,51
DA:23,51
DA:24,204
DA:27,51
DA:39,18
DA:40,18
DA:41,18
DA:42,18
DA:51,3
DA:53,3
DA:67,1
DA:68,1
DA:71,1
DA:72,0
DA:75,1
DA:85,3
DA:86,3
DA:92,3
DA:96,3
DA:100,3
DA:102,3
DA:111,1
DA:113,1
DA:114,3
DA:115,3
DA:117,3
DA:118,2
DA:125,3
DA:128,1
DA:137,3
DA:138,3
DA:141,3
DA:143,3
DA:146,3
DA:147,15
DA:148,15
DA:150,15
DA:160,3
DA:169,0
DA:170,0
DA:171,0
DA:174,0
DA:175,0
DA:177,0
DA:187,0
DA:188,0
DA:190,0
DA:191,0
DA:192,0
DA:193,0
DA:195,0
DA:198,3
LF:53
LH:39
BRDA:12,0,0,5
BRDA:51,1,0,0
BRDA:51,1,1,3
BRDA:67,2,0,1
BRDA:67,2,1,0
BRDA:68,3,0,1
BRDA:68,3,1,0
BRDA:71,4,0,0
BRDA:71,4,1,1
BRDA:85,5,0,2
BRDA:85,5,1,1
BRDA:86,6,0,2
BRDA:86,6,1,1
BRDA:92,7,0,3
BRDA:92,7,1,1
BRDA:92,7,2,1
BRDA:96,8,0,3
BRDA:96,8,1,2
BRDA:96,8,2,1
BRDA:102,9,0,3
BRDA:102,9,1,1
BRDA:102,9,2,1
BRDA:117,10,0,2
BRDA:117,10,1,1
BRDA:136,11,0,0
BRDA:141,12,0,0
BRDA:141,12,1,3
BRDA:141,13,0,0
BRDA:141,13,1,3
BRDA:168,14,0,0
BRDA:174,15,0,0
BRDA:174,15,1,0
BRDA:190,16,0,0
BRDA:190,16,1,0
BRDA:192,17,0,0
BRDA:192,17,1,0
BRF:36
BRH:22
end_of_record
